 1  -4.132558725500559   0.000000002582610
 2  -4.102312392200560   0.001077219605008
 3  -4.012236392200549   0.004312384151575
 4  -3.867600058800548   0.009279176038817
 5  -3.665976725500556   0.013960390989851
 6  -3.420856058800553   0.016203461858495
 7  -3.135295392200561   0.013543384429497
 8  -2.828529058800555   0.005015545310656
 9  -2.514329725500559  -0.008372283267732
 10  -2.197780725500550  -0.028960836975628
 11  -1.898506058800550  -0.057389745610777
 12  -1.609102725500549  -0.085656919926294
 13  -1.367245058800549  -0.114307051598431
 14  -1.158465058800559  -0.142914229356165
 15  -1.008194058800555  -0.166041861607326
 16  -0.897190392200557  -0.187557857234864
 17  -0.814893392200560  -0.209670885621307
 18  -0.777531392200558  -0.227640051653765
 19  -0.775645392200559  -0.238011227847593
 20  -0.800793392200561  -0.248513203551653
 21  -0.863561392200552  -0.255608591461552
 22  -0.954545725500552  -0.260464834860301
 23  -1.062292392200547  -0.263983550524401
 24  -1.173029725500555  -0.270441696333478
 25  -1.263448058800549  -0.278956466926076
 26  -1.336775725500559  -0.293419340928466
 27  -1.378330725500561  -0.309330985328600
 28  -1.399022058800554  -0.325593145593373
 29  -1.403996725500548  -0.343370201045431
 30  -1.390699725500554  -0.361350254666789
 31  -1.357903058800559  -0.379963243182019
 32  -1.317496058800558  -0.396943186212525
 33  -1.276192725500550  -0.413822006451852
 34  -1.235987725500550  -0.429360102102379
 35  -1.194268058800560  -0.443150508292320
 36  -1.188921725500549  -0.451173245827007
 37  -1.195347058800550  -0.450989979685275
 38  -1.219976058800555  -0.442954689784244
 39  -1.255360392200558  -0.433817295985918
 40  -1.289874392200559  -0.422045042087859
 41  -1.332353392200559  -0.408556913765054
 42  -1.391674725500550  -0.392801100540950
 43  -1.465582058800550  -0.379389804008554
 44  -1.549426725500552  -0.369086708702710
 45  -1.630955392200548  -0.361952188174712
 46  -1.706048392200557  -0.360476166224032
 47  -1.766454058800548  -0.360727865801579
 48  -1.814477725500552  -0.361883259910840
 49  -1.857892392200554  -0.363003765395362
 50  -1.899532058800560  -0.363338888486922
 51  -1.919782725500554  -0.357866610694387
 52  -1.928974725500552  -0.348889067424508
 53  -1.928269725500556  -0.334204036458786
 54  -1.907097392200555  -0.313544604440679
 55  -1.862889392200557  -0.289233157239281
 56  -1.793179725500551  -0.263322695498459
 57  -1.710974725500549  -0.234612754570179
 58  -1.619150058800557  -0.209583630183289
 59  -1.523092058800557  -0.185516934506552
 60  -1.432847725500551  -0.162692109307287
 61  -1.350318392200549  -0.141380078500504
 62  -1.278847725500555  -0.123843019799494
 63  -1.214434058800549  -0.104359274665555
 64  -1.169872392200560  -0.087375766300781
 65  -1.147886058800552  -0.072262199159496
 66  -1.142198058800560  -0.057326735195787
 67  -1.139377058800548  -0.041323431257084
 68  -1.142101725500552  -0.029006281334119
 69  -1.151848058800553  -0.020072944160873
 70  -1.170846725500553  -0.013993623092219
 71  -1.197911725500560  -0.011264265149293
 72  -1.234796725500559  -0.007833967725233
 73  -1.259096058800552  -0.010708171170322
 74  -1.292754392200550  -0.017190840062881
 75  -1.324573392200548  -0.027345701799391
 76  -1.350284392200550  -0.042363393676425
 77  -1.372996392200548  -0.060539045744036
 78  -1.403696725500552  -0.081698145509492
 79  -1.435748392200551  -0.107648878632588
 80  -1.464816058800551  -0.134797400364036
 81  -1.484936725500560  -0.166569173159928
 82  -1.498243058800554  -0.200534794850000
 83  -1.489669725500548  -0.234596193663307
 84  -1.472666392200551  -0.272016216803920
 85  -1.444871725500548  -0.309922136344426
 86  -1.408258725500559  -0.348834347155375
 87  -1.361514392200547  -0.385582216271359
 88  -1.310456058800554  -0.419136556299776
 89  -1.264897725500560  -0.450240674595250
 90  -1.208256058800558  -0.477739730364675
 91  -1.168420392200559  -0.499125610866571
 92  -1.121199725500560  -0.524644977216923
 93  -1.077365058800552  -0.544555322941207
 94  -1.047582058800558  -0.557177590224242
 95  -1.035354058800550  -0.563119265060081
 96  -1.032528725500555  -0.563353944585074
 97  -1.051256725500551  -0.556446377589708
 98  -1.082168392200558  -0.542286671489464
 99  -1.111019725500555  -0.521661685890749
 100  -1.136724725500557  -0.498016613369074
 101  -1.178386058800555  -0.469042805200687
 102  -1.234876058800552  -0.438171676348361
 103  -1.292497058800549  -0.408466400848468
 104  -1.355192058800554  -0.376987516278149
 105  -1.417096725500556  -0.343874876552192
 106  -1.475314392200559  -0.315738061016461
 107  -1.529103392200554  -0.292086175508175
 108  -1.579131392200551  -0.270228676901908
 109  -1.605970058800551  -0.252554990011404
 110  -1.629849058800559  -0.240522901188200
 111  -1.646334392200558  -0.234668162368223
 112  -1.659847058800551  -0.234904096462074
 113  -1.664630392200550  -0.239464508037472
 114  -1.653358725500553  -0.245567116537885
 115  -1.641825058800549  -0.253215307349549
 116  -1.618832725500553  -0.261755361064971
 117  -1.593383392200550  -0.270190161583656
 118  -1.558884392200554  -0.274421170583338
 119  -1.520466725500555  -0.270607839493508
 120  -1.488486725500550  -0.263848741169298
 121  -1.454919392200551  -0.254660364159548
 122  -1.406474725500559  -0.239110548221475
 123  -1.370725392200555  -0.221320873341284
 124  -1.332064058800555  -0.198927639214745
 125  -1.307855725500559  -0.178010310555564
 126  -1.283478725500558  -0.163185827092192
 127  -1.252613392200558  -0.157734534302975
 128  -1.207339392200552  -0.151715144312163
 129  -1.158417392200548  -0.147993435230063
 130  -1.109407725500560  -0.148080408437920
 131  -1.067194392200548  -0.148057443641974
 132  -1.031150058800549  -0.152980606831335
 133  -0.984847725500558  -0.162348097895759
 134  -0.919836392200551  -0.172038154741728
 135  -0.856753392200559  -0.186645860594169
 136  -0.784863725500557  -0.204361933991535
 137  -0.712862058800553  -0.221876902963857
 138  -0.651069392200554  -0.239704225752874
 139  -0.595961725500558  -0.257016104083391
 140  -0.547211058800556  -0.275382406370568
 141  -0.522963392200552  -0.293801441831818
 142  -0.515566725500548  -0.312094718213444
 143  -0.514137392200553  -0.327969599063138
 144  -0.534617058800549  -0.338442283115441
 145  -0.556674725500557  -0.345971861811563
 146  -0.598884392200560  -0.348691857429131
 147  -0.646927058800557  -0.347392138623292
 148  -0.709334392200560  -0.343154891159557
 149  -0.764436725500559  -0.338749948985367
 150  -0.820874392200551  -0.334118810575120
 151  -0.875654392200559  -0.325540504236329
 152  -0.912665725500560  -0.324499086453017
 153  -0.941334725500553  -0.323624570974133
 154  -0.955843392200549  -0.324920423439337
 155  -0.961385058800559  -0.331265572912400
 156  -0.960129392200557  -0.337006097718941
 157  -0.975295725500558  -0.340508656113911
 158  -0.993592058800559  -0.338353852503374
 159  -1.006184392200552  -0.336025988609379
 160  -1.009526392200556  -0.333399098889785
 161  -1.016236058800558  -0.331354367872706
 162  -1.022683392200548  -0.332384123937914
 163  -1.022902058800554  -0.337857512187639
 164  -1.029771725500552  -0.343910881434724
 165  -1.018359058800556  -0.351486819290159
 166  -1.011641725500553  -0.360370882319927
 167  -1.005459058800554  -0.371635731282069
 168  -0.993514392200552  -0.382206210192976
 169  -0.990572392200548  -0.388212020214866
 170  -0.982030058800561  -0.393490890638219
 171  -0.987856725500549  -0.396985952591749
 172  -1.005948058800556  -0.396910428151159
 173  -1.032428725500552  -0.389611812396979
 174  -1.058870725500554  -0.377664750441141
 175  -1.081564392200548  -0.359228402065114
 176  -1.109307725500557  -0.339401602825092
 177  -1.135027058800560  -0.316903493871351
 178  -1.160713725500557  -0.292836683866113
 179  -1.185936058800550  -0.265225338535743
 180  -1.204278725500558  -0.236809901744905
 181  -1.207996725500550  -0.212152130802096
 182  -1.194825725500550  -0.190981052509159
 183  -1.172168392200561  -0.171917484818081
 184  -1.148158725500551  -0.155962278775391
 185  -1.121532058800554  -0.143073354806262
 186  -1.065049058800554  -0.136275479600471
 187  -1.007469392200548  -0.133432353472998
 188  -0.940192392200558  -0.132700663742369
 189  -0.869876725500561  -0.138576837255613
 190  -0.797762725500547  -0.146824082452753
 191  -0.728256392200549  -0.157890172813495
 192  -0.656432058800547  -0.168690252415601
 193  -0.596460392200555  -0.182226172085279
 194  -0.533736392200552  -0.200154336858603
 195  -0.486606725500550  -0.218660932017826
 196  -0.459757392200558  -0.233711028047722
 197  -0.437335392200552  -0.242954329307778
 198  -0.411421058800556  -0.248174797430110
 199  -0.422669058800551  -0.249596490105247
 200  -0.441592058800552  -0.247264223183009
 201  -0.479281058800552  -0.243309797214565
 202  -0.524313725500548  -0.237289544153015
 203  -0.571005725500555  -0.229055259107184
 204  -0.612753058800550  -0.224122922487922
 205  -0.645429058800559  -0.220049696711044
 206  -0.660709058800549  -0.218712341167290
 207  -0.656274392200558  -0.223111970323870
 208  -0.636017725500551  -0.232043077731674
 209  -0.603982058800554  -0.239421337427416
 210  -0.572274392200555  -0.248147565510692
 211  -0.514623392200548  -0.260267428020398
 212  -0.437087725500561  -0.273192146648555
 213  -0.338097392200552  -0.289729826403629
 214  -0.221134058800558  -0.307447874064195
 215  -0.102369058800548  -0.329388082333466
 216   0.025814607799447  -0.349988930123644
 217   0.143405941199447  -0.367205924208591
 218   0.235816607799450  -0.379851877055799
 219   0.317474607799440  -0.394745512885308
 220   0.367878274499446  -0.408141993611352
 221   0.370514607799450  -0.412315593989618
 222   0.317073607799443  -0.413876063586926
 223   0.237103274499447  -0.412954073135339
 224   0.154797607799452  -0.415545532029810
 225   0.067083941199442  -0.412677313637047
 226  -0.022515725500554  -0.414589235922492
 227  -0.134302392200553  -0.414654473104193
 228  -0.257906725500547  -0.411379645871023
 229  -0.385206058800549  -0.404630786991660
 230  -0.490587392200553  -0.398411899929371
 231  -0.566332058800555  -0.394307849432010
 232  -0.649069392200559  -0.389202778185776
 233  -0.723064392200556  -0.380188842548137
 234  -0.779718058800555  -0.369689370166412
 235  -0.822501058800555  -0.357832485881318
 236  -0.837088725500550  -0.346516910012141
 237  -0.847035725500561  -0.334577975730753
 238  -0.850278392200551  -0.321343311268350
 239  -0.851958725500552  -0.303564777010251
 240  -0.869142392200558  -0.283102580461886
 241  -0.857915725500547  -0.261007103121671
 242  -0.834843725500548  -0.239986442328373
 243  -0.808563725500548  -0.218875586216981
 244  -0.791603725500551  -0.193864420849977
 245  -0.765778725500553  -0.170520535406055
 246  -0.716254392200554  -0.149539845597388
 247  -0.640146725500557  -0.134230827602423
 248  -0.549447058800553  -0.126071476705889
 249  -0.441194058800548  -0.124252859721011
 250  -0.308782392200555  -0.131409815100128
 251  -0.169802725500560  -0.145904533428578
 252  -0.033638058800548  -0.165213961423959
 253   0.106417274499449  -0.190426255370312
 254   0.244573607799452  -0.225170383056550
 255   0.380785607799453  -0.262110015908064
 256   0.497357274499450  -0.299666748861128
 257   0.587383274499444  -0.333091040647858
 258   0.650097274499444  -0.365840232264901
 259   0.678231607799447  -0.399445597720288
 260   0.695349607799443  -0.431905269384629
 261   0.668880607799451  -0.455697650916179
 262   0.613475607799444  -0.471242954835660
 263   0.541178941199448  -0.481720834502397
 264   0.453272274499440  -0.481027717296016
 265   0.335525607799440  -0.473844465346232
 266   0.213304941199439  -0.460495332726808
 267   0.072098941199442  -0.446385103082008
 268  -0.048990392200551  -0.434626384911311
 269  -0.176319058800559  -0.419913003459072
 270  -0.301152725500557  -0.405485201432128
 271  -0.418912725500547  -0.390259948832650
 272  -0.536178392200554  -0.380335609461284
 273  -0.635744392200550  -0.373523847418127
 274  -0.734613392200558  -0.367092075362038
 275  -0.820643725500560  -0.362199632247197
 276  -0.885368725500555  -0.364301094814294
 277  -0.942385392200549  -0.368780892605812
 278  -0.984844725500551  -0.373657490647332
 279  -0.996302725500556  -0.382486837597284
 280  -0.996254392200555  -0.388271368684514
 281  -0.991708058800555  -0.386981578469900
 282  -0.965031392200558  -0.386592656631521
 283  -0.946180058800550  -0.383343374761850
 284  -0.909980058800556  -0.376080021063459
 285  -0.877576725500560  -0.359104774098029
 286  -0.830401058800561  -0.338873053678398
 287  -0.794941058800561  -0.313792675932945
 288  -0.778688058800554  -0.286997819939771
 289  -0.764044392200560  -0.261120487568888
 290  -0.753494392200551  -0.235488416371538
 291  -0.752891725500561  -0.211901854711144
 292  -0.737296058800553  -0.196306718417858
 293  -0.716646392200559  -0.180376432520234
 294  -0.681125392200556  -0.169462352022592
 295  -0.654388725500553  -0.164844058992557
 296  -0.615875725500558  -0.164803970059921
 297  -0.584448058800561  -0.168650495285192
 298  -0.545594392200556  -0.171186577602001
 299  -0.512786392200553  -0.170831161164983
 300  -0.482558058800549  -0.171573266543831
 301  -0.471206725500551  -0.166055632718326
 302  -0.457835725500559  -0.154259723854381
 303  -0.461631058800549  -0.141941932247278
 304  -0.489239725500553  -0.125134171693162
 305  -0.534069725500558  -0.110638320858826
 306  -0.574067058800551  -0.097748121759054
 307  -0.630155058800554  -0.087976110675385
 308  -0.691600725500550  -0.081512888439477
 309  -0.755527392200548  -0.079310932459634
 310  -0.819843392200553  -0.084462840701804
 311  -0.881745058800547  -0.092981908603974
 312  -0.947112392200552  -0.107971022924701
 313  -1.006238392200558  -0.125714508346690
 314  -1.089290058800557  -0.143067268619262
 315  -1.168573392200557  -0.160887833980766
 316  -1.226455725500557  -0.176927190394565
 317  -1.275431725500553  -0.188520226567590
 318  -1.298127392200556  -0.194990508212896
 319  -1.308351392200549  -0.195980569976257
 320  -1.309594392200552  -0.193975697602085
 321  -1.303900725500554  -0.190882657257674
 322  -1.286522392200553  -0.186385357226698
 323  -1.257849725500549  -0.183494236114285
 324  -1.202819725500561  -0.180565819700945
 325  -1.141251725500553  -0.176499435485809
 326  -1.063690058800560  -0.176022618025556
 327  -0.986051392200551  -0.180662179640237
 328  -0.924562058800561  -0.190439594946156
 329  -0.859492392200551  -0.204152100255072
 330  -0.798446392200560  -0.218269338313689
 331  -0.758841392200551  -0.234577984278815
 332  -0.713116725500555  -0.249768731759858
 333  -0.679410058800556  -0.264119561512345
 334  -0.646435725500552  -0.276119878797203
 335  -0.630531392200552  -0.285400205646340
 336  -0.625167725500560  -0.287845899771270
 337  -0.607080725500552  -0.287030596111904
 338  -0.595192058800549  -0.285967459278822
 339  -0.596800058800554  -0.278998425423808
 340  -0.606731058800548  -0.265720501959322
 341  -0.612566392200549  -0.250423235612971
 342  -0.630812392200554  -0.229506211663562
 343  -0.642909058800555  -0.203242276613523
 344  -0.648593058800557  -0.174269866646426
 345  -0.632344392200551  -0.141916239477993
 346  -0.608591392200552  -0.108402465279397
 347  -0.577722058800560  -0.073339688275325
 348  -0.537715058800558  -0.041453863252642
 349  -0.489968392200552  -0.013248030330573
 350  -0.441075058800550   0.006721506973761
 351  -0.402562058800555   0.019269071302290
 352  -0.367733725500557   0.023116200660709
 353  -0.338185725500551   0.020018718800657
 354  -0.311116725500554   0.010650016473846
 355  -0.291362392200554  -0.004905642005966
 356  -0.265461392200550  -0.023843728519637
 357  -0.232308392200551  -0.044206842793457
 358  -0.208347392200551  -0.064341686146093
 359  -0.197583725500550  -0.086915519765839
 360  -0.223060725500559  -0.106165162933351
 361  -0.270012392200556  -0.117640080487362
 362  -0.332277058800557  -0.132051829723025
 363  -0.413189058800555  -0.143840068028865
 364  -0.484235392200560  -0.152329596168144
 365  -0.561494058800548  -0.158645394992448
 366  -0.630527058800553  -0.160687078835991
 367  -0.705606392200551  -0.157955672729486
 368  -0.778699058800555  -0.153107095658783
 369  -0.835849725500552  -0.145406617341621
 370  -0.888845392200551  -0.135823822452409
 371  -0.948475725500558  -0.125320618598465
 372  -0.991510392200553  -0.114259243125858
 373  -1.041755392200557  -0.099626563058976
 374  -1.057665058800552  -0.085569939791597
 375  -1.047404392200548  -0.073229743230669
 376  -1.004663058800560  -0.061756589970230
 377  -0.956244725500554  -0.049979788905134
 378  -0.901834725500549  -0.043638041441326
 379  -0.843419392200559  -0.041395937074242
 380  -0.784314058800561  -0.045454830449501
 381  -0.738210725500551  -0.052289867276599
 382  -0.690069392200556  -0.061067221383993
 383  -0.663178058800554  -0.074940579031775
 384  -0.649732725500556  -0.094656128712032
 385  -0.631928392200550  -0.119146378137671
 386  -0.618138058800554  -0.148147701208671
 387  -0.612078058800549  -0.177713333544773
 388  -0.613208392200548  -0.204868892483546
 389  -0.626710725500558  -0.224219709915943
 390  -0.639698058800548  -0.236115401377958
 391  -0.667811392200548  -0.239086309644478
 392  -0.686867058800559  -0.237914706862128
 393  -0.720783058800549  -0.230652479019483
 394  -0.740635725500553  -0.222343040707685
 395  -0.765692058800553  -0.214661961486613
 396  -0.789529392200549  -0.204962497749634
 397  -0.816709392200551  -0.199346751039712
 398  -0.848934058800552  -0.194774477623611
 399  -0.903030392200549  -0.192422468238718
 400  -0.937567058800553  -0.196611848459995
 401  -0.960222058800554  -0.204780477616609
 402  -0.966296725500555  -0.214769249661941
 403  -0.966516392200560  -0.228583368501560
 404  -0.973921725500560  -0.238874741773941
 405  -0.981611725500557  -0.246619595949610
 406  -0.985623392200552  -0.252330734769529
 407  -0.977943725500552  -0.254896005291258
 408  -0.962682392200549  -0.257796569302684
 409  -0.933477058800548  -0.256847146524080
 410  -0.900355058800557  -0.256138659434811
 411  -0.850116725500556  -0.253461399739706
 412  -0.799970058800554  -0.251491545009415
 413  -0.740305725500548  -0.251389565357002
 414  -0.664825058800560  -0.255566233363126
 415  -0.570819392200548  -0.265608838119562
 416  -0.469650058800553  -0.275630487009622
 417  -0.368975725500547  -0.287941350876551
 418  -0.259939725500558  -0.299618056233228
 419  -0.157991725500551  -0.307603843350563
 420  -0.077229392200550  -0.316806644050459
 421  -0.021279725500548  -0.325229461174601
 422   0.024232607799448  -0.328583809445263
 423   0.058096607799442  -0.331101217301963
 424   0.078502941199446  -0.336304825110844
 425   0.094163607799445  -0.337436979162007
 426   0.089754607799449  -0.336812475384093
 427   0.075133274499450  -0.335069513583633
 428   0.036627607799446  -0.329319671542237
 429   0.001152941199450  -0.319030673286207
 430  -0.045214725500557  -0.302111536993593
 431  -0.106761725500547  -0.276049493373506
 432  -0.171572058800550  -0.246297228902051
 433  -0.235148058800547  -0.214837798965561
 434  -0.294572392200550  -0.180900359309177
 435  -0.366839058800551  -0.152406104782415
 436  -0.443124058800549  -0.125950857363492
 437  -0.489832058800559  -0.107328161184682
 438  -0.541056392200559  -0.099250825013470
 439  -0.601863058800561  -0.090776740944833
 440  -0.648849392200560  -0.085997694342993
 441  -0.685230392200552  -0.087087793908012
 442  -0.705583392200552  -0.088819677442373
 443  -0.709729058800548  -0.084565776096625
 444  -0.702976058800559  -0.076371509651423
 445  -0.692456058800559  -0.064075321789616
 446  -0.668487392200561  -0.048015921958864
 447  -0.634703392200549  -0.033008436986592
 448  -0.588663392200559  -0.023293930882005
 449  -0.546723058800552  -0.013347262807983
 450  -0.507177392200560  -0.004855810442720
 451  -0.489054725500552   0.000870564472194
 452  -0.475919725500560   0.006032687370549
 453  -0.457279058800552   0.006077561172802
 454  -0.437457392200557   0.006051674228729
 455  -0.407239725500560  -0.002874979627492
 456  -0.375985392200548  -0.015000561941122
 457  -0.335454058800551  -0.031412488800072
 458  -0.274666392200558  -0.052475213314921
 459  -0.214931058800559  -0.081022948397560
 460  -0.178817725500551  -0.111053939970844
 461  -0.167960725500549  -0.138231930538623
 462  -0.146919058800549  -0.167094303576476
 463  -0.121508058800558  -0.200974554363214
 464  -0.102660392200548  -0.232521118396122
 465  -0.094405058800561  -0.259831940101563
 466  -0.096541725500558  -0.288665762303992
 467  -0.117046392200550  -0.313264085772843
 468  -0.125683725500551  -0.334824886890189
 469  -0.133264058800549  -0.356436886037017
 470  -0.129987725500555  -0.372179967670917
 471  -0.135410725500549  -0.379360546936752
 472  -0.123866392200554  -0.380886563621345
 473  -0.109023725500549  -0.372064973745580
 474  -0.082503725500558  -0.356756605119855
 475  -0.067379725500558  -0.333410769240288
 476  -0.055935392200553  -0.305509162613731
 477  -0.067719725500552  -0.274677728175533
 478  -0.082570725500560  -0.240778589056532
 479  -0.090603725500557  -0.212763277348742
 480  -0.098274725500559  -0.189650558211923
 481  -0.102180392200552  -0.166880462295282
 482  -0.096366392200551  -0.150570195139181
 483  -0.074690058800556  -0.146945774467071
 484  -0.058916392200558  -0.150245229677921
 485  -0.054578725500548  -0.158028639480108
 486  -0.048875392200557  -0.175834399733461
 487  -0.038026058800554  -0.200707387017459
 488  -0.026233058800557  -0.234596616519696
 489  -0.035346058800556  -0.271767697155653
 490  -0.034409058800549  -0.312671233255685
 491  -0.029250058800557  -0.353931381449783
 492  -0.019386058800549  -0.395344106769613
 493   0.002982607799453  -0.437361370887416
 494   0.019965941199445  -0.465127501259246
 495   0.061220941199451  -0.485849293135018
 496   0.096020941199441  -0.490830345341010
 497   0.128387274499445  -0.478217854530570
 498   0.167781274499447  -0.460714104542248
 499   0.220056607799449  -0.439412477854802
 500   0.266720274499448  -0.410819596103565
 501   0.308974607799442  -0.376173153657675
 502   0.351124941199444  -0.348642573116720
 503   0.371847941199448  -0.323113572129799
 504   0.392929941199441  -0.299239853125798
 505   0.388518274499447  -0.279618086444344
 506   0.369968274499442  -0.261846515795412
 507   0.342303607799451  -0.251815647162772
 508   0.292930274499440  -0.243889054490339
 509   0.228865941199444  -0.239447150051419
 510   0.159561941199442  -0.241689528930678
 511   0.094595274499440  -0.251876306669658
 512   0.018760941199446  -0.262549450557273
 513  -0.061022725500550  -0.271969215356776
 514  -0.152912058800553  -0.282446967018998
 515  -0.246664058800548  -0.292882918532257
 516  -0.353332392200556  -0.303821027549390
 517  -0.437915725500559  -0.323328545077274
 518  -0.517214058800548  -0.345708917991033
 519  -0.582756725500559  -0.366479651463209
 520  -0.635632058800553  -0.390553472244292
 521  -0.680519058800556  -0.412727919893342
 522  -0.709226392200549  -0.427088074117449
 523  -0.694175725500557  -0.438241063414779
 524  -0.662950392200557  -0.437635455068545
 525  -0.620625392200552  -0.422384904933764
 526  -0.576486725500558  -0.400665250756319
 527  -0.525952392200551  -0.370938508511372
 528  -0.460109392200550  -0.338595489936012
 529  -0.395919725500548  -0.310200610443715
 530  -0.317277058800556  -0.286759844788648
 531  -0.236494392200555  -0.265914281486189
 532  -0.140277725500553  -0.254783907496318
 533  -0.046130058800557  -0.245832647384177
 534   0.039275274499445  -0.243485078762092
 535   0.118794274499450  -0.245536697833913
 536   0.171879274499446  -0.251504263595592
 537   0.201561607799448  -0.263170367071766
 538   0.215483274499448  -0.278494418475844
 539   0.215648941199447  -0.304952811887858
 540   0.194159274499441  -0.327065692139655
 541   0.149199941199441  -0.347217418189189
 542   0.071979941199444  -0.363309575574220
 543  -0.019703392200555  -0.378724854621822
 544  -0.123319058800547  -0.385682600976210
 545  -0.225777058800560  -0.386298827393659
 546  -0.326242725500549  -0.383481830685042
 547  -0.432646725500561  -0.373417786471691
 548  -0.534195058800549  -0.357905012028752
 549  -0.623833058800557  -0.338695698968110
 550  -0.683422725500549  -0.313953292960306
 551  -0.714662392200552  -0.285565431023031
 552  -0.725637392200554  -0.253888167979113
 553  -0.726649392200557  -0.222235843342702
 554  -0.716862058800558  -0.192529091740781
 555  -0.685650058800547  -0.165115771224237
 556  -0.632477392200556  -0.151886512441905
 557  -0.571331058800553  -0.146802253640715
 558  -0.498392392200557  -0.145941647021516
 559  -0.426177058800548  -0.155062486038716
 560  -0.350102725500548  -0.172989816480197
 561  -0.298003058800560  -0.191890511617899
 562  -0.251150058800548  -0.210001734151817
 563  -0.214680392200549  -0.230013685696292
 564  -0.180113058800558  -0.245904094024638
 565  -0.143783725500555  -0.266665019041909
 566  -0.125183058800559  -0.286319802381911
 567  -0.111387725500549  -0.301397566834922
 568  -0.124254058800560  -0.310181257302219
 569  -0.134768058800560  -0.315567778461045
 570  -0.128117725500559  -0.320807607814004
 571  -0.115025058800555  -0.325062559044824
 572  -0.102707058800547  -0.325681785319944
 573  -0.056966058800555  -0.327092332216068
 574   0.004096607799440  -0.332778214168073
 575   0.076309941199440  -0.339617011469755
 576   0.177863941199448  -0.353419611733599
 577   0.293699274499446  -0.373281578526303
 578   0.386945941199443  -0.396379804208095
 579   0.469004607799448  -0.419208241445872
 580   0.553294941199439  -0.445899149796645
 581   0.625473607799449  -0.473455414596032
 582   0.674776274499450  -0.496523112143208
 583   0.698892941199446  -0.516888618200923
 584   0.675832274499442  -0.528361565296436
 585   0.618740941199448  -0.530072199620861
 586   0.516330274499452  -0.518590716571524
 587   0.397031941199444  -0.504932610479713
 588   0.247663607799453  -0.488288187082446
 589   0.069329941199442  -0.465032502733834
 590  -0.130399392200559  -0.429139469394343
 591  -0.335750058800556  -0.386156934009676
 592  -0.517872392200559  -0.339937461619456
 593  -0.674716725500559  -0.294496683281423
 594  -0.805285392200560  -0.250021811883002
 595  -0.908898058800560  -0.208106436602520
 596  -0.992715725500560  -0.170329714008119
 597  -1.049168392200556  -0.136532870036831
 598  -1.060381725500548  -0.109378102779203
 599  -1.052207058800548  -0.090702214723450
 600  -1.010146725500547  -0.078836209687935
 601  -0.941460392200554  -0.073028966099102
 602  -0.849083058800559  -0.070740890671914
 603  -0.735955725500560  -0.072371413196777
 604  -0.605978725500549  -0.078356076179404
 605  -0.446679058800555  -0.088772703896836
 606  -0.283344725500555  -0.097581934489753
 607  -0.120928725500548  -0.104644021453666
 608   0.048731941199449  -0.111648556953512
 609   0.224946941199448  -0.118140532514147
 610   0.383445607799445  -0.125328787375452
 611   0.563009274499450  -0.138320191259467
 612   0.741148607799445  -0.159601217446621
 613   0.892324274499444  -0.184755159778632
 614   1.031681941199452  -0.212525880667570
 615   1.155067941199448  -0.239641949797360
 616   1.265275607799452  -0.271196223245155
 617   1.351215607799446  -0.302595107811214
 618   1.411532607799444  -0.335029323913034
 619   1.459334607799448  -0.373464371283077
 620   1.443155941199450  -0.409684881725596
 621   1.386880607799441  -0.435983562722043
 622   1.275080941199448  -0.454506260199153
 623   1.157394274499453  -0.471988107692567
 624   1.029104941199449  -0.486627756349392
 625   0.883133941199446  -0.500414859335251
 626   0.714801274499450  -0.505886283580040
 627   0.571539941199447  -0.511391383719157
 628   0.412658941199453  -0.510343029691796
 629   0.261906607799446  -0.510949546050114
 630   0.137005941199448  -0.508766352296647
 631   0.044108941199440  -0.504039057197204
 632  -0.028524392200552  -0.495478984524155
 633  -0.081730392200555  -0.486544678065684
 634  -0.091229392200560  -0.480462449303587
 635  -0.083028725500554  -0.475755015430963
 636  -0.050761058800560  -0.471372738795864
 637  -0.016290058800550  -0.466302285511773
 638   0.025390274499443  -0.461347364855897
 639   0.059705607799444  -0.452264919150380
 640   0.090935274499444  -0.438745620991412
 641   0.135694941199446  -0.426592067336230
 642   0.172901607799446  -0.414411537605645
 643   0.215594941199441  -0.402841641167740
 644   0.253004274499446  -0.388500880435856
 645   0.288303607799449  -0.374811700498782
 646   0.307889941199448  -0.360708131168153
 647   0.337512274499446  -0.346689520496668
 648   0.360003274499448  -0.331915018245198
 649   0.385136607799453  -0.314125417231452
 650   0.426522941199451  -0.295536438480156
 651   0.501021274499450  -0.281813788445788
 652   0.578176274499441  -0.268596370553595
 653   0.658523274499444  -0.257967827206997
 654   0.744759941199447  -0.248375564155367
 655   0.822256607799446  -0.237350822763432
 656   0.898564607799443  -0.227123883668895
 657   0.969669607799446  -0.215023325527795
 658   1.048316607799450  -0.202417621255606
 659   1.110817941199443  -0.189798262216684
 660   1.152816274499443  -0.176968655012132
 661   1.167669274499445  -0.168332449970620
 662   1.138717941199445  -0.165728552565184
 663   1.083323941199453  -0.168251046764780
 664   1.022245607799448  -0.179916618811717
 665   0.971655607799448  -0.196464409962957
 666   0.913398941199446  -0.219760599606261
 667   0.871397941199447  -0.246934977820118
 668   0.826873274499448  -0.280305167189454
 669   0.795257941199452  -0.311432382543245
 670   0.770054941199447  -0.337635023823040
 671   0.727431941199441  -0.355977944347998
 672   0.702460941199448  -0.373204600095818
 673   0.677474607799439  -0.388085025040112
 674   0.652783607799449  -0.404216066285940
 675   0.622271607799448  -0.420064764187728
 676   0.610962941199446  -0.439291144247150
 677   0.596213941199451  -0.458815340738539
 678   0.575886607799447  -0.479843767665230
 679   0.541981607799443  -0.504834140734246
 680   0.496651607799450  -0.532075796057512
 681   0.448397274499442  -0.562884081057263
 682   0.413273941199449  -0.594254027803458
 683   0.377966607799451  -0.624492423408810
 684   0.339001607799446  -0.650969446858227
 685   0.305438607799445  -0.676017252410873
 686   0.283191607799452  -0.696496979902861
 687   0.255363607799453  -0.708839103555761
 688   0.246564274499448  -0.719702460264145
 689   0.233470607799447  -0.721328935031792
 690   0.228768941199448  -0.710879741182694
 691   0.229423607799447  -0.697892513948389
 692   0.236312941199444  -0.677119615612199
 693   0.255435274499447  -0.650352615674876
 694   0.290242274499448  -0.624189812090819
 695   0.339014941199451  -0.604067465749111
 696   0.363118274499442  -0.582401754195558
 697   0.385541941199449  -0.558971631861908
 698   0.412865274499453  -0.539140364981250
 699   0.440157274499441  -0.518885718654658
 700   0.432289274499439  -0.497731306556645
 701   0.412970607799451  -0.475988444463482
 702   0.383958274499449  -0.459667127641580
 703   0.337194274499453  -0.442699954969186
 704   0.277519941199444  -0.426928801235320
 705   0.197253607799439  -0.410702107024846
 706   0.103405274499451  -0.395022460107853
 707  -0.013034058800557  -0.376081521778204
 708  -0.123598392200549  -0.358681688870973
 709  -0.220379725500550  -0.338626887511111
 710  -0.312290058800556  -0.315328819410837
 711  -0.391981058800553  -0.294663882338938
 712  -0.446873058800549  -0.267910926247865
 713  -0.474100725500548  -0.240768108705282
 714  -0.487281392200558  -0.214090246826046
 715  -0.458070392200554  -0.189899526190629
 716  -0.405942392200558  -0.166287752257247
 717  -0.322191392200551  -0.144806088020673
 718  -0.219490725500549  -0.128306672324754
 719  -0.100698725500550  -0.117970866620524
 720   0.043494274499452  -0.117676026503247
 721   0.229044607799452  -0.122805277309297
 722   0.434450941199444  -0.133707249626639
 723   0.653041941199447  -0.150517990984724
 724   0.859687941199439  -0.169828421127107
 725   1.060419941199441  -0.189929222035957
 726   1.240781941199444  -0.213582781146428
 727   1.387982607799444  -0.237121325052613
 728   1.498729607799447  -0.264518833803905
 729   1.534227941199447  -0.285206288574571
 730   1.511638274499447  -0.302536885842926
 731   1.427720941199439  -0.315863329027792
 732   1.294324941199449  -0.324742375147125
 733   1.116307607799442  -0.332686964660880
 734   0.888865941199441  -0.339184331313348
 735   0.647860274499450  -0.350358915405494
 736   0.386684274499444  -0.362097702730168
 737   0.088660274499446  -0.375219584094083
 738  -0.196292392200547  -0.396227070549841
 739  -0.487274058800551  -0.422379334388935
 740  -0.746383392200556  -0.454701862875780
 741  -0.973681392200561  -0.485526933806909
 742  -1.139266392200554  -0.508808413789524
 743  -1.284088725500553  -0.517004941859454
 744  -1.369667725500548  -0.511106232966526
 745  -1.407444725500554  -0.494835890667744
 746  -1.373551392200554  -0.475433797976777
 747  -1.273356058800559  -0.458433517611496
 748  -1.107715725500555  -0.447191696663609
 749  -0.895919725500548  -0.447482827011882
 750  -0.658189058800559  -0.453882653973125
 751  -0.390540725500557  -0.470970802978556
 752  -0.126721725500559  -0.491436692401535
 753   0.134960941199452  -0.513573321755089
 754   0.358517607799442  -0.533313774429899
 755   0.547059607799440  -0.546332699993300
 756   0.699191607799449  -0.553029284108192
 757   0.798816274499444  -0.547810605524234
 758   0.821288941199441  -0.525969554470251
 759   0.796225941199452  -0.490233794658096
 760   0.732996607799450  -0.449189721520881
 761   0.636281941199442  -0.403113740580082
 762   0.508186274499451  -0.356670513689906
 763   0.357445607799448  -0.316058080187659
 764   0.214020607799441  -0.283430158171768
 765   0.064303607799445  -0.255399616707166
 766  -0.062437725500558  -0.238621215275089
 767  -0.167174058800555  -0.230512492298587
 768  -0.245453725500553  -0.231354615983690
 769  -0.280424392200558  -0.240028055239620
 770  -0.286359725500560  -0.253913279970888
 771  -0.242759392200554  -0.271130242755859
 772  -0.158759725500559  -0.285156386103452
 773  -0.052816392200555  -0.295173936808979
 774   0.082040941199452  -0.299299924796188
 775   0.226632941199441  -0.297824515511309
 776   0.382883607799442  -0.293169654137401
 777   0.522985941199451  -0.286192699610339
 778   0.639756941199451  -0.276345747861725
 779   0.741425607799442  -0.264881747419622
 780   0.807683274499439  -0.248496272055888
 781   0.851012274499439  -0.232427434115550
 782   0.864175607799453  -0.214398556524230
 783   0.837352941199441  -0.197692385020730
 784   0.777414941199453  -0.179364699840164
 785   0.704493274499441  -0.165819352054697
 786   0.610523607799450  -0.158932918378937
 787   0.497629607799439  -0.155752411884535
 788   0.374224607799448  -0.154383108043731
 789   0.252975941199452  -0.155628768719325
 790   0.128660607799446  -0.155991501948876
 791   0.017094274499442  -0.155756846528703
 792  -0.092030392200556  -0.157158280643998
 793  -0.201168392200557  -0.157829513869302
 794  -0.300505058800553  -0.154756355304286
 795  -0.379348058800559  -0.153221787170565
 796  -0.463023392200554  -0.155781546567169
 797  -0.530646725500560  -0.164890588155217
 798  -0.577837058800554  -0.180235741236615
 799  -0.615386392200548  -0.199004254035472
 800  -0.642634392200549  -0.224312881798781
 801  -0.653973725500549  -0.250803122059764
 802  -0.628937725500549  -0.274281665280895
 803  -0.590429725500556  -0.296040878259234
 804  -0.522883392200555  -0.310459287615245
 805  -0.427158725500547  -0.317384996439600
 806  -0.325414058800547  -0.316565358834509
 807  -0.223202725500556  -0.310257506523925
 808  -0.126559392200548  -0.301164093817349
 809  -0.019590392200556  -0.289031887087916
 810   0.084989941199453  -0.280453704896885
 811   0.175379274499448  -0.277582160593894
 812   0.246704941199440  -0.275924437465633
 813   0.311763941199445  -0.279828749447660
 814   0.318234941199449  -0.277771792246682
 815   0.310357941199442  -0.282295286239403
 816   0.275897274499442  -0.289008339301958
 817   0.218348607799442  -0.295591614142239
 818   0.159994607799447  -0.304125709666422
 819   0.110629274499445  -0.317538665022838
 820   0.059511607799450  -0.327651091515932
 821  -0.005251058800553  -0.333890821797311
 822  -0.061762725500557  -0.343661889865416
 823  -0.125326058800553  -0.350243953735600
 824  -0.196166392200553  -0.356523716612642
 825  -0.244068725500554  -0.366755822725921
 826  -0.271135058800553  -0.381111768595730
 827  -0.280485392200561  -0.395698250940285
 828  -0.251916725500550  -0.411411832460118
 829  -0.187804725500555  -0.433902783518704
 830  -0.119458392200556  -0.455844279337086
 831  -0.036947058800550  -0.472569637888768
 832   0.060820274499449  -0.492262550620751
 833   0.184745607799442  -0.505457054864678
 834   0.325161274499450  -0.517748432156566
 835   0.449380941199450  -0.521922713910541
 836   0.571117274499443  -0.519218161872985
 837   0.702545274499442  -0.511747634157317
 838   0.809150941199448  -0.499425763174798
 839   0.885555274499453  -0.484393470790693
 840   0.936795607799439  -0.466505229618363
 841   0.957567607799447  -0.443772677842148
 842   0.964607941199446  -0.418384565795407
 843   0.948046274499447  -0.395498793246631
 844   0.911097941199444  -0.374158498096179
 845   0.855421274499449  -0.353510799114019
 846   0.777258607799439  -0.330383312448490
 847   0.687736941199447  -0.306878774336226
 848   0.599425607799446  -0.285641802310479
 849   0.515747941199450  -0.270499909860987
 850   0.411960941199439  -0.255980981159311
 851   0.298762274499452  -0.244797749415540
 852   0.203882607799443  -0.244474560803880
 853   0.088194941199447  -0.252390775006589
 854  -0.022493725500553  -0.266357875809135
 855  -0.128801058800548  -0.286752082037438
 856  -0.232470725500548  -0.315255584447840
 857  -0.336677725500550  -0.347407875915678
 858  -0.429261392200559  -0.380033920152428
 859  -0.495532392200559  -0.411235635300983
 860  -0.541897725500547  -0.437416307556518
 861  -0.580344058800549  -0.455211343266768
 862  -0.577588725500547  -0.468167980470952
 863  -0.539122725500548  -0.475072116227622
 864  -0.479383392200560  -0.474546530319458
 865  -0.395492058800556  -0.473241317952585
 866  -0.306086392200555  -0.468427451032426
 867  -0.205739058800560  -0.464845224548924
 868  -0.110383392200561  -0.458207429915518
 869  -0.031782392200554  -0.449847873890903
 870   0.041487607799439  -0.439408821410069
 871   0.109938607799450  -0.426161241342513
 872   0.158199274499452  -0.408790010187204
 873   0.188057274499442  -0.388567709783459
 874   0.211216607799443  -0.363414655463714
 875   0.218370941199453  -0.331809516189779
 876   0.209608941199448  -0.301110167381538
 877   0.187664941199444  -0.273405837366852
 878   0.142069274499448  -0.249628580603982
 879   0.075903941199442  -0.234292639869778
 880   0.010366607799440  -0.226498725727126
 881  -0.071228058800557  -0.223743580898059
 882  -0.162902058800555  -0.225942982863955
 883  -0.263781392200556  -0.230769624574776
 884  -0.380492725500559  -0.240302935045705
 885  -0.519819058800550  -0.254978452989491
 886  -0.660876392200549  -0.266992487342449
 887  -0.786813392200557  -0.277823661085208
 888  -0.896556725500560  -0.289156932500930
 889  -0.991298058800552  -0.296757687545792
 890  -1.065675725500554  -0.301242547595123
 891  -1.121988058800554  -0.298096353301844
 892  -1.154364392200549  -0.289176371336907
 893  -1.164893725500548  -0.276766235396906
 894  -1.147314392200556  -0.262104149259059
 895  -1.109523725500551  -0.249196085898234
 896  -1.060773392200559  -0.241910401172504
 897  -0.998049725500550  -0.239455257746528
 898  -0.937438058800552  -0.239874800193263
 899  -0.874008392200551  -0.242162882316990
 900  -0.814850725500548  -0.247346216363312
 901  -0.759305058800550  -0.255442744462002
 902  -0.700759058800557  -0.264656855891985
 903  -0.628787392200550  -0.272735234785713
 904  -0.555279392200561  -0.281628642664870
 905  -0.487633058800554  -0.288854078369070
 906  -0.442354725500550  -0.291130259478592
 907  -0.417151392200552  -0.287960941811178
 908  -0.401700725500561  -0.282755266796585
 909  -0.410975725500549  -0.269683694433269
 910  -0.419104725500560  -0.252759707128021
 911  -0.447151058800557  -0.233779519909575
 912  -0.493880058800556  -0.214205027447505
 913  -0.541438725500555  -0.194662775579246
 914  -0.588558392200554  -0.178258923811825
 915  -0.647953392200549  -0.162005078028514
 916  -0.703710058800553  -0.147492374051311
 917  -0.749505058800551  -0.137056945715599
 918  -0.781115725500555  -0.129210564736141
 919  -0.829725058800548  -0.124348150529812
 920  -0.871888725500554  -0.123715900801741
 921  -0.905578725500547  -0.125474646811796
 922  -0.927500392200557  -0.130091268804506
 923  -0.941857058800551  -0.136804617359573
 924  -0.950678058800548  -0.144248697979862
 925  -0.957825392200547  -0.151261321747128
 926  -0.970125725500552  -0.161266090143897
 927  -0.967534392200548  -0.178442289138232
 928  -0.941393392200553  -0.203218956444829
 929  -0.888415392200557  -0.235268819595561
 930  -0.831513058800553  -0.272272640019395
 931  -0.731787392200559  -0.313270848380881
 932  -0.606153725500548  -0.357204014048193
 933  -0.460808392200548  -0.403659002576063
 934  -0.305642058800558  -0.454849722715636
 935  -0.164524725500556  -0.505177287981894
 936  -0.023964725500548  -0.552829837311791
 937   0.092469274499450  -0.597567566869998
 938   0.188865274499449  -0.631270479516999
 939   0.280046941199444  -0.663781320407907
 940   0.353765941199441  -0.686999959402883
 941   0.415457274499445  -0.698006746889689
 942   0.451793941199440  -0.696294692677924
 943   0.477050274499447  -0.682399474550337
 944   0.471700941199444  -0.658285291882109
 945   0.446299274499452  -0.625468364200728
 946   0.421838274499450  -0.590296766934259
 947   0.399415607799440  -0.555866610206067
 948   0.380488941199445  -0.525997110396219
 949   0.366789941199443  -0.499928770769984
 950   0.349942607799449  -0.479588423462971
 951   0.328007274499441  -0.458991736161636
 952   0.313347941199453  -0.441696841360638
 953   0.311080274499446  -0.424137642001426
 954   0.313021274499448  -0.402175083608327
 955   0.301709607799452  -0.376760988954601
 956   0.286094941199451  -0.352287385750486
 957   0.274323941199441  -0.327881575578786
 958   0.247165607799445  -0.299438805268963
 959   0.221173274499449  -0.266676008129949
 960   0.185598607799449  -0.231692960220556
 961   0.145411274499452  -0.193475300317928
 962   0.086432274499444  -0.156113040016180
 963   0.012527941199451  -0.122373813287865
 964  -0.075962392200552  -0.094416347075679
 965  -0.164996392200550  -0.072770909623060
 966  -0.246778725500548  -0.056007785015424
 967  -0.324708392200549  -0.045202278183169
 968  -0.398028725500552  -0.041729239501564
 969  -0.452649725500549  -0.046440617512559
 970  -0.497402725500550  -0.059334264357872
 971  -0.526933725500555  -0.080285568930904
 972  -0.530984058800556  -0.108413751764502
 973  -0.520896725500549  -0.143107183797824
 974  -0.493875725500558  -0.180878688842057
 975  -0.452556725500557  -0.219116422701731
 976  -0.404832392200561  -0.256483944884593
 977  -0.328350058800552  -0.290994133848002
 978  -0.237711058800556  -0.321677800371219
 979  -0.135342392200556  -0.348724689000164
 980  -0.026799392200559  -0.373706679061925
 981   0.086223274499446  -0.398635651909885
 982   0.180500274499451  -0.424245547206169
 983   0.273708274499441  -0.446057471509718
 984   0.341403941199445  -0.463630094287367
 985   0.388236941199452  -0.476818552047916
 986   0.425055274499442  -0.488607205906220
 987   0.457183607799450  -0.497605708469280
 988   0.463116274499441  -0.500552925734510
 989   0.461128274499444  -0.501294657001608
 990   0.442705274499446  -0.497033375635155
 991   0.386791607799452  -0.483738894401327
 992   0.313236941199449  -0.466227010163706
 993   0.237693941199453  -0.449795225038201
 994   0.134324941199452  -0.429750635872992
 995   0.002415274499441  -0.401670511110552
 996  -0.138626392200550  -0.372960148446126
 997  -0.301401058800550  -0.340514282152554
 998  -0.451897725500558  -0.310008231450183
 999  -0.603718058800553  -0.281466404193353
 1000  -0.749754058800548  -0.254423589358495
 1001  -0.883534392200559  -0.234036578869578
 1002  -0.988921058800557  -0.220870048062423
 1003  -1.072390725500554  -0.210520446947882
 1004  -1.137982725500549  -0.199534458311376
 1005  -1.179327392200548  -0.192308152731798
 1006  -1.187798725500556  -0.184099782420063
 1007  -1.166057392200557  -0.177950293265553
 1008  -1.136705392200554  -0.170933042052667
 1009  -1.088477725500553  -0.166642312193929
 1010  -1.023989058800552  -0.164909827998216
 1011  -0.945122392200560  -0.167255359360652
 1012  -0.852507058800555  -0.169973720394182
 1013  -0.745416725500547  -0.175380819656610
 1014  -0.621053725500559  -0.183729507113114
 1015  -0.484930058800558  -0.195514157475770
 1016  -0.361861725500560  -0.204441282864195
 1017  -0.238328392200557  -0.210896870535549
 1018  -0.130512058800548  -0.216562263671236
 1019  -0.039017392200549  -0.220014655041950
 1020   0.030541274499441  -0.217019976553743
 1021   0.077350607799445  -0.213580892315193
 1022   0.101699607799446  -0.204694871826746
 1023   0.110607607799452  -0.193511187304054
 1024   0.088615941199450  -0.178347312140403
 1025   0.052627607799451  -0.162146619870839
 1026   0.009997274499440  -0.151080989374449
 1027  -0.038331725500555  -0.146093626791455
 1028  -0.108070725500554  -0.146556762469885
 1029  -0.184836058800556  -0.156212393264468
 1030  -0.274212058800558  -0.172695531429440
 1031  -0.341200058800553  -0.195128812897011
 1032  -0.378750392200558  -0.225297657384118
 1033  -0.411647392200550  -0.257289027480908
 1034  -0.444465058800560  -0.293339380773091
 1035  -0.465078058800557  -0.326350438217318
 1036  -0.489548725500555  -0.354362781561235
 1037  -0.499931058800556  -0.377453343175830
 1038  -0.510148725500557  -0.390083004556118
 1039  -0.541257392200549  -0.394344224561777
 1040  -0.567448725500554  -0.393768690034491
 1041  -0.596442392200558  -0.387465414267353
 1042  -0.609395392200554  -0.373470136452028
 1043  -0.600001058800558  -0.355824651254864
 1044  -0.567859392200560  -0.337742670899814
 1045  -0.518027058800556  -0.317646832372887
 1046  -0.469138058800553  -0.297848729855403
 1047  -0.419273725500560  -0.280091299951437
 1048  -0.382697058800559  -0.262868575089001
 1049  -0.344888058800549  -0.246585009710500
 1050  -0.323819725500556  -0.236189912511279
 1051  -0.290666058800554  -0.226105410230673
 1052  -0.263226392200551  -0.217368473640178
 1053  -0.239956058800558  -0.208780046929817
 1054  -0.221134392200554  -0.201629837586950
 1055  -0.219752392200547  -0.196119060962985
 1056  -0.229158392200560  -0.188778564969738
 1057  -0.238709725500556  -0.182909366377729
 1058  -0.262487058800559  -0.178847501398906
 1059  -0.302674725500552  -0.171684494702944
 1060  -0.361804058800558  -0.165461923096942
 1061  -0.447672058800549  -0.158035512148658
 1062  -0.542925058800549  -0.150685921679141
 1063  -0.658177725500551  -0.147029325418728
 1064  -0.758228058800555  -0.150573414422482
 1065  -0.846848725500550  -0.162148701861923
 1066  -0.920253725500558  -0.177326450186285
 1067  -0.984782392200557  -0.196751252884852
 1068  -1.020416392200559  -0.215632349477616
 1069  -1.025975392200550  -0.234015717413044
 1070  -1.002585058800548  -0.249022576334895
 1071  -0.951377392200556  -0.260644807104299
 1072  -0.866520392200556  -0.270173392800416
 1073  -0.773624058800550  -0.274585241925948
 1074  -0.674012725500560  -0.276839176085446
 1075  -0.566796058800549  -0.281438602453136
 1076  -0.460045058800560  -0.285347889327909
 1077  -0.343477725500549  -0.290608460287217
 1078  -0.221684725500552  -0.295062222706107
 1079  -0.105013725500555  -0.301987159419667
 1080  -0.005408392200550  -0.306569317160069
 1081   0.072284941199442  -0.309558404166381
 1082   0.113262941199451  -0.307402118535080
 1083   0.127441941199450  -0.298540767876531
 1084   0.121697941199443  -0.290135266722487
 1085   0.101432941199448  -0.283949285282716
 1086   0.067086607799439  -0.282112233327013
 1087   0.005090941199441  -0.279072717532628
 1088  -0.077664392200560  -0.283051021554769
 1089  -0.171522392200558  -0.292324073158881
 1090  -0.270946392200557  -0.306129518926895
 1091  -0.387485392200560  -0.319787665111946
 1092  -0.509200392200555  -0.334491810790837
 1093  -0.637384725500553  -0.352207437343068
 1094  -0.768698725500556  -0.367717514862974
 1095  -0.865315058800547  -0.380820595827657
 1096  -0.932891058800550  -0.392045010728239
 1097  -0.970350058800548  -0.401221039033999
 1098  -0.967584725500558  -0.407240959878081
 1099  -0.931702725500557  -0.409364269526748
 1100  -0.885658392200554  -0.409518736027465
 1101  -0.812830725500561  -0.409137525467202
 1102  -0.723867725500554  -0.407285580449539
 1103  -0.612344058800559  -0.407759046478304
 1104  -0.520054392200549  -0.403439751413273
 1105  -0.418172725500554  -0.397004002340680
 1106  -0.320586058800558  -0.393522320518002
 1107  -0.241073058800552  -0.390111856105250
 1108  -0.182219058800555  -0.382867008003515
 1109  -0.139275392200560  -0.373673842782765
 1110  -0.113576058800561  -0.365390582696349
 1111  -0.098263725500559  -0.350149554482087
 1112  -0.099570725500556  -0.334485725011717
 1113  -0.129569058800556  -0.307613591681118
 1114  -0.175324392200551  -0.275909895516136
 1115  -0.230288392200549  -0.242525559324264
 1116  -0.317090392200555  -0.206448802121940
 1117  -0.422676725500551  -0.171574313321500
 1118  -0.528921058800549  -0.143744969377622
 1119  -0.638999725500554  -0.119628574386994
 1120  -0.737556392200560  -0.102812709905578
 1121  -0.811512725500549  -0.091587227449338
 1122  -0.884281725500557  -0.084809939839317
 1123  -0.949565725500548  -0.082651613134843
 1124  -1.004878058800557  -0.084734835417535
 1125  -1.049385725500557  -0.088006045049596
 1126  -1.073513392200553  -0.091935032803065
 1127  -1.062728058800559  -0.097536174655815
 1128  -1.024698725500556  -0.106040869186700
 1129  -0.969677392200552  -0.114269303534371
 1130  -0.911519058800550  -0.122316313769417
 1131  -0.851541725500553  -0.130180222378200
 1132  -0.777315058800554  -0.139421697744538
 1133  -0.696198725500551  -0.150172949523366
 1134  -0.615062392200556  -0.162926066130908
 1135  -0.519990392200555  -0.175929984232852
 1136  -0.424823392200551  -0.191824212224631
 1137  -0.363398392200551  -0.207354387540960
 1138  -0.329139058800550  -0.222024156979444
 1139  -0.308563392200554  -0.238336114244305
 1140  -0.295900058800555  -0.254337786308596
 1141  -0.301271725500555  -0.268439060489655
 1142  -0.325506725500560  -0.281795506859268
 1143  -0.356039725500551  -0.294082776578648
 1144  -0.410279392200550  -0.302062365906963
 1145  -0.494685058800556  -0.303627574650847
 1146  -0.593079725500559  -0.303667816444531
 1147  -0.712611058800547  -0.299549643652128
 1148  -0.844159058800557  -0.292290107318649
 1149  -0.981152058800561  -0.284663843886946
 1150  -1.121400392200556  -0.276801848772323
 1151  -1.262431725500548  -0.272720604705412
 1152  -1.412197058800558  -0.266156604553913
 1153  -1.553344392200557  -0.256811659757489
 1154  -1.671377392200554  -0.253288548069008
 1155  -1.771251058800559  -0.252663027472451
 1156  -1.827346725500547  -0.256183370161992
 1157  -1.858014725500553  -0.260970563575512
 1158  -1.874538725500557  -0.268922760615609
 1159  -1.858749392200551  -0.277471013451915
 1160  -1.812275392200547  -0.284565468900396
 1161  -1.731697058800549  -0.287940233803454
 1162  -1.632550725500550  -0.290592725786993
 1163  -1.513090392200553  -0.292550988175890
 1164  -1.365666725500560  -0.296994744468122
 1165  -1.212700392200560  -0.303687239554904
 1166  -1.063336725500548  -0.309488895820635
 1167  -0.911185725500559  -0.314157199361048
 1168  -0.774789058800550  -0.316764830241937
 1169  -0.661684058800560  -0.318811375791228
 1170  -0.568275392200547  -0.313777131989482
 1171  -0.506336392200552  -0.308493474916489
 1172  -0.450983392200555  -0.304600799334281
 1173  -0.423044058800556  -0.296794863869309
 1174  -0.409024725500558  -0.290383252170727
 1175  -0.399663392200551  -0.288100473138073
 1176  -0.412859392200559  -0.285203149210005
 1177  -0.417948725500551  -0.286769510303003
 1178  -0.449196725500556  -0.290352241648378
 1179  -0.490537392200551  -0.293877755054211
 1180  -0.532786725500557  -0.302065268294385
 1181  -0.574346392200553  -0.308657791075476
 1182  -0.608118058800557  -0.314980581452332
 1183  -0.643059058800560  -0.321351917972677
 1184  -0.691251725500550  -0.325737573357628
 1185  -0.744219058800553  -0.325624148707689
 1186  -0.804227058800549  -0.325738059510030
 1187  -0.864899392200556  -0.325082154924999
 1188  -0.923823058800551  -0.324383733804709
 1189  -0.975288725500548  -0.327829536877900
 1190  -1.005474725500548  -0.331303555412305
 1191  -1.024973058800555  -0.334964914097412
 1192  -1.021083392200552  -0.337626123941604
 1193  -1.011955725500556  -0.339581471371375
 1194  -0.995348058800559  -0.344912277326003
 1195  -0.979684392200554  -0.349726364428165
 1196  -0.938941058800552  -0.355774148825276
 1197  -0.900830725500555  -0.362456175903858
 1198  -0.858857058800552  -0.363394270011312
 1199  -0.816614725500557  -0.366259291537162
 1200  -0.772849392200555  -0.369568412248142
 1201  -0.749227058800557  -0.370965415517830
 1202  -0.738498725500548  -0.371581452323255
 1203  -0.734859392200548  -0.376030668603534
 1204  -0.749050392200559  -0.378134948031231
 1205  -0.781484058800558  -0.381685256073979
 1206  -0.814085392200553  -0.385863728051959
 1207  -0.857234725500561  -0.389875800176355
 1208  -0.911960392200555  -0.391774273973283
 1209  -0.972519392200553  -0.389336838540004
 1210  -1.040052725500558  -0.386114079074233
 1211  -1.113755058800550  -0.380066652936407
 1212  -1.189868392200552  -0.369766510888056
 1213  -1.252897058800556  -0.356502062604505
 1214  -1.301889725500558  -0.338487140501698
 1215  -1.348919725500551  -0.315700877707769
 1216  -1.394204725500558  -0.292782676776966
 1217  -1.436249725500559  -0.268834825396652
 1218  -1.465030058800551  -0.241055726024342
 1219  -1.491167058800556  -0.212085051553345
 1220  -1.503413725500550  -0.185392057743925
 1221  -1.501833725500560  -0.161849026187497
 1222  -1.499680392200560  -0.142177021153827
 1223  -1.489349725500560  -0.126943029955697
 1224  -1.482588392200554  -0.116786407225931
 1225  -1.462920725500553  -0.108803355094722
 1226  -1.452352725500560  -0.105673089279136
 1227  -1.440865058800554  -0.101364539775830
 1228  -1.419983725500558  -0.101693027059611
 1229  -1.393585058800554  -0.103396710416092
 1230  -1.366961058800555  -0.107704320245062
 1231  -1.332152058800560  -0.112256862217293
 1232  -1.288258725500555  -0.118142694262801
 1233  -1.258319725500556  -0.125865056780782
 1234  -1.223909725500548  -0.138500648090456
 1235  -1.181456725500553  -0.149566127408121
 1236  -1.151548392200553  -0.166657593148756
 1237  -1.125757392200555  -0.183885181541442
 1238  -1.097978392200559  -0.203617638883614
 1239  -1.098046058800549  -0.219225968917883
 1240  -1.088071392200547  -0.232437008790072
 1241  -1.079411392200555  -0.242534323689370
 1242  -1.078580392200550  -0.244603059986929
 1243  -1.079977725500555  -0.241686240847500
 1244  -1.078233058800549  -0.242628310816116
 1245  -1.087356392200547  -0.245182094865086
 1246  -1.091314392200559  -0.251821241354591
 1247  -1.083333725500552  -0.260077966824923
 1248  -1.070945725500550  -0.272788318387867
 1249  -1.039451725500555  -0.284750415053836
 1250  -0.993498725500558  -0.301269495131251
 1251  -0.941835058800550  -0.320856346040202
 1252  -0.874143058800556  -0.338161861614225
 1253  -0.798771725500558  -0.355069681242213
 1254  -0.717852725500549  -0.365390542106041
 1255  -0.641661058800551  -0.372710564404414
 1256  -0.581296725500550  -0.371804737532756
 1257  -0.532736058800552  -0.372154834504755
 1258  -0.497454392200552  -0.368375192184473
 1259  -0.465548058800550  -0.364229738056622
 1260  -0.447056725500559  -0.361554459490833
 1261  -0.454226725500547  -0.359434949915723
 1262  -0.487398392200561  -0.355707575268767
 1263  -0.525588725500555  -0.354040839016108
 1264  -0.562808392200552  -0.353989225652356
 1265  -0.601322058800548  -0.351308740390081
 1266  -0.655647725500557  -0.349114821694627
 1267  -0.700564058800552  -0.346925929295907
 1268  -0.732947725500551  -0.342533950654285
 1269  -0.778085725500560  -0.338857945349758
 1270  -0.833117725500557  -0.334292873103877
 1271  -0.895873392200556  -0.328297539034409
 1272  -0.967663725500557  -0.319633384776040
 1273  -1.044332392200559  -0.313318721682194
 1274  -1.121362392200552  -0.307156063200537
 1275  -1.186887392200560  -0.301017150942812
 1276  -1.243687392200556  -0.295888975372492
 1277  -1.276924725500550  -0.295657114257239
 1278  -1.302125058800556  -0.297281204505197
 1279  -1.322653392200550  -0.305425756077653
 1280  -1.320850725500549  -0.315107566652841
 1281  -1.303829725500549  -0.325259809731406
 1282  -1.276842058800554  -0.337565775483142
 1283  -1.239464392200560  -0.342409240453691
 1284  -1.200082058800561  -0.345141317607116
 1285  -1.143007392200559  -0.342952042456645
 1286  -1.093805725500559  -0.339560008227053
 1287  -1.035548725500547  -0.330909341436339
 1288  -0.965450058800556  -0.320640957005736
 1289  -0.903428392200553  -0.306509944123704
 1290  -0.828571392200558  -0.293121349825469
 1291  -0.759018058800550  -0.281779857202693
 1292  -0.686039058800560  -0.270286026387410
 1293  -0.614868058800553  -0.261458429073485
 1294  -0.539951392200550  -0.257065730051195
 1295  -0.471892058800549  -0.256799716610431
 1296  -0.396714058800555  -0.259081797794025
 1297  -0.327036392200554  -0.259443022228098
 1298  -0.262510725500547  -0.262218689897054
 1299  -0.203355058800554  -0.265802067387909
 1300  -0.166574392200559  -0.268329294095381
 1301  -0.145618725500555  -0.267694056560046
 1302  -0.131973058800554  -0.264674687785629
 1303  -0.152076058800560  -0.261168616788140
 1304  -0.157566392200550  -0.259986128049931
 1305  -0.166224058800552  -0.259504838598446
 1306  -0.184078392200547  -0.263563435175314
 1307  -0.203013058800551  -0.264222763292693
 1308  -0.214925725500549  -0.263529397786229
 1309  -0.231808392200548  -0.264924775861900
 1310  -0.245077725500551  -0.265561290562303
 1311  -0.242423392200550  -0.265686059461601
 1312  -0.230801725500555  -0.270959321434916
 1313  -0.227279058800548  -0.280799058031349
 1314  -0.216665392200554  -0.292930476713181
 1315  -0.195321725500548  -0.305153996823464
 1316  -0.166169392200558  -0.320299017060123
 1317  -0.146354725500558  -0.335872286134517
 1318  -0.137663725500559  -0.344327642256317
 1319  -0.139685725500556  -0.340879150300538
 1320  -0.159091392200551  -0.336617893717218
 1321  -0.200444392200552  -0.329690964493039
 1322  -0.259204725500553  -0.315491566750097
 1323  -0.322352725500551  -0.297679208404290
 1324  -0.410995725500555  -0.274479970518868
 1325  -0.521179725500559  -0.251524441610513
 1326  -0.640917392200549  -0.233347365716085
 1327  -0.763841058800551  -0.217467049076703
 1328  -0.891621392200548  -0.204692300285799
 1329  -1.000875725500549  -0.193456635034877
 1330  -1.101423058800549  -0.187189947799951
 1331  -1.196515392200553  -0.184307400136845
 1332  -1.281112725500549  -0.188208313312288
 1333  -1.347348725500552  -0.200249676051413
 1334  -1.391576725500556  -0.212730895463253
 1335  -1.410155725500559  -0.228336612773660
 1336  -1.408662725500548  -0.247976703151934
 1337  -1.402333392200561  -0.266789351860112
 1338  -1.387130058800551  -0.286581553293118
 1339  -1.354317058800561  -0.308592678289429
 1340  -1.307667058800547  -0.332400370922727
 1341  -1.255422725500551  -0.356003710703078
 1342  -1.189299392200553  -0.375327809335502
 1343  -1.125802058800559  -0.393335800766195
 1344  -1.060818725500553  -0.406780720631119
 1345  -0.992760392200552  -0.418700591640729
 1346  -0.925209058800547  -0.425611099162552
 1347  -0.851601725500558  -0.431847844479435
 1348  -0.769662058800549  -0.430681005644942
 1349  -0.684440058800547  -0.427055522373948
 1350  -0.591347392200561  -0.418833509753341
 1351  -0.506886392200556  -0.405365378839278
 1352  -0.418327725500561  -0.395052683143547
 1353  -0.352732725500559  -0.383731418061416
 1354  -0.274443392200553  -0.375864815947807
 1355  -0.191619058800555  -0.373520556474801
 1356  -0.099132058800549  -0.378184272462974
 1357  -0.023980725500550  -0.390282421155234
 1358   0.044578941199447  -0.406768467298249
 1359   0.118323941199449  -0.431925524157819
 1360   0.179354941199449  -0.461215466990964
 1361   0.215757607799446  -0.489058869672292
 1362   0.236319607799444  -0.514024051701995
 1363   0.248975941199447  -0.536962820117651
 1364   0.237987941199449  -0.555755584676675
 1365   0.200151941199451  -0.568517297411432
 1366   0.152037941199453  -0.579897204070974
 1367   0.086297274499444  -0.585612129110459
 1368   0.002726941199441  -0.587956798360068
 1369  -0.105199058800551  -0.587640815867672
 1370  -0.229810725500556  -0.585255569321731
 1371  -0.354468725500553  -0.581481593459671
 1372  -0.468196058800558  -0.582096180557883
 1373  -0.593802392200558  -0.578567495927160
 1374  -0.708147392200559  -0.570542245595661
 1375  -0.806511058800552  -0.562806500015910
 1376  -0.869989725500560  -0.551970033556159
 1377  -0.915068392200553  -0.541616498315520
 1378  -0.938760058800554  -0.527312377540440
 1379  -0.936101392200555  -0.510380775538934
 1380  -0.903189392200559  -0.484694712369432
 1381  -0.838174392200557  -0.453105012548306
 1382  -0.768420725500548  -0.417715877399104
 1383  -0.698289725500558  -0.379167845017662
 1384  -0.647271058800555  -0.344049848613324
 1385  -0.600299058800559  -0.309028465721212
 1386  -0.561577058800552  -0.277655873956320
 1387  -0.519308392200557  -0.252352887749993
 1388  -0.481958058800558  -0.231762953030213
 1389  -0.444070392200558  -0.217962435867364
 1390  -0.424605058800552  -0.209780539813352
 1391  -0.415724392200559  -0.208874303685818
 1392  -0.419266392200555  -0.208735464208260
 1393  -0.438823058800551  -0.211459010065681
 1394  -0.476362392200556  -0.210940000030803
 1395  -0.534209058800556  -0.205834134327333
 1396  -0.606217392200548  -0.201730445326007
 1397  -0.675367392200556  -0.197821408964103
 1398  -0.763944725500551  -0.194324349375378
 1399  -0.874764725500555  -0.192726138616365
 1400  -0.986347392200557  -0.199393270048077
 1401  -1.103725058800549  -0.213500630290923
 1402  -1.208008058800559  -0.233278099828880
 1403  -1.294055392200548  -0.259140088401097
 1404  -1.369012392200560  -0.289708958887530
 1405  -1.405894058800556  -0.326856430298392
 1406  -1.426843058800557  -0.368165915724120
 1407  -1.427839392200553  -0.403365177520811
 1408  -1.403296392200559  -0.437622250478171
 1409  -1.357493725500561  -0.464589534067954
 1410  -1.290880725500557  -0.492674385262603
 1411  -1.204663392200558  -0.517066285435462
 1412  -1.109246392200561  -0.538786476974735
 1413  -0.987359392200560  -0.553262403503652
 1414  -0.875507058800551  -0.560034884493419
 1415  -0.762183725500549  -0.557976397491402
 1416  -0.648093058800555  -0.555981498353461
 1417  -0.552670058800558  -0.548387692931669
 1418  -0.456568058800556  -0.544427806337936
 1419  -0.387385058800561  -0.538808370040286
 1420  -0.318829725500549  -0.533210075995839
 1421  -0.245265058800555  -0.529048681900861
 1422  -0.170508058800550  -0.524490769713424
 1423  -0.100389058800559  -0.521542513531102
 1424  -0.025736392200557  -0.519338381321177
 1425   0.035461274499440  -0.517312534796616
 1426   0.083252941199447  -0.514609380560472
 1427   0.104046941199442  -0.507788839387572
 1428   0.098436607799442  -0.500498496855144
 1429   0.064111941199442  -0.492907533450293
 1430  -0.001774725500553  -0.482093335772646
 1431  -0.063679725500549  -0.469166771543726
 1432  -0.131283392200558  -0.456633133851184
 1433  -0.212641725500561  -0.444432691101667
 1434  -0.285764392200548  -0.435352148104400
 1435  -0.354373058800547  -0.427257319018324
 1436  -0.422549058800556  -0.417174639008678
 1437  -0.487795058800558  -0.403290667623168
 1438  -0.525094392200558  -0.387200854524906
 1439  -0.524231392200548  -0.371458950172979
 1440  -0.501364725500551  -0.359646392376959
 1441  -0.436511725500552  -0.348610854494410
 1442  -0.366884725500555  -0.339576341550753
 1443  -0.284232725500559  -0.334991855830182
 1444  -0.186055392200558  -0.336194610093060
 1445  -0.084881725500551  -0.343280458045427
 1446   0.006211607799443  -0.353800069202137
 1447   0.104107941199445  -0.370380129727778
 1448   0.214157607799450  -0.388615080338127
 1449   0.300202607799449  -0.405576234978383
 1450   0.350566274499442  -0.423237305206953
 1451   0.366240941199450  -0.440804706002510
 1452   0.355031274499453  -0.458834307701323
 1453   0.336011941199445  -0.479702670757689
 1454   0.295118274499444  -0.493079130224785
 1455   0.226160607799443  -0.503699121876735
 1456   0.137907941199444  -0.508901855460621
 1457   0.027617941199452  -0.511393044198755
 1458  -0.100581725500561  -0.506599568787195
 1459  -0.244357058800560  -0.499077989052367
 1460  -0.396077725500561  -0.486462991577028
 1461  -0.544971392200551  -0.468491212413426
 1462  -0.672284392200552  -0.444820487511720
 1463  -0.796183392200561  -0.414190604440037
 1464  -0.888046392200550  -0.377244154162113
 1465  -0.957750725500560  -0.337141160021091
 1466  -0.990929725500550  -0.296956872934814
 1467  -0.976916392200550  -0.260236863022641
 1468  -0.919709725500553  -0.225594907141769
 1469  -0.828757725500552  -0.200611606858885
 1470  -0.717691392200550  -0.185489399819090
 1471  -0.586909058800558  -0.178659340083328
 1472  -0.445618058800548  -0.180637683578425
 1473  -0.302706058800553  -0.191908970389207
 1474  -0.171432058800548  -0.207668343034058
 1475  -0.052474392200551  -0.229548946642211
 1476   0.054640941199452  -0.257468983303767
 1477   0.149427274499445  -0.283968503944223
 1478   0.219230941199442  -0.310465364261006
 1479   0.253754607799451  -0.336943933227019
 1480   0.265722274499453  -0.364477736928748
 1481   0.262750941199442  -0.392792350521589
 1482   0.231073941199440  -0.417257467439384
 1483   0.180931941199447  -0.439419831035011
 1484   0.121134274499440  -0.464585192323099
 1485   0.045818274499439  -0.490473031934158
 1486  -0.033192058800552  -0.517254656802365
 1487  -0.110516058800556  -0.544064284358456
 1488  -0.196930392200557  -0.564117010666422
 1489  -0.286826725500561  -0.578626985612757
 1490  -0.359284725500558  -0.591438908703921
 1491  -0.410611392200551  -0.601431015433391
 1492  -0.448557058800560  -0.603704134645099
 1493  -0.485309725500557  -0.605459375829852
 1494  -0.516751725500555  -0.601335423564933
 1495  -0.549622725500555  -0.599213170528657
 1496  -0.571679392200551  -0.599796965267359
 1497  -0.585220058800559  -0.603008398255724
 1498  -0.580179392200549  -0.605040851246457
 1499  -0.559698058800549  -0.605697570927504
 1500  -0.530793058800555  -0.603544065710196
 1501  -0.508669058800550  -0.598406727716920
 1502  -0.490575058800559  -0.592225787721958
 1503  -0.463838392200557  -0.586143259077446
 1504  -0.435172725500550  -0.575768561451099
 1505  -0.401778725500549  -0.564654805321652
 1506  -0.384755058800550  -0.549455723981268
 1507  -0.363046392200559  -0.529784506646635
 1508  -0.342131392200557  -0.510657319004864
 1509  -0.338725392200558  -0.492307321381674
 1510  -0.339467058800551  -0.468252819783046
 1511  -0.348205392200555  -0.444032080210178
 1512  -0.367459392200558  -0.424970969948248
 1513  -0.396576058800548  -0.408979522272674
 1514  -0.435744392200547  -0.396931651492935
 1515  -0.496431725500557  -0.384097754788883
 1516  -0.571088392200551  -0.375593795943445
 1517  -0.660486725500547  -0.363028536747748
 1518  -0.771227058800548  -0.352837592259945
 1519  -0.891657058800547  -0.338880662253757
 1520  -1.009246392200552  -0.321308583037307
 1521  -1.131717392200557  -0.299877812261400
 1522  -1.236299058800554  -0.273077907983208
 1523  -1.322466725500547  -0.248750838547977
 1524  -1.371496392200555  -0.225643305649911
 1525  -1.381911725500558  -0.208331900013363
 1526  -1.344083725500553  -0.197709010424632
 1527  -1.287897725500557  -0.194343393274451
 1528  -1.196612725500557  -0.198152712071746
 1529  -1.077471058800555  -0.210915616433908
 1530  -0.966177725500557  -0.230302791622847
 1531  -0.858651392200557  -0.254454744885095
 1532  -0.727029392200549  -0.287294113194747
 1533  -0.599673058800548  -0.322258080467833
 1534  -0.487933392200560  -0.352427677868903
 1535  -0.383891392200553  -0.383711099993178
 1536  -0.297933725500556  -0.412432332057193
 1537  -0.248483392200555  -0.430678777248815
 1538  -0.211812725500550  -0.446613638663663
 1539  -0.191796058800549  -0.459244641395827
 1540  -0.192967725500552  -0.466208949793469
 1541  -0.219813725500558  -0.463766075199132
 1542  -0.255502725500548  -0.460055100787301
 1543  -0.320227725500558  -0.451987734570082
 1544  -0.398082058800554  -0.447243600338311
 1545  -0.479102058800549  -0.446365015774717
 1546  -0.554919725500554  -0.444129919266430
 1547  -0.611545725500548  -0.450545295962783
 1548  -0.664798392200552  -0.462429987098844
 1549  -0.701625058800559  -0.476502570760374
 1550  -0.743571392200550  -0.488744318036169
 1551  -0.769265725500560  -0.499224581797066
 1552  -0.784138058800551  -0.505648834126504
 1553  -0.805929058800558  -0.505644219902152
 1554  -0.828311392200547  -0.502857141774740
 1555  -0.854328725500551  -0.497806558661168
 1556  -0.880197392200557  -0.489827122064824
 1557  -0.886209058800560  -0.483901955833687
 1558  -0.896058725500552  -0.473449004022243
 1559  -0.904578392200548  -0.459927208459632
 1560  -0.913697725500555  -0.448894799743414
 1561  -0.929946058800553  -0.437266517110999
 1562  -0.952967058800553  -0.429717696053572
 1563  -0.977074392200549  -0.419646163639484
 1564  -1.017263392200547  -0.409569296271229
 1565  -1.051304725500557  -0.396720538090037
 1566  -1.086274392200551  -0.379831951303757
 1567  -1.121567725500555  -0.360883920980285
 1568  -1.170940392200549  -0.339257142242786
 1569  -1.212536725500556  -0.318969014813234
 1570  -1.263798058800560  -0.297216444406246
 1571  -1.293447725500556  -0.272868285167618
 1572  -1.301907725500556  -0.248093327717896
 1573  -1.306559058800559  -0.229382667500332
 1574  -1.290754392200554  -0.215842179513047
 1575  -1.258190392200561  -0.207000644469034
 1576  -1.209112392200552  -0.200060636148535
 1577  -1.138113392200552  -0.200537163791012
 1578  -1.037575725500560  -0.205159125784192
 1579  -0.904522725500556  -0.212051167952097
 1580  -0.767139392200548  -0.219820733112144
 1581  -0.606824725500559  -0.230429125734730
 1582  -0.438616392200558  -0.242976223517658
 1583  -0.278286725500550  -0.252942211528591
 1584  -0.142662725500557  -0.256956658846391
 1585  -0.023843392200547  -0.258435265727840
 1586   0.065242274499440  -0.258640975439562
 1587   0.127569941199440  -0.254744954872791
 1588   0.130325607799449  -0.251322041725629
 1589   0.111656607799446  -0.246978381093157
 1590   0.096173607799443  -0.246619274682658
 1591   0.047364941199447  -0.248329042158687
 1592  -0.010685058800547  -0.251958061098364
 1593  -0.079595392200559  -0.261322291447328
 1594  -0.154247725500554  -0.273391404120673
 1595  -0.246980725500549  -0.290801851667737
 1596  -0.339385392200555  -0.313623466615979
 1597  -0.441019058800549  -0.340330551766570
 1598  -0.554858392200558  -0.366838717381739
 1599  -0.661977392200555  -0.396367141729883
 1600  -0.758160392200551  -0.428178741613110
 1601  -0.847501392200556  -0.458349381658039
 1602  -0.925818725500548  -0.483966399568132
 1603  -1.007011725500547  -0.502259653779120
 1604  -1.074553058800561  -0.513783762930075
 1605  -1.116841392200556  -0.521034859104660
 1606  -1.138468392200551  -0.515583048082590
 1607  -1.142421392200561  -0.497401370311195
 1608  -1.122663392200550  -0.470380667285227
 1609  -1.087195725500550  -0.435994494265060
 1610  -1.035963725500551  -0.399167255489218
 1611  -0.978355058800560  -0.356340011341956
 1612  -0.906151725500550  -0.310438870447214
 1613  -0.818202725500555  -0.267187351585761
 1614  -0.726676392200559  -0.227378367703793
 1615  -0.638329392200561  -0.193307183131239
 1616  -0.559580392200559  -0.168596907443330
 1617  -0.487257725500555  -0.146746077468904
 1618  -0.417591058800554  -0.128163536727115
 1619  -0.377841392200551  -0.110013002199494
 1620  -0.374481392200551  -0.093471171419409
 1621  -0.381372058800551  -0.080539233719946
 1622  -0.393008725500550  -0.070725075410067
 1623  -0.428363058800556  -0.066093395620470
 1624  -0.486402725500554  -0.062252026438813
 1625  -0.529525725500548  -0.063814372468997
 1626  -0.602070392200559  -0.070952771254966
 1627  -0.691019058800549  -0.082317288167985
 1628  -0.794822392200558  -0.095809050673211
 1629  -0.904198725500549  -0.110046737071229
 1630  -1.032410392200561  -0.128314351993382
 1631  -1.153124392200553  -0.149171322435905
 1632  -1.263049725500551  -0.172120111489832
 1633  -1.364376725500549  -0.196130153748129
 1634  -1.425244725500548  -0.218716891961151
 1635  -1.467334058800560  -0.242219857987180
 1636  -1.471072392200554  -0.264310602174120
 1637  -1.440642058800549  -0.284067593698097
 1638  -1.372387725500559  -0.304348067568966
 1639  -1.267843725500555  -0.325322069815471
 1640  -1.149879725500554  -0.346511592436997
 1641  -1.020693058800560  -0.368167902501696
 1642  -0.893075725500552  -0.395120578838743
 1643  -0.767376058800551  -0.425504230502725
 1644  -0.634813058800560  -0.459749617044565
 1645  -0.510881725500553  -0.493998838898250
 1646  -0.397261725500556  -0.528508987335272
 1647  -0.304958058800551  -0.556078495499690
 1648  -0.222679058800551  -0.580572498525044
 1649  -0.152033058800555  -0.599292659324377
 1650  -0.101614058800550  -0.607397904550083
 1651  -0.107301058800559  -0.605018402058818
 1652  -0.140382392200550  -0.593936170304474
 1653  -0.204902058800556  -0.578850076165622
 1654  -0.305193058800555  -0.558857287396265
 1655  -0.414441392200558  -0.536364620675883
 1656  -0.523204058800559  -0.515791939784876
 1657  -0.640802058800560  -0.496399363873195
 1658  -0.738921392200552  -0.486488225995217
 1659  -0.815069725500550  -0.480101398886092
 1660  -0.858522392200555  -0.477209078207252
 1661  -0.866602725500556  -0.474023601385241
 1662  -0.855798392200555  -0.468561599348988
 1663  -0.823022392200556  -0.459432883321597
 1664  -0.784671392200551  -0.444786558393531
 1665  -0.739087392200560  -0.419992653327597
 1666  -0.680791058800551  -0.391246149976098
 1667  -0.620825725500552  -0.358062322161402
 1668  -0.537070725500556  -0.325420502447784
 1669  -0.457431058800552  -0.287111621004499
 1670  -0.395264058800549  -0.247158926876182
 1671  -0.343721725500558  -0.210962654431540
 1672  -0.302222058800552  -0.181008417701804
 1673  -0.281569392200552  -0.158811626042890
 1674  -0.276594392200550  -0.145699330640298
 1675  -0.282953725500548  -0.140712583127652
 1676  -0.308074392200552  -0.142644503765098
 1677  -0.368678725500558  -0.146768314555686
 1678  -0.436501058800559  -0.151305746893030
 1679  -0.515315725500557  -0.161233889995103
 1680  -0.611587058800552  -0.169436893101619
 1681  -0.711460725500558  -0.180291385942212
 1682  -0.818280392200549  -0.191451145534074
 1683  -0.897367392200550  -0.199081394878334
 1684  -0.977182392200561  -0.196810591446152
 1685  -1.048016058800556  -0.191403054943308
 1686  -1.087016058800558  -0.181186201084557
 1687  -1.101035392200558  -0.172560988909382
 1688  -1.082177725500557  -0.161822938102802
 1689  -1.027773725500552  -0.152011288214226
 1690  -0.950619392200551  -0.142684870198380
 1691  -0.847892058800554  -0.135810264966523
 1692  -0.710622058800553  -0.132569601395076
 1693  -0.553255392200555  -0.130819643652231
 1694  -0.395112058800549  -0.131447686636548
 1695  -0.236710058800554  -0.139786145218721
 1696  -0.089222058800559  -0.155440022094893
 1697   0.068319941199448  -0.175888804649716
 1698   0.210643941199450  -0.200031439122967
 1699   0.329530941199451  -0.226232774858730
 1700   0.436953607799452  -0.252243846689979
 1701   0.532677941199452  -0.274373033198060
 1702   0.615821941199442  -0.297765015863405
 1703   0.657826607799450  -0.317011285674837
 1704   0.669463274499449  -0.330046742467147
 1705   0.639104607799439  -0.338133419525377
 1706   0.574200274499447  -0.341299789195233
 1707   0.468220274499444  -0.331756145460275
 1708   0.332062941199439  -0.314862426387009
 1709   0.179630607799453  -0.291877183376414
 1710   0.010445274499446  -0.261758676578324
 1711  -0.167604725500553  -0.227515290927755
 1712  -0.342778725500551  -0.192038881997917
 1713  -0.487800058800559  -0.158563433106451
 1714  -0.621850392200557  -0.123341088218382
 1715  -0.717263725500558  -0.090736489656720
 1716  -0.787410392200556  -0.064760025469027
 1717  -0.839669392200548  -0.048832924892267
 1718  -0.855553725500556  -0.041611990298563
 1719  -0.843035392200548  -0.047239995649832
 1720  -0.806038725500557  -0.061991050339827
 1721  -0.738081725500550  -0.082750044227140
 1722  -0.640645392200554  -0.109024374320924
 1723  -0.510231725500560  -0.143670195351632
 1724  -0.361733725500557  -0.181839358410045
 1725  -0.202193725500550  -0.223011215863764
 1726  -0.064273725500556  -0.261267030475906
 1727   0.062365941199445  -0.297798971280301
 1728   0.173785607799445  -0.330271937792148
 1729   0.277924941199444  -0.361860833338653
 1730   0.360965607799443  -0.387315905229357
 1731   0.438066607799442  -0.404254122906679
 1732   0.484192274499449  -0.409668158928014
 1733   0.511582941199450  -0.407109400691553
 1734   0.531190941199441  -0.405889829934665
 1735   0.526384607799443  -0.401543553603346
 1736   0.494784941199441  -0.396348432257739
 1737   0.447476607799445  -0.390687745596892
 1738   0.393777274499442  -0.382619324458403
 1739   0.347755607799442  -0.374205008120114
 1740   0.313360607799453  -0.369090450831251
 1741   0.286541607799450  -0.357642287781573
 1742   0.270060941199446  -0.345076357904617
 1743   0.260484607799441  -0.334097012873386
 1744   0.256208607799451  -0.322527168315986
 1745   0.266857941199447  -0.313441189271074
 1746   0.269938941199442  -0.300617110923397
 1747   0.266293941199450  -0.283098403058574
 1748   0.261735941199447  -0.267031599083595
 1749   0.251499274499452  -0.253899768235215
 1750   0.228769607799450  -0.243179700960155
 1751   0.198630274499450  -0.238783699118940
 1752   0.162669941199439  -0.237302408399685
 1753   0.120992941199447  -0.235458527166102
 1754   0.065094274499444  -0.234221909952950
 1755   0.001727607799452  -0.234637677023969
 1756  -0.054021725500547  -0.237473212932173
 1757  -0.109523725500551  -0.246958555032023
 1758  -0.175649058800559  -0.258123786511888
 1759  -0.240953392200552  -0.271330864356685
 1760  -0.316436725500552  -0.286492837864870
 1761  -0.394458725500556  -0.302583312375816
 1762  -0.448550725500553  -0.317322286859252
 1763  -0.481816392200557  -0.331161685918673
 1764  -0.514321725500551  -0.341711841403495
 1765  -0.534097725500558  -0.348351026351708
 1766  -0.522957058800557  -0.345721165769277
 1767  -0.495877392200555  -0.339099857089536
 1768  -0.446173725500557  -0.327767210277045
 1769  -0.366642058800551  -0.308570028106686
 1770  -0.259794725500555  -0.286905886668123
 1771  -0.131262058800559  -0.267372925014357
 1772   0.005083941199445  -0.247410094873175
 1773   0.163984941199445  -0.232760348736988
 1774   0.328149607799446  -0.225578516609616
 1775   0.499799607799446  -0.223132310890790
 1776   0.686279607799449  -0.227368452230209
 1777   0.875619274499442  -0.239325664643218
 1778   1.045433941199448  -0.255345527686103
 1779   1.215108607799451  -0.278670674914636
 1780   1.353569607799443  -0.306756176184010
 1781   1.473249941199441  -0.335001319166807
 1782   1.551185274499446  -0.363722258515608
 1783   1.592671941199441  -0.397226766630396
 1784   1.589133941199449  -0.428837626966597
 1785   1.557553274499440  -0.458248131561419
 1786   1.481556607799448  -0.482003264687066
 1787   1.357749274499440  -0.493871537053494
 1788   1.199484274499440  -0.498799445757228
 1789   0.991889274499442  -0.497416663385351
 1790   0.767970941199451  -0.491399504467751
 1791   0.540057274499446  -0.479244456425818
 1792   0.315217274499446  -0.467052890762332
 1793   0.103702607799448  -0.451676538138997
 1794  -0.087111392200555  -0.435558334270922
 1795  -0.273333392200556  -0.416761852288388
 1796  -0.408998392200559  -0.398887256257822
 1797  -0.522454058800548  -0.382432978709858
 1798  -0.594949058800552  -0.362669530586771
 1799  -0.642222058800556  -0.346240191287919
 1800  -0.663112725500554  -0.324939009492496
 1801  -0.663622725500559  -0.301254182496251
 1802  -0.643992392200559  -0.280978093868455
 1803  -0.604086392200557  -0.257871398829266
 1804  -0.560823392200561  -0.239175721103948
 1805  -0.518474058800550  -0.219269854788621
 1806  -0.478175725500549  -0.203864240233784
 1807  -0.441419392200558  -0.193008262770348
 1808  -0.424428392200554  -0.188812842715762
 1809  -0.418783725500560  -0.189658668138293
 1810  -0.427120392200550  -0.192797392210935
 1811  -0.448251725500555  -0.197230631359830
 1812  -0.473041058800561  -0.201745926039266
 1813  -0.509454058800557  -0.206380863861312
 1814  -0.561027392200558  -0.205892521942346
 1815  -0.642397392200550  -0.200839117056816
 1816  -0.727793058800557  -0.190911685455831
 1817  -0.805618058800547  -0.183886705655681
 1818  -0.872423725500553  -0.177696785258902
 1819  -0.946844058800551  -0.174171402126788
 1820  -1.021479058800551  -0.170104591809860
 1821  -1.084470725500552  -0.165829878887919
 1822  -1.135547392200550  -0.165692865302674
 1823  -1.184791725500560  -0.168078019609226
 1824  -1.218720725500560  -0.174777878659853
 1825  -1.235317058800561  -0.185822897899982
 1826  -1.218688058800552  -0.203706133144067
 1827  -1.180313058800550  -0.227863333567058
 1828  -1.112633725500558  -0.256258389209009
 1829  -1.017271392200556  -0.286338567018248
 1830  -0.896168725500559  -0.317946148582834
 1831  -0.742407392200548  -0.346188826750947
 1832  -0.564684725500555  -0.370982920674606
 1833  -0.381948058800560  -0.390949573938641
 1834  -0.202562725500556  -0.406518659235346
 1835  -0.043192725500560  -0.413648658299479
 1836   0.100249274499447  -0.414332641907592
 1837   0.237613941199442  -0.412437350086577
 1838   0.371447274499445  -0.406871067184312
 1839   0.486575607799452  -0.395950837766534
 1840   0.561336607799447  -0.377942715251578
 1841   0.620260941199447  -0.355695891683553
 1842   0.641340607799449  -0.332856085909015
 1843   0.644449941199440  -0.307790817079166
 1844   0.623816274499447  -0.282529255155069
 1845   0.604255274499451  -0.264631281929553
 1846   0.563470607799445  -0.246662439700117
 1847   0.514510274499443  -0.232117541257708
 1848   0.444310607799451  -0.227576582204236
 1849   0.367080607799451  -0.229824294624080
 1850   0.280519607799448  -0.245282738830767
 1851   0.198450607799444  -0.267087363901638
 1852   0.114906607799441  -0.294125793907753
 1853   0.030769607799442  -0.323206299485278
 1854  -0.041932058800555  -0.352398059145173
 1855  -0.109578392200561  -0.379296914892308
 1856  -0.172784725500549  -0.401732638732909
 1857  -0.214867392200560  -0.420893645065959
 1858  -0.260133725500552  -0.430601319805447
 1859  -0.283007058800550  -0.440160164097392
 1860  -0.279679058800554  -0.444335720249455
 1861  -0.270423392200556  -0.439832966165582
 1862  -0.242711058800552  -0.427187171199506
 1863  -0.191817058800552  -0.408466688104994
 1864  -0.121335725500558  -0.388181730454860
 1865  -0.030653392200549  -0.368882956694620
 1866   0.068438274499442  -0.348736333590423
 1867   0.150907941199449  -0.326524400868351
 1868   0.211885607799445  -0.299630898493362
 1869   0.260181607799453  -0.266041976115048
 1870   0.292247941199449  -0.232044640399465
 1871   0.296047941199447  -0.199284611551917
 1872   0.295922607799440  -0.168848858390689
 1873   0.242817941199448  -0.144660164520658
 1874   0.179738941199446  -0.122603391400176
 1875   0.112086941199451  -0.108656629613890
 1876   0.042794274499443  -0.100074376230410
 1877  -0.052466725500551  -0.093752393523559
 1878  -0.149193058800549  -0.089060891494526
 1879  -0.258447058800556  -0.086596662380614
 1880  -0.366043725500560  -0.089763585704148
 1881  -0.488384058800548  -0.091990063390767
 1882  -0.601152392200561  -0.093994667739139
 1883  -0.712345392200561  -0.094618734197837
 1884  -0.819133058800560  -0.097659137784774
 1885  -0.894571392200561  -0.100437496091644
 1886  -0.962991392200550  -0.097660107363808
 1887  -1.033294392200560  -0.091186784952214
 1888  -1.093011058800556  -0.080571802760318
 1889  -1.131247392200549  -0.068979012522760
 1890  -1.149827392200550  -0.057057117979213
 1891  -1.164292392200551  -0.044457190433207
 1892  -1.144954392200560  -0.034920012979242
 1893  -1.097748725500551  -0.032716391819505
 1894  -1.023101725500553  -0.037053230050063
 1895  -0.919209058800547  -0.050708786213235
 1896  -0.789434725500556  -0.074056676136280
 1897  -0.653177058800551  -0.108396370308682
 1898  -0.522833725500547  -0.148467056688830
 1899  -0.388327392200551  -0.199676058206208
 1900  -0.279529058800549  -0.257688041782259
 1901  -0.177243058800556  -0.316875025450798
 1902  -0.084326392200552  -0.377143955274676
 1903  -0.001517392200554  -0.440407549195555
 1904   0.058656607799449  -0.495816206845419
 1905   0.073352274499442  -0.535858760180602
 1906   0.068914941199452  -0.565216901349544
 1907   0.054609941199445  -0.585981827190864
 1908   0.017223607799451  -0.591377023222208
 1909  -0.046179725500551  -0.585806860076445
 1910  -0.112779392200551  -0.573629717707547
 1911  -0.188594392200557  -0.552977815360720
 1912  -0.250686058800554  -0.530275713984878
 1913  -0.298134725500560  -0.502448623051833
 1914  -0.321168392200548  -0.470540324088603
 1915  -0.320803725500554  -0.442390034537667
 1916  -0.305735392200560  -0.419259467604732
 1917  -0.299296058800550  -0.401740136754697
 1918  -0.287448392200560  -0.386629716495378
 1919  -0.285405058800549  -0.373494660576327
 1920  -0.297005058800551  -0.359562140776248
 1921  -0.330704725500553  -0.349494575890745
 1922  -0.383408058800555  -0.338960903983775
 1923  -0.450289058800550  -0.325012464632010
 1924  -0.527766392200547  -0.312654281022816
 1925  -0.601623392200551  -0.306883751836679
 1926  -0.687150725500558  -0.300561089185905
 1927  -0.771003392200555  -0.293188130630028
 1928  -0.868382392200559  -0.282157509357219
 1929  -0.960696725500554  -0.267509637384848
 1930  -1.057870392200556  -0.253716423986120
 1931  -1.145430058800557  -0.237586337528299
 1932  -1.211152392200560  -0.220375877818597
 1933  -1.256309392200549  -0.201659369949908
 1934  -1.275008725500555  -0.182728100252973
 1935  -1.264519392200555  -0.163624704018602
 1936  -1.229018725500552  -0.146167670506003
 1937  -1.172075058800559  -0.134515504386997
 1938  -1.094458058800555  -0.126238243668766
 1939  -0.980738392200550  -0.124277086541085
 1940  -0.832648392200554  -0.131815076773961
 1941  -0.659567392200557  -0.141351724819813
 1942  -0.449156058800554  -0.159059728164365
 1943  -0.236730058800561  -0.183856836549637
 1944  -0.029130058800547  -0.215689095378877
 1945   0.178601941199446  -0.247274753349799
 1946   0.373187607799451  -0.281371557652136
 1947   0.545702607799441  -0.312373915679899
 1948   0.666663941199445  -0.339773685438857
 1949   0.761629274499441  -0.362333735829154
 1950   0.844279941199446  -0.382297307887185
 1951   0.884141607799450  -0.397712664446658
 1952   0.902653274499443  -0.409532464965608
 1953   0.891900607799442  -0.421263109256330
 1954   0.853971941199447  -0.424375400792059
 1955   0.786637607799449  -0.425638878476619
 1956   0.703902274499441  -0.422481449442088
 1957   0.624240274499442  -0.414698984634200
 1958   0.506650274499449  -0.404050478480528
 1959   0.360225274499442  -0.388665452092908
 1960   0.201875941199447  -0.370803341003196
 1961   0.054595274499448  -0.351109514662411
 1962  -0.089414725500561  -0.331029864034960
 1963  -0.216954392200549  -0.316002473796729
 1964  -0.322152725500558  -0.304209251115182
 1965  -0.402546392200549  -0.293781425883310
 1966  -0.463973392200558  -0.283132136730359
 1967  -0.487872392200558  -0.271269432708152
 1968  -0.484244058800556  -0.257897665329452
 1969  -0.457691725500553  -0.245970261944507
 1970  -0.409083725500551  -0.236280542172580
 1971  -0.348861392200547  -0.228641268094350
 1972  -0.268773058800548  -0.220535037399898
 1973  -0.170571725500551  -0.213574566978451
 1974  -0.071969725500551  -0.208127783657176
 1975   0.017891607799442  -0.202479333233086
 1976   0.099769941199440  -0.189962634480850
 1977   0.196151274499442  -0.178343571258836
 1978   0.268306607799445  -0.164981581554358
 1979   0.351705941199441  -0.153345169062803
 1980   0.439991941199452  -0.146239774272544
 1981   0.498779607799449  -0.143350042327597
 1982   0.548025941199441  -0.141809708830735
 1983   0.575208941199449  -0.139894401847570
 1984   0.579280941199443  -0.140390242244905
 1985   0.543161941199443  -0.140794934621908
 1986   0.481485941199452  -0.140681975186780
 1987   0.388723607799449  -0.138243275449597
 1988   0.287807941199446  -0.134933038801918
 1989   0.159198607799439  -0.129074639788129
 1990   0.032053274499447  -0.122701761864533
 1991  -0.096801725500555  -0.112863888816563
 1992  -0.192609725500560  -0.099863581444779
 1993  -0.282740725500560  -0.089547749867180
 1994  -0.365599058800555  -0.081741882628748
 1995  -0.443710058800548  -0.076210287199586
 1996  -0.525811725500560  -0.075506093878261
 1997  -0.600061058800549  -0.079783892679828
 1998  -0.668552058800557  -0.088246715977164
 1999  -0.726949392200552  -0.105162740237418
 2000  -0.751311058800553  -0.129777804176754
