 1  -0.125220585823822   0.000000000078256
 2  -0.124359091136322  -0.000022358089306
 3  -0.121794454573822  -0.000089084082360
 4  -0.117679628636322  -0.000206382349666
 5  -0.111877922698822  -0.000372215912782
 6  -0.104734488011322  -0.000588210783007
 7  -0.096273081448822  -0.000860175676594
 8  -0.087046069886322  -0.001186887028186
 9  -0.077464969886322  -0.001531999586438
 10  -0.067618457386322  -0.001901085891607
 11  -0.058052312386322  -0.002264680891867
 12  -0.048755329886322  -0.002593426591954
 13  -0.040796665198822  -0.002831413720447
 14  -0.033756227073822  -0.002984040096251
 15  -0.028515511448822  -0.002997473233266
 16  -0.024419713636322  -0.002917151265043
 17  -0.021105883948822  -0.002767047924553
 18  -0.019209187073822  -0.002546939692358
 19  -0.018480403323822  -0.002189560412443
 20  -0.018550191136322  -0.001815559312517
 21  -0.019813021448822  -0.001391454831508
 22  -0.021969822698822  -0.000938490415803
 23  -0.024661257698822  -0.000471716191238
 24  -0.027411017698822  -0.000061714451793
 25  -0.029575063011322   0.000255998580723
 26  -0.031209075823822   0.000405646767523
 27  -0.031908692073822   0.000483049363230
 28  -0.032081520198822   0.000444429528789
 29  -0.031826253636322   0.000311771145520
 30  -0.031077683323822   0.000112616032331
 31  -0.029800107698822  -0.000167571358431
 32  -0.028311018636322  -0.000417362999689
 33  -0.026833176761322  -0.000702497487428
 34  -0.025381330511322  -0.000939721752003
 35  -0.023880357698822  -0.001120758635701
 36  -0.023586899886322  -0.001232396792318
 37  -0.023833179573822  -0.001278429429858
 38  -0.024739520823822  -0.001195010633210
 39  -0.025969756761322  -0.001076194534919
 40  -0.027239883948822  -0.000943802795600
 41  -0.028798019261322  -0.000806079183649
 42  -0.030885211761322  -0.000618360449668
 43  -0.033325298948822  -0.000412607442937
 44  -0.036030263011322  -0.000264801903005
 45  -0.038592346448822  -0.000140303737397
 46  -0.040841740511322  -0.000069581276093
 47  -0.042643763948822  -0.000048880466821
 48  -0.044078519886322  -0.000063481739816
 49  -0.045369266136322  -0.000072673389841
 50  -0.046598175823822  -0.000050014865279
 51  -0.047366111761322  -0.000038520335502
 52  -0.047922331136322  -0.000044184714546
 53  -0.048348969573822  -0.000047214491252
 54  -0.048376612698822  -0.000090399028548
 55  -0.047839195823822  -0.000155867233424
 56  -0.046585204886322  -0.000229035198655
 57  -0.045044545511322  -0.000309328623262
 58  -0.043105271761322  -0.000394025370585
 59  -0.041018041136322  -0.000488201931876
 60  -0.039056396761322  -0.000569434830038
 61  -0.037273612698822  -0.000641595122823
 62  -0.035716018636322  -0.000718242322898
 63  -0.034404343636322  -0.000767988048707
 64  -0.033648480198822  -0.000847769875931
 65  -0.033501691136322  -0.000909232377246
 66  -0.033835607698822  -0.000962941704511
 67  -0.034270404573822  -0.000998301830670
 68  -0.034766868011322  -0.001038983459732
 69  -0.035390912698822  -0.001097015796283
 70  -0.036182883011322  -0.001129098463316
 71  -0.037095671136322  -0.001139088297069
 72  -0.038262371136322  -0.001084195212390
 73  -0.038892580511322  -0.001065202122286
 74  -0.039710294261322  -0.001059466562595
 75  -0.040347287073822  -0.001040014720604
 76  -0.040602525198822  -0.000971235113130
 77  -0.040628208948822  -0.000859463067986
 78  -0.040770523636322  -0.000712669013896
 79  -0.040755054261322  -0.000512335362955
 80  -0.040618424886322  -0.000317554014642
 81  -0.040113960511322  -0.000166129590851
 82  -0.039379801448822  -0.000057967245336
 83  -0.038006116136322   0.000023843834688
 84  -0.036334909261322   0.000045969588604
 85  -0.034397798323822  -0.000007711727431
 86  -0.032257468323822  -0.000155869749115
 87  -0.029922387698822  -0.000350684811680
 88  -0.027637923011322  -0.000630067183254
 89  -0.025613145198822  -0.000928236904503
 90  -0.023381504886322  -0.001246143073761
 91  -0.021807041448822  -0.001526752607357
 92  -0.019945234573822  -0.001869040134018
 93  -0.018351094261322  -0.002206436268867
 94  -0.017333482386322  -0.002473745616748
 95  -0.016989348636322  -0.002680170849281
 96  -0.017070162698822  -0.002853706304029
 97  -0.017953484261322  -0.002960245023184
 98  -0.019366041448822  -0.003007095373633
 99  -0.020851723948822  -0.002993596845987
 100  -0.022270611136322  -0.002917128394986
 101  -0.024219182386322  -0.002725385524381
 102  -0.026602560823822  -0.002461636005631
 103  -0.028968399886322  -0.002181403202671
 104  -0.031543364261322  -0.001902806435893
 105  -0.034177504886322  -0.001657829409003
 106  -0.036571080823822  -0.001434779770841
 107  -0.038732536761322  -0.001249700862938
 108  -0.040751466761322  -0.001090429693728
 109  -0.041969599886322  -0.000959794815485
 110  -0.042971353011322  -0.000873406699499
 111  -0.043617984573822  -0.000843112145143
 112  -0.044024812073822  -0.000847641618018
 113  -0.044074282073822  -0.000890356867917
 114  -0.043639912698822  -0.000982445085748
 115  -0.043178911761322  -0.001102673259399
 116  -0.042372030823822  -0.001251254600058
 117  -0.041465430823822  -0.001371377114787
 118  -0.040385346761322  -0.001464850341618
 119  -0.039361099886322  -0.001489148802565
 120  -0.038544650511322  -0.001436917504699
 121  -0.037703226761322  -0.001334200060214
 122  -0.036560875823822  -0.001188595389761
 123  -0.035801402386322  -0.000973317231241
 124  -0.035032445511322  -0.000697299732684
 125  -0.034611204886322  -0.000375779778689
 126  -0.034033492073822  -0.000087517593817
 127  -0.033085022386322   0.000090881720267
 128  -0.031753281136322   0.000233169755408
 129  -0.030276751761322   0.000340085947849
 130  -0.028727271448822   0.000401889878812
 131  -0.027353404261322   0.000497347487374
 132  -0.026040998948822   0.000568397440300
 133  -0.024304089886322   0.000618456180116
 134  -0.021990696761322   0.000668323858227
 135  -0.019622914886322   0.000682001086177
 136  -0.016915474573822   0.000674299518434
 137  -0.014214531136322   0.000662801027233
 138  -0.011860029261322   0.000604739070277
 139  -0.009750057073822   0.000520327957702
 140  -0.007777794573822   0.000458880416649
 141  -0.006605522386322   0.000338309650869
 142  -0.005985629573822   0.000179771971235
 143  -0.005566778636322   0.000074288234511
 144  -0.005888902386322   0.000055385878370
 145  -0.006377315823822   0.000007187767883
 146  -0.007547940198822   0.000033139188993
 147  -0.008986120823822   0.000090081275338
 148  -0.010924271448822   0.000171326867564
 149  -0.012650211761322   0.000248515413143
 150  -0.014464622073822   0.000284549839462
 151  -0.016332454573822   0.000336536212838
 152  -0.017524033948822   0.000297992547520
 153  -0.018524828636322   0.000192395378384
 154  -0.019023834261322   0.000093750994145
 155  -0.019148913948822  -0.000055675013091
 156  -0.019094902698822  -0.000213655230038
 157  -0.019571166448822  -0.000336495151476
 158  -0.020258716448822  -0.000404355628639
 159  -0.020786267073822  -0.000479809630249
 160  -0.021059193323822  -0.000571872662797
 161  -0.021447508323822  -0.000694920821848
 162  -0.021757331448822  -0.000840586035813
 163  -0.021784906448822  -0.001027384259735
 164  -0.021966391761322  -0.001184134958150
 165  -0.021551065198822  -0.001344181752533
 166  -0.021260367073822  -0.001526221250359
 167  -0.020896489886322  -0.001691020913572
 168  -0.020387260511322  -0.001864022547992
 169  -0.020244295198822  -0.001992184662155
 170  -0.019949767386322  -0.002116452892134
 171  -0.020089088636322  -0.002185124229657
 172  -0.020665193636322  -0.002210755607875
 173  -0.021648437698822  -0.002170454254911
 174  -0.022710635511322  -0.002069425808175
 175  -0.023784128323822  -0.001896638791430
 176  -0.025019394573822  -0.001690483331528
 177  -0.026253538323822  -0.001463591251914
 178  -0.027508244573822  -0.001210718320678
 179  -0.028838225823822  -0.000939787247643
 180  -0.029990630198822  -0.000675375190003
 181  -0.030657090198822  -0.000482021477319
 182  -0.030737914573822  -0.000320435627318
 183  -0.030509890511322  -0.000201306190340
 184  -0.030168540511322  -0.000104014254362
 185  -0.029686264573822  -0.000038005406315
 186  -0.028179228948822  -0.000036477832554
 187  -0.026598260511322  -0.000114080299720
 188  -0.024717130823822  -0.000249338832995
 189  -0.022609368011322  -0.000450263567420
 190  -0.020409118948822  -0.000685039115465
 191  -0.018270775511322  -0.000988119203247
 192  -0.016068004261322  -0.001288948769765
 193  -0.014155752386322  -0.001604048912386
 194  -0.012075795823822  -0.001967932109151
 195  -0.010480697073822  -0.002361676520794
 196  -0.009464314261322  -0.002614887544673
 197  -0.008681882386322  -0.002791945379912
 198  -0.007855331136322  -0.002908809177368
 199  -0.008147759573822  -0.002903490857608
 200  -0.008710693323822  -0.002822369156098
 201  -0.009820645511322  -0.002670484660358
 202  -0.011183434886322  -0.002486320454007
 203  -0.012594758011322  -0.002233323227520
 204  -0.013766218323822  -0.001990343721589
 205  -0.014668056136322  -0.001778643920707
 206  -0.014966885511322  -0.001573951111451
 207  -0.014549817073822  -0.001424570506952
 208  -0.013617826448822  -0.001376998087583
 209  -0.012390480823822  -0.001343933120336
 210  -0.011185163011322  -0.001363802005882
 211  -0.009201103323822  -0.001493867938180
 212  -0.006634136448822  -0.001667939532819
 213  -0.003383872386322  -0.001918287665991
 214   0.000415875426178  -0.002199517900312
 215   0.004373235426178  -0.002505663824431
 216   0.008589654488678  -0.002797561592007
 217   0.012465846051178  -0.003006194677595
 218   0.015529164176178  -0.003126195243427
 219   0.018337347613678  -0.003243621144813
 220   0.020184392926178  -0.003329782924335
 221   0.020449436676178  -0.003271086849289
 222   0.019079466363678  -0.003069026165644
 223   0.016859717613678  -0.002837658103602
 224   0.014685515426178  -0.002596441548642
 225   0.012233079488678  -0.002304157457403
 226   0.009823760738678  -0.002056451479018
 227   0.006688818238678  -0.001806125000980
 228   0.003125857926178  -0.001524522207151
 229  -0.000668222698822  -0.001256811029957
 230  -0.003829658323822  -0.001036650430293
 231  -0.006138771136322  -0.000926268736758
 232  -0.008724053011322  -0.000849839526541
 233  -0.011168556136322  -0.000779090421727
 234  -0.013142478323822  -0.000718206581834
 235  -0.014811977073822  -0.000732063204523
 236  -0.015625020198822  -0.000760212653546
 237  -0.016306953636322  -0.000778980799503
 238  -0.016767533011322  -0.000740280866447
 239  -0.017205362073822  -0.000588487141482
 240  -0.018130161761322  -0.000372580220092
 241  -0.018258547698822  -0.000171630526575
 242  -0.018006179886322   0.000018579694406
 243  -0.017623419261322   0.000244710185647
 244  -0.017612769573822   0.000499318086639
 245  -0.017247608323822   0.000789299130175
 246  -0.016156721761322   0.001015285276989
 247  -0.014107110823822   0.001222637479928
 248  -0.011461553636322   0.001367142078577
 249  -0.008166518323822   0.001437111111749
 250  -0.003943696448822   0.001430866742874
 251   0.000635123551178   0.001359262228970
 252   0.005233818551178   0.001246939549281
 253   0.010004475738678   0.001009825407653
 254   0.014902302926178   0.000668598911461
 255   0.019742879801178   0.000262511348706
 256   0.023992425738678  -0.000158184512791
 257   0.027338262926178  -0.000553012342891
 258   0.029857453551178  -0.000926450128742
 259   0.031326660738678  -0.001328016416047
 260   0.032439264488678  -0.001717664781977
 261   0.032068440426178  -0.002007384677566
 262   0.030700300738678  -0.002167736448305
 263   0.028759134488678  -0.002235732774080
 264   0.026093152613678  -0.002217054228851
 265   0.022439722613678  -0.002084985064927
 266   0.018513435113678  -0.001903374575839
 267   0.014025353551178  -0.001685221924640
 268   0.010185598238678  -0.001499550873424
 269   0.006111568238678  -0.001269567391665
 270   0.002115785113678  -0.001045591317826
 271  -0.001731053948822  -0.000862846690764
 272  -0.005485677073822  -0.000763487784506
 273  -0.008725715823822  -0.000780175926208
 274  -0.011977580511322  -0.000841323859171
 275  -0.014817311761322  -0.000926005735730
 276  -0.016902951761322  -0.001114091081439
 277  -0.018695265823822  -0.001314486446819
 278  -0.020028108323822  -0.001508535177988
 279  -0.020345609261322  -0.001746385347835
 280  -0.020391484573822  -0.001969002176698
 281  -0.020457140511322  -0.002133334569276
 282  -0.019846668323822  -0.002319406851604
 283  -0.019494552386322  -0.002440048390150
 284  -0.018680928011322  -0.002503232801751
 285  -0.018134252698822  -0.002424043649105
 286  -0.017167938636322  -0.002274157606566
 287  -0.016621558011322  -0.002042289724319
 288  -0.016677874261322  -0.001779177390041
 289  -0.016725582386322  -0.001486494415430
 290  -0.016910094261322  -0.001214004728876
 291  -0.017392988636322  -0.001000464526020
 292  -0.017281298011322  -0.000888789972865
 293  -0.017044551761322  -0.000795045590601
 294  -0.016266437073822  -0.000762544717707
 295  -0.015595638948822  -0.000761955025883
 296  -0.014515262073822  -0.000847345120503
 297  -0.013540586761322  -0.000941512447815
 298  -0.012357522073822  -0.001012597779886
 299  -0.011376911448822  -0.001015332291684
 300  -0.010468217698822  -0.001045073236678
 301  -0.010255934261322  -0.001009556619504
 302  -0.010075300198822  -0.000876649364506
 303  -0.010369157386322  -0.000682263050983
 304  -0.011492822698822  -0.000460067019362
 305  -0.013109808323822  -0.000279421130953
 306  -0.014531570198822  -0.000098638860843
 307  -0.016411957698822   0.000016596621929
 308  -0.018398315823822   0.000087944489762
 309  -0.020353563948822   0.000136458542561
 310  -0.022166343636322   0.000116408909672
 311  -0.023843962698822   0.000056334987062
 312  -0.025494649886322  -0.000067842712033
 313  -0.026917611448822  -0.000236873462529
 314  -0.029047057073822  -0.000375577737010
 315  -0.031059658636322  -0.000525797097257
 316  -0.032489993323822  -0.000688248512834
 317  -0.033752358011322  -0.000817872701970
 318  -0.034358226448822  -0.000932096045783
 319  -0.034703463636322  -0.000997535840854
 320  -0.034817470511322  -0.001013128994867
 321  -0.034746710823822  -0.001021170838666
 322  -0.034359010511322  -0.001023778477996
 323  -0.033565920198822  -0.001011894303475
 324  -0.032000807073822  -0.001025510303076
 325  -0.030262608636322  -0.001029667266351
 326  -0.027991260198822  -0.001094065425839
 327  -0.025599080511322  -0.001194996815990
 328  -0.023561158948822  -0.001316527693366
 329  -0.021309909573822  -0.001452455458291
 330  -0.019213136136322  -0.001633201912773
 331  -0.017683400823822  -0.001797704956790
 332  -0.015994721448822  -0.001954822424888
 333  -0.014689867698822  -0.002106157989725
 334  -0.013492075823822  -0.002271142173709
 335  -0.012877293636322  -0.002419479909512
 336  -0.012735969886322  -0.002514787458027
 337  -0.012314720511322  -0.002616887435717
 338  -0.012068776136322  -0.002698967241820
 339  -0.012332652386322  -0.002702950946959
 340  -0.012979039573822  -0.002646084972048
 341  -0.013542281136322  -0.002568988018874
 342  -0.014571712698822  -0.002411741514027
 343  -0.015549068011322  -0.002226732942492
 344  -0.016374638636322  -0.002002180327415
 345  -0.016647561136322  -0.001787106713868
 346  -0.016724911761322  -0.001568696299660
 347  -0.016617203948822  -0.001333923029752
 348  -0.016152706761322  -0.001115505415656
 349  -0.015387087386322  -0.000941992482009
 350  -0.014407493636322  -0.000838818144756
 351  -0.013587495198822  -0.000805597895280
 352  -0.012687340511322  -0.000844204097771
 353  -0.011830352386322  -0.000976406117316
 354  -0.010887228011322  -0.001137379889375
 355  -0.010039594573822  -0.001359673862421
 356  -0.008961264886322  -0.001640012509481
 357  -0.007588830511322  -0.001889168927379
 358  -0.006482889573822  -0.002119375327106
 359  -0.005664890823822  -0.002311535560251
 360  -0.005912523323822  -0.002370473035572
 361  -0.006900578011322  -0.002283547400645
 362  -0.008253107073822  -0.002186086095491
 363  -0.010183208011322  -0.002021669203087
 364  -0.011878266136322  -0.001821194724114
 365  -0.013814579573822  -0.001607869631839
 366  -0.015629661136322  -0.001393048557395
 367  -0.017768146448822  -0.001173792085304
 368  -0.019956008948822  -0.000999958396437
 369  -0.021803901761322  -0.000882797858265
 370  -0.023624621761322  -0.000807329046283
 371  -0.025697769886322  -0.000755362153770
 372  -0.027331239261322  -0.000749668351292
 373  -0.029291125198822  -0.000743696900067
 374  -0.030274888011322  -0.000819451715245
 375  -0.030475361761322  -0.000956913666202
 376  -0.029689221761322  -0.001118230216682
 377  -0.028756010511322  -0.001295293360032
 378  -0.027478623948822  -0.001474422032262
 379  -0.025994769886322  -0.001692671945004
 380  -0.024308638323822  -0.001920478454599
 381  -0.022912875823822  -0.002128800532749
 382  -0.021376431136322  -0.002317047943996
 383  -0.020265551448822  -0.002441378409091
 384  -0.019381193011322  -0.002561827275985
 385  -0.018224654261322  -0.002686855898131
 386  -0.017020446761322  -0.002779277592680
 387  -0.016027866448822  -0.002866188909408
 388  -0.015268030198822  -0.002894942539100
 389  -0.015041824261322  -0.002845951411572
 390  -0.014997017073822  -0.002768066404847
 391  -0.015612208636322  -0.002621417806475
 392  -0.016110244573822  -0.002506547626986
 393  -0.017197178948822  -0.002345741278588
 394  -0.017929416448822  -0.002224639353343
 395  -0.018834625198822  -0.002137872369532
 396  -0.019803862698822  -0.002090911997198
 397  -0.020786785198822  -0.002080091180206
 398  -0.021929151448822  -0.002107474028540
 399  -0.023709006136322  -0.002176888521037
 400  -0.024815403323822  -0.002363733142941
 401  -0.025476928636322  -0.002586307199341
 402  -0.025628441761322  -0.002856421558315
 403  -0.025478344573822  -0.003118249614702
 404  -0.025619183636322  -0.003346538521247
 405  -0.025835441761322  -0.003564458781614
 406  -0.026013832073822  -0.003794344767517
 407  -0.025845839261322  -0.003936783609071
 408  -0.025382570511322  -0.004023838174981
 409  -0.024534283011322  -0.004031732502275
 410  -0.023467745511322  -0.003947356259958
 411  -0.021868667073822  -0.003789425037733
 412  -0.020222942073822  -0.003603504729859
 413  -0.018222007698822  -0.003407368135656
 414  -0.015639573323822  -0.003238629192378
 415  -0.012380828948822  -0.003132649571285
 416  -0.008938020823822  -0.003059037352630
 417  -0.005508441448822  -0.003053020355912
 418  -0.001907760511322  -0.003110052880018
 419   0.001376466988678  -0.003156927038591
 420   0.004022609176178  -0.003236816719354
 421   0.005918733863678  -0.003291241478534
 422   0.007380907926178  -0.003309775834231
 423   0.008448826051178  -0.003344250078588
 424   0.009196708863678  -0.003372373622949
 425   0.009692176988678  -0.003385744447193
 426   0.009544629176178  -0.003380772154430
 427   0.009088181988678  -0.003341365137505
 428   0.007812172926178  -0.003276388844774
 429   0.006510256051178  -0.003191621753892
 430   0.004733322926178  -0.003050902627092
 431   0.002304651988678  -0.002824933547530
 432  -0.000317710823822  -0.002581956826705
 433  -0.002936935198822  -0.002321514389657
 434  -0.005505953636322  -0.002061579461405
 435  -0.008352476761322  -0.001854947771258
 436  -0.011249075823822  -0.001638416489089
 437  -0.013100673636322  -0.001510430080000
 438  -0.014865173011322  -0.001478030657600
 439  -0.016953556448822  -0.001467139345171
 440  -0.018556073011322  -0.001501114081701
 441  -0.019672815511322  -0.001548507657644
 442  -0.020281398011322  -0.001592852050601
 443  -0.020532839886322  -0.001589778771989
 444  -0.020533398011322  -0.001546665108979
 445  -0.020482419886322  -0.001441866748294
 446  -0.020078573948822  -0.001277679357488
 447  -0.019323006136322  -0.001091058380999
 448  -0.018041890511322  -0.000910640877445
 449  -0.016863422073822  -0.000701611903696
 450  -0.015752687698822  -0.000531850702235
 451  -0.015211315823822  -0.000366098636289
 452  -0.014791898011322  -0.000188266825993
 453  -0.014137154261322  -0.000096993854072
 454  -0.013446624886322  -0.000007864833439
 455  -0.012167836761322   0.000084811955386
 456  -0.010765033636322   0.000173161056392
 457  -0.008954350198822   0.000258407813623
 458  -0.006413986136322   0.000318624682554
 459  -0.003811707698822   0.000245839488046
 460  -0.001849267698822   0.000204041518373
 461  -0.000702618323822   0.000198193344745
 462   0.000791716363678   0.000180386643330
 463   0.002525935426178   0.000118022607827
 464   0.003995900113678   0.000060992641130
 465   0.005029857301178   0.000017260417873
 466   0.005705974801178  -0.000115572099271
 467   0.005730539801178  -0.000215048917624
 468   0.005993570738678  -0.000343611740420
 469   0.006202768551178  -0.000559587176295
 470   0.006575145426178  -0.000763517242889
 471   0.006423374488678  -0.000968544557351
 472   0.006580725426178  -0.001207238053990
 473   0.006575372301178  -0.001395035716940
 474   0.006767905113678  -0.001542226340205
 475   0.006475310113678  -0.001585691642655
 476   0.005972687926178  -0.001589642294214
 477   0.004758789488678  -0.001512241138419
 478   0.003385551051178  -0.001408302508402
 479   0.002349935113678  -0.001351619216818
 480   0.001459938238678  -0.001308839185259
 481   0.000619533863678  -0.001340941768552
 482   0.000245968863678  -0.001396459570786
 483   0.000596194801178  -0.001593224308356
 484   0.000889733863678  -0.001877619558538
 485   0.000973347926178  -0.002161286011874
 486   0.001306016363678  -0.002540966185120
 487   0.001990211988678  -0.002939191941196
 488   0.002892474488678  -0.003421145835923
 489   0.003329258551178  -0.003834549157971
 490   0.004129645426178  -0.004301971596678
 491   0.005045972926178  -0.004792189851113
 492   0.006057561051178  -0.005334336835564
 493   0.007431777613678  -0.005911077173820
 494   0.008385889801178  -0.006312917663830
 495   0.009912958863678  -0.006663806230408
 496   0.010975346363678  -0.006806823660574
 497   0.011669965738678  -0.006710765103005
 498   0.012522725738678  -0.006521301165412
 499   0.013705935426178  -0.006276625191475
 500   0.014645490738678  -0.005884632400862
 501   0.015357657613678  -0.005402992086502
 502   0.016230513238678  -0.004973129323603
 503   0.016443612613678  -0.004614403401220
 504   0.016661315113678  -0.004312109075101
 505   0.016184467613678  -0.004060719952881
 506   0.015297856051178  -0.003846752272154
 507   0.014221418238678  -0.003780978362854
 508   0.012498402301178  -0.003767750298870
 509   0.010348078551178  -0.003842267800959
 510   0.008189494488678  -0.003968818917087
 511   0.006342380113678  -0.004156048885670
 512   0.004181991988678  -0.004341989010488
 513   0.001914173238678  -0.004477712465034
 514  -0.000659638323822  -0.004584673191847
 515  -0.003255781136322  -0.004656257953748
 516  -0.006200392386322  -0.004700149437977
 517  -0.008231863011322  -0.004759758967897
 518  -0.010002002698822  -0.004805228586105
 519  -0.011387481448822  -0.004834073812022
 520  -0.012272673323822  -0.004846551586682
 521  -0.012979750511322  -0.004865416143738
 522  -0.013383588636322  -0.004834520656790
 523  -0.012544873323822  -0.004789801842020
 524  -0.011466404886322  -0.004639141126359
 525  -0.010337230823822  -0.004330349470541
 526  -0.009251090198822  -0.003923526931051
 527  -0.008123278948822  -0.003426206114356
 528  -0.006563797073822  -0.002881806559468
 529  -0.004888873011322  -0.002291499684845
 530  -0.002724871136322  -0.001800169596644
 531  -0.000509764261322  -0.001401215784681
 532   0.002338273863678  -0.001131375847887
 533   0.005058322613678  -0.000992861844674
 534   0.007603889176178  -0.000964027079839
 535   0.009993276363678  -0.001046309718386
 536   0.011620397926178  -0.001208538863342
 537   0.012603304801178  -0.001478530209500
 538   0.013151494176178  -0.001816514800095
 539   0.013460089488678  -0.002314654642660
 540   0.012983427926178  -0.002810200187514
 541   0.011796181988678  -0.003245751274649
 542   0.009544156676178  -0.003645542953986
 543   0.006837153863678  -0.004041548856335
 544   0.003630883551178  -0.004318989307815
 545   0.000386156988678  -0.004477810164812
 546  -0.002787229886322  -0.004521630958231
 547  -0.006223069573822  -0.004428374583246
 548  -0.009556098323822  -0.004214336863675
 549  -0.012593774886322  -0.003953832997982
 550  -0.014888985823822  -0.003693699353675
 551  -0.016432836761322  -0.003430777644216
 552  -0.017455894573822  -0.003161430019834
 553  -0.018150940198822  -0.002866714545670
 554  -0.018470211761322  -0.002582408184129
 555  -0.018145602073822  -0.002372902213690
 556  -0.016837406761322  -0.002275031365755
 557  -0.015127586761322  -0.002263947255567
 558  -0.013010849261322  -0.002331245723440
 559  -0.010721311136322  -0.002506273460723
 560  -0.008143279886322  -0.002776584892337
 561  -0.006224754886322  -0.003009440548627
 562  -0.004479186761322  -0.003232352134052
 563  -0.002903269573822  -0.003367883417613
 564  -0.001415044261322  -0.003408577207842
 565   0.000258542926178  -0.003464880886069
 566   0.001443633863678  -0.003438967635604
 567   0.002485904488678  -0.003271580213805
 568   0.002652946051178  -0.002980830566029
 569   0.002791852926178  -0.002686556049106
 570   0.003371766988678  -0.002466925586148
 571   0.004118110738678  -0.002246231687544
 572   0.004723625426178  -0.002032727655116
 573   0.006244328238678  -0.001940762996631
 574   0.008194285113678  -0.002013352661865
 575   0.010447134176178  -0.002155860755696
 576   0.013662323863678  -0.002436089288038
 577   0.017340566051178  -0.002869608491239
 578   0.020360869801178  -0.003374669182344
 579   0.022985721988678  -0.003927999196319
 580   0.025759536988678  -0.004517024758446
 581   0.028174990113678  -0.005123637952762
 582   0.029814121051178  -0.005677400089326
 583   0.030699202301178  -0.006140172336741
 584   0.030068790426178  -0.006419464933439
 585   0.028266374488678  -0.006543791331337
 586   0.024933456363678  -0.006425665524561
 587   0.021092465113678  -0.006237946153473
 588   0.016374015738678  -0.005926046042548
 589   0.010755037613678  -0.005436668957526
 590   0.004269796363678  -0.004782321212880
 591  -0.002584891448822  -0.004112269246090
 592  -0.008846931761322  -0.003455328707167
 593  -0.014424246448822  -0.002903205952810
 594  -0.019241259573822  -0.002416228054016
 595  -0.023216127073822  -0.001981453037475
 596  -0.026563151448822  -0.001644048062112
 597  -0.029008663011322  -0.001354910864067
 598  -0.030009360823822  -0.001193017568272
 599  -0.030264149261322  -0.001129608690893
 600  -0.029354289261322  -0.001134666475486
 601  -0.027491174573822  -0.001176849927155
 602  -0.024807517698822  -0.001222985998635
 603  -0.021371508011322  -0.001264251986760
 604  -0.017262483636322  -0.001274999457520
 605  -0.012129164261322  -0.001284250393659
 606  -0.006908290198822  -0.001279495289967
 607  -0.001699249573822  -0.001205807056446
 608   0.003740476676178  -0.001119209844308
 609   0.009357083551178  -0.001038803670492
 610   0.014436326676178  -0.000980036900905
 611   0.020236344176178  -0.001014627048001
 612   0.026059874488678  -0.001233729375199
 613   0.031036037613678  -0.001600526485663
 614   0.035640613238678  -0.002060105054660
 615   0.039705229801178  -0.002555848916765
 616   0.043411196051178  -0.003145408601041
 617   0.046336043551178  -0.003776044481013
 618   0.048449891988678  -0.004472648934230
 619   0.050297357301178  -0.005238250805690
 620   0.050286744801178  -0.005856150846812
 621   0.048914415426178  -0.006320158229471
 622   0.045837304176178  -0.006570885756147
 623   0.042623432613678  -0.006748452937540
 624   0.039089341676178  -0.006838846873980
 625   0.035068928551178  -0.006853958170249
 626   0.030316683863678  -0.006671347349853
 627   0.026289596051178  -0.006524286078676
 628   0.021702800426178  -0.006265065293031
 629   0.017435770426178  -0.005982529656385
 630   0.013927269488678  -0.005640264882072
 631   0.011329293863678  -0.005280128539405
 632   0.009215826363678  -0.004933356137486
 633   0.007674472301178  -0.004591797918550
 634   0.007382162301178  -0.004411981392820
 635   0.007511765113678  -0.004388226963881
 636   0.008344976988678  -0.004399969779616
 637   0.009199463238678  -0.004436348954127
 638   0.010214028551178  -0.004534599693711
 639   0.010928776676178  -0.004584432830947
 640   0.011468009488678  -0.004581841569402
 641   0.012451031051178  -0.004586817237701
 642   0.013259119488678  -0.004537045312525
 643   0.014264676051178  -0.004474559440151
 644   0.015122012926178  -0.004316222957638
 645   0.015953907613678  -0.004139137129151
 646   0.016327751988678  -0.003931425887230
 647   0.016962081051178  -0.003769904936691
 648   0.017412285113678  -0.003553518330340
 649   0.017901269488678  -0.003287056252081
 650   0.018843816363678  -0.003035291600388
 651   0.020896113238678  -0.002824557584592
 652   0.023052310426178  -0.002605731894875
 653   0.025381191676178  -0.002389388315786
 654   0.027910056363678  -0.002182924291523
 655   0.030170596363678  -0.001936548872906
 656   0.032469593551178  -0.001639872694756
 657   0.034532237926178  -0.001365120825720
 658   0.036855836988678  -0.001042637848654
 659   0.038754611363678  -0.000655336259993
 660   0.040053881988678  -0.000239906667153
 661   0.040580840113678   0.000098676468317
 662   0.039926497301178   0.000400488120207
 663   0.038568094176178   0.000644143518625
 664   0.037180585426178   0.000753889940250
 665   0.036095538863678   0.000700355721054
 666   0.034856410113678   0.000520563739382
 667   0.034097857301178   0.000211272120532
 668   0.033352220738678  -0.000196372829825
 669   0.032916223863678  -0.000617579251929
 670   0.032542513551178  -0.001021579676435
 671   0.031550409488678  -0.001277973497976
 672   0.031153735738678  -0.001439986015434
 673   0.030783034488678  -0.001504468319458
 674   0.030529116988678  -0.001499010666914
 675   0.030092477301178  -0.001491337907619
 676   0.030329973863678  -0.001493755834817
 677   0.030536036051178  -0.001432386788248
 678   0.030635190113678  -0.001354476547787
 679   0.030356679488678  -0.001362865226350
 680   0.029726070426178  -0.001445379689969
 681   0.029034351676178  -0.001608466051761
 682   0.028676334488678  -0.001852751942429
 683   0.028198644801178  -0.002176847839178
 684   0.027436454176178  -0.002560640516734
 685   0.026687009176178  -0.003052066766626
 686   0.026144421051178  -0.003541104799913
 687   0.025236836051178  -0.003979452545953
 688   0.024894546676178  -0.004384283856233
 689   0.024331043238678  -0.004600320122205
 690   0.023805929801178  -0.004666347616301
 691   0.023429544176178  -0.004669044548674
 692   0.023120464488678  -0.004557438590764
 693   0.023003430113678  -0.004442832062793
 694   0.023404686051178  -0.004303503761676
 695   0.024381945426178  -0.004194377216142
 696   0.024665282301178  -0.003984902672782
 697   0.024937221051178  -0.003682467329165
 698   0.025412386363678  -0.003434318983242
 699   0.025872301988678  -0.003187642082278
 700   0.025240967301178  -0.002939569195360
 701   0.024258954801178  -0.002677377067711
 702   0.023101784488678  -0.002460893282867
 703   0.021419826988678  -0.002211733693585
 704   0.019405586363678  -0.001939902005601
 705   0.016794681363678  -0.001626973553280
 706   0.013792302926178  -0.001310546679621
 707   0.010021971676178  -0.000978722812539
 708   0.006453604176178  -0.000669650466235
 709   0.003228778238678  -0.000354226839410
 710   0.000065910738678  -0.000026166690603
 711  -0.002694649573822   0.000254156397657
 712  -0.004940665511322   0.000482062770855
 713  -0.006405627698822   0.000664579624939
 714  -0.007459174886322   0.000818784977765
 715  -0.007168354573822   0.000957485897707
 716  -0.006182292073822   0.001079478756903
 717  -0.004245922698822   0.001129026135874
 718  -0.001600859886322   0.001162106429439
 719   0.001668920113678   0.001145557283737
 720   0.005872380426178   0.000988762104090
 721   0.011408747926178   0.000747351038218
 722   0.017646542613678   0.000430791738358
 723   0.024367679176178   0.000019024471830
 724   0.030758254801178  -0.000437101531024
 725   0.036981620738678  -0.000905186226345
 726   0.042642486051178  -0.001426192612691
 727   0.047340712301178  -0.001901532035394
 728   0.050970835113678  -0.002457323438084
 729   0.052210001363678  -0.002920641720558
 730   0.051648561676178  -0.003322726442077
 731   0.049232741363678  -0.003599573493411
 732   0.045329231363678  -0.003730097567350
 733   0.040046788863678  -0.003859168987422
 734   0.033346519488678  -0.003864609199283
 735   0.026386711676178  -0.003860309610940
 736   0.018926245113678  -0.003762583786546
 737   0.010461450113678  -0.003594564937365
 738   0.002607303238678  -0.003450913767389
 739  -0.005211015198822  -0.003244641349721
 740  -0.011860429261322  -0.003022192613732
 741  -0.017619043011322  -0.002827483758850
 742  -0.021758288948822  -0.002654793357391
 743  -0.025622849886322  -0.002379458287124
 744  -0.028149211761322  -0.002133955789887
 745  -0.029611390511322  -0.001958447016389
 746  -0.029124224573822  -0.001910379893669
 747  -0.026724651448822  -0.002031698538305
 748  -0.022355581761322  -0.002341055329721
 749  -0.016438802698822  -0.002850724497473
 750  -0.009666226448822  -0.003475541839264
 751  -0.001838599261322  -0.004275709557542
 752   0.005923066988678  -0.005128154505706
 753   0.013728299488678  -0.005922925267759
 754   0.020450586676178  -0.006572779610117
 755   0.026107282301178  -0.007023577878065
 756   0.030658129488678  -0.007285392692368
 757   0.033552909488678  -0.007251206799409
 758   0.033966533238678  -0.006856721623465
 759   0.032736693551178  -0.006244299209749
 760   0.030323200738678  -0.005498205451376
 761   0.026908658863678  -0.004586050545302
 762   0.022634245426178  -0.003571764182957
 763   0.017877572613678  -0.002530250230760
 764   0.013458967613678  -0.001614278883474
 765   0.008897251676178  -0.000790069840985
 766   0.005189951051178  -0.000148581627358
 767   0.002248732926178   0.000329516219384
 768   0.000179665738678   0.000606882596457
 769  -0.000500696448822   0.000723352213372
 770  -0.000311918636322   0.000671240512041
 771   0.001320907301178   0.000461242681064
 772   0.004018074488678   0.000188131603849
 773   0.007247374801178  -0.000096296694020
 774   0.011227834488678  -0.000327168067941
 775   0.015362285113678  -0.000529290622136
 776   0.019744687613678  -0.000740389824050
 777   0.023654863238678  -0.000864043852244
 778   0.026821604801178  -0.000937205906376
 779   0.029534855426178  -0.000957245209147
 780   0.031055897613678  -0.000947379372731
 781   0.031866358551178  -0.000962928103697
 782   0.031713218551178  -0.000968637335744
 783   0.030438018863678  -0.000924870501627
 784   0.028108962301178  -0.000882399979046
 785   0.025488873238678  -0.000882453628257
 786   0.022385800113678  -0.000929487913439
 787   0.018781876988678  -0.001016239555127
 788   0.014931766988678  -0.001085565672664
 789   0.011175360738678  -0.001205763050483
 790   0.007295560113678  -0.001329678220801
 791   0.003816946988678  -0.001420611645852
 792   0.000439198863678  -0.001534240084457
 793  -0.002916172386322  -0.001602961832265
 794  -0.006007394886322  -0.001591066106226
 795  -0.008462421761322  -0.001610573769680
 796  -0.010941267386322  -0.001631537880870
 797  -0.012740228323822  -0.001657458342981
 798  -0.013740069573822  -0.001692359373733
 799  -0.014357048948822  -0.001740261449622
 800  -0.014475913948822  -0.001800361567199
 801  -0.014085861136322  -0.001869396107459
 802  -0.012782295511322  -0.002035868763013
 803  -0.011147591448822  -0.002227320410909
 804  -0.008911315511322  -0.002474656630921
 805  -0.006085583948822  -0.002759332206468
 806  -0.003294110198822  -0.003025985904135
 807  -0.000629126761322  -0.003266972077650
 808   0.001825512301178  -0.003465181546470
 809   0.004540178863678  -0.003624162910063
 810   0.007288178238678  -0.003785122950583
 811   0.009765721363678  -0.003959454737992
 812   0.011691314488678  -0.004144868687946
 813   0.013538034801178  -0.004387804421578
 814   0.013483323551178  -0.004576265501129
 815   0.013135016676178  -0.004822957852371
 816   0.012080069801178  -0.005037124797625
 817   0.010392755426178  -0.005180137772616
 818   0.008769119488678  -0.005294181702227
 819   0.007606926988678  -0.005366981860364
 820   0.006435001051178  -0.005296408769631
 821   0.004874772613678  -0.005083334791673
 822   0.003695187301178  -0.004846634085943
 823   0.002330681363678  -0.004484551627988
 824   0.000792274488678  -0.004066709844712
 825   0.000026757613678  -0.003690781859575
 826  -0.000039104261322  -0.003371506519166
 827   0.000432238551178  -0.003058824159389
 828   0.001991703551178  -0.002841154747065
 829   0.004698066051178  -0.002758946671952
 830   0.007428071988678  -0.002764750581557
 831   0.010372738863678  -0.002827052881545
 832   0.013671959801178  -0.003086992695561
 833   0.017462713863678  -0.003451104304870
 834   0.021638947613678  -0.003902043882158
 835   0.025127673551178  -0.004303780611875
 836   0.028420819801178  -0.004617414173462
 837   0.031889434176178  -0.004904832882978
 838   0.034549726363678  -0.005101432252901
 839   0.036318085738678  -0.005192705959282
 840   0.037321858863678  -0.005199533963530
 841   0.037408112613678  -0.005053873570271
 842   0.037101569488678  -0.004804460992444
 843   0.036189099488678  -0.004521634862349
 844   0.034732556363678  -0.004211975330289
 845   0.032705057613678  -0.003926770881572
 846   0.029928617926178  -0.003634019497606
 847   0.026793913551178  -0.003343918925449
 848   0.023691827613678  -0.003126583678013
 849   0.020823594176178  -0.003000487476911
 850   0.017357618863678  -0.002881677022897
 851   0.013682187301178  -0.002788214971642
 852   0.010780702301178  -0.002804960006384
 853   0.007485909488678  -0.002834172024835
 854   0.004512756988678  -0.002876566138091
 855   0.001855286676178  -0.002930784369624
 856  -0.000454883323822  -0.002963345809971
 857  -0.002676092386322  -0.003001226476412
 858  -0.004502109886322  -0.003010469162512
 859  -0.005592580823822  -0.003038306345669
 860  -0.006229179886322  -0.003063290365642
 861  -0.006818019573822  -0.003026375465251
 862  -0.006382504261322  -0.003066948281600
 863  -0.005126418948822  -0.003185622616991
 864  -0.003414585198822  -0.003268023536053
 865  -0.001017156761322  -0.003373035630825
 866   0.001450665113678  -0.003468428319828
 867   0.004280075113678  -0.003571096042189
 868   0.006943223551178  -0.003596186209054
 869   0.009135120113678  -0.003532674346676
 870   0.011182131988678  -0.003389501855172
 871   0.013062572301178  -0.003181779353253
 872   0.014359088238678  -0.002821243633241
 873   0.015079749176178  -0.002392553851727
 874   0.015509762301178  -0.001902129022830
 875   0.015364480738678  -0.001306527166903
 876   0.014777031988678  -0.000698258313503
 877   0.013776093551178  -0.000194803617700
 878   0.012053900738678   0.000185071245869
 879   0.009865666676178   0.000466405786708
 880   0.007812950426178   0.000635698317810
 881   0.005355556676178   0.000734186650284
 882   0.002643786988678   0.000733585109783
 883  -0.000323224886322   0.000677064076463
 884  -0.003655804261322   0.000592083997096
 885  -0.007579126448822   0.000445803869762
 886  -0.011613581136322   0.000321487809838
 887  -0.015212183636322   0.000210704831126
 888  -0.018339029886322   0.000065780053667
 889  -0.021090568636322  -0.000045313639666
 890  -0.023348683323822  -0.000185607680199
 891  -0.025263688948822  -0.000298961555761
 892  -0.026612011136322  -0.000395964852025
 893  -0.027371788948822  -0.000460654229606
 894  -0.027375612386322  -0.000552873119633
 895  -0.026741075823822  -0.000672303862601
 896  -0.025675053948822  -0.000862701540313
 897  -0.024095099573822  -0.001108942578954
 898  -0.022571165198822  -0.001434313748175
 899  -0.020941067386322  -0.001795528229299
 900  -0.019400480511322  -0.002204536832816
 901  -0.017954116448822  -0.002686593742686
 902  -0.016385778011322  -0.003171453193553
 903  -0.014434159886322  -0.003645430022618
 904  -0.012357198636322  -0.004065312315012
 905  -0.010393014886322  -0.004369816661576
 906  -0.009113904886322  -0.004531655126793
 907  -0.008427653948822  -0.004513056491132
 908  -0.007976186448822  -0.004372022295489
 909  -0.008332413011322  -0.004051125780409
 910  -0.008655792073822  -0.003615374736023
 911  -0.009546258323822  -0.003080891253975
 912  -0.010976564886322  -0.002502136912626
 913  -0.012438482698822  -0.001930831027520
 914  -0.013827991136322  -0.001395514501978
 915  -0.015587289261322  -0.000862578344274
 916  -0.017213479261322  -0.000359537440705
 917  -0.018542826761322   0.000014952232588
 918  -0.019465988011322   0.000287378257564
 919  -0.020924775511322   0.000448837193857
 920  -0.022164295511322   0.000506075469287
 921  -0.023182998011322   0.000454921308294
 922  -0.023813980511322   0.000348298649229
 923  -0.024164213323822   0.000229665876026
 924  -0.024329787386322   0.000105813822289
 925  -0.024471700511322  -0.000032017468611
 926  -0.024668393636322  -0.000159152723760
 927  -0.024256899261322  -0.000346633980712
 928  -0.022950664573822  -0.000583254592418
 929  -0.020730639886322  -0.000939657620121
 930  -0.018271388323822  -0.001325854694980
 931  -0.014509142073822  -0.001827679988195
 932  -0.009941968323822  -0.002398547702508
 933  -0.004785717698822  -0.003054035096445
 934   0.000760589176178  -0.003760549499858
 935   0.005961510738678  -0.004360596282592
 936   0.011092178551178  -0.004932953460652
 937   0.015501874488678  -0.005406919131874
 938   0.019179238551178  -0.005671679825200
 939   0.022756122301178  -0.005842800469420
 940   0.025703372301178  -0.005832856083113
 941   0.028085741988678  -0.005653310814548
 942   0.029516016363678  -0.005272196184804
 943   0.030372521051178  -0.004759944438883
 944   0.030100460738678  -0.004139231296717
 945   0.028998331363678  -0.003477280115695
 946   0.027823573238678  -0.002845112009297
 947   0.026634547613678  -0.002311441278771
 948   0.025581542926178  -0.001885874226662
 949   0.024668031051178  -0.001594396676122
 950   0.023722785113678  -0.001412819385478
 951   0.022515755738678  -0.001331086787634
 952   0.021541608863678  -0.001336989185511
 953   0.020890693238678  -0.001387131307241
 954   0.020235196051178  -0.001435955622649
 955   0.019092818863678  -0.001465506191821
 956   0.017838233238678  -0.001505377891873
 957   0.016701710738678  -0.001545707533200
 958   0.015011165426178  -0.001551484826305
 959   0.013287204801178  -0.001495107326083
 960   0.011237049488678  -0.001407294627806
 961   0.008983584488678  -0.001285011372914
 962   0.006247260113678  -0.001102100994020
 963   0.003188521051178  -0.000899134526788
 964  -0.000123369573822  -0.000682542520590
 965  -0.003266287073822  -0.000471764424942
 966  -0.006048217698822  -0.000267670944991
 967  -0.008515242073822  -0.000045932461203
 968  -0.010648561761322   0.000147662401256
 969  -0.012011628011322   0.000296906687860
 970  -0.012834837386322   0.000439066985982
 971  -0.012996413323822   0.000537464241586
 972  -0.012236263011322   0.000568032078858
 973  -0.010954318636322   0.000493075308309
 974  -0.009105090511322   0.000379026931377
 975  -0.006896437073822   0.000177033241550
 976  -0.004621921136322  -0.000126817566630
 977  -0.001641165511322  -0.000509244317393
 978   0.001649976988678  -0.000894297701072
 979   0.005153706363678  -0.001311986681360
 980   0.008733803238678  -0.001777828070826
 981   0.012444776363678  -0.002246925034838
 982   0.015670014801178  -0.002654377203515
 983   0.018797014801178  -0.003012593811285
 984   0.021108871676178  -0.003284449805192
 985   0.022733642301178  -0.003478388266260
 986   0.024046201676178  -0.003638668313851
 987   0.025177239488678  -0.003753813997323
 988   0.025332546988678  -0.003867575697795
 989   0.025225493863678  -0.003936865656874
 990   0.024513120426178  -0.003961883102511
 991   0.022535626051178  -0.003842302661713
 992   0.019918306051178  -0.003700216782136
 993   0.017221512301178  -0.003610084262131
 994   0.013615594801178  -0.003476448869990
 995   0.008969034488678  -0.003275161458237
 996   0.004004396988678  -0.003096145843128
 997  -0.001657354886322  -0.002842523946685
 998  -0.006901049573822  -0.002601658628063
 999  -0.012114966761322  -0.002350425310620
 1000  -0.017118652698822  -0.002109653267747
 1001  -0.021609569573822  -0.001929148295176
 1002  -0.025090377386322  -0.001817677856672
 1003  -0.027865130198822  -0.001749614763180
 1004  -0.030115629886322  -0.001679726227495
 1005  -0.031519076448822  -0.001611424653580
 1006  -0.031936484261322  -0.001523421074164
 1007  -0.031411260511322  -0.001470645506430
 1008  -0.030632591136322  -0.001368740943045
 1009  -0.029217237698822  -0.001284719819498
 1010  -0.027260189573822  -0.001229245624655
 1011  -0.024791343636322  -0.001221209001768
 1012  -0.021929846136322  -0.001248416020847
 1013  -0.018593518011322  -0.001320870527832
 1014  -0.014719220823822  -0.001467867737536
 1015  -0.010435133323822  -0.001665547428529
 1016  -0.006613229573822  -0.001843235641023
 1017  -0.002815908323822  -0.001984706291112
 1018   0.000487365738678  -0.002120039934151
 1019   0.003270152301178  -0.002214242426392
 1020   0.005307193863678  -0.002194155044656
 1021   0.006715014176178  -0.002100495850130
 1022   0.007360223551178  -0.001923829932498
 1023   0.007533007926178  -0.001682090082692
 1024   0.006744815426178  -0.001344433196079
 1025   0.005515798551178  -0.000992071365535
 1026   0.004190099488678  -0.000690730018065
 1027   0.002788972613678  -0.000476318772472
 1028   0.000848374801178  -0.000317789896156
 1029  -0.001181720511322  -0.000314395349133
 1030  -0.003455000198822  -0.000378949772782
 1031  -0.004977238011322  -0.000551135879684
 1032  -0.005514160511322  -0.000864392020094
 1033  -0.005892944886322  -0.001215734920078
 1034  -0.006167560823822  -0.001588304437494
 1035  -0.006112632698822  -0.001909049622752
 1036  -0.006240691136322  -0.002144424339006
 1037  -0.006072408636322  -0.002361213631093
 1038  -0.006056318636322  -0.002418209437474
 1039  -0.006767946448822  -0.002316333262192
 1040  -0.007371808948822  -0.002109133393176
 1041  -0.008168290511322  -0.001836082952114
 1042  -0.008616237073822  -0.001467470244892
 1043  -0.008535778948822  -0.001136994121264
 1044  -0.007863273011322  -0.000890510477707
 1045  -0.006774045511322  -0.000702327961139
 1046  -0.005747086136322  -0.000556851334932
 1047  -0.004693501136322  -0.000476137023358
 1048  -0.004089818011322  -0.000458897333498
 1049  -0.003470381136322  -0.000491702256488
 1050  -0.003233829886322  -0.000578560536987
 1051  -0.002625783636322  -0.000669532613148
 1052  -0.002158627386322  -0.000769087440681
 1053  -0.001804008636322  -0.000859344874857
 1054  -0.001547319261322  -0.000956312111230
 1055  -0.001779003323822  -0.001062890189295
 1056  -0.002346564573822  -0.001123016172657
 1057  -0.002839528323822  -0.001148722669828
 1058  -0.003712928948822  -0.001178568260551
 1059  -0.005138417073822  -0.001169284503132
 1060  -0.007071907698822  -0.001122548261291
 1061  -0.009789730823822  -0.001013459158537
 1062  -0.012717756448822  -0.000832525579556
 1063  -0.016125167386322  -0.000636869130281
 1064  -0.018902126136322  -0.000489593949409
 1065  -0.021118928323822  -0.000371845519033
 1066  -0.022791917386322  -0.000280491700996
 1067  -0.024090489886322  -0.000212372848657
 1068  -0.024516290198822  -0.000130543743586
 1069  -0.024099285823822  -0.000102130305186
 1070  -0.023007896136322  -0.000174213234992
 1071  -0.021240979261322  -0.000311103922919
 1072  -0.018590943636322  -0.000521044191610
 1073  -0.015875976761322  -0.000754610762997
 1074  -0.013056084261322  -0.001021335856031
 1075  -0.010002291448822  -0.001355680420036
 1076  -0.006942923011322  -0.001649427296877
 1077  -0.003541136761322  -0.001939146129892
 1078   0.000043960113678  -0.002179450077608
 1079   0.003543610113678  -0.002424878279452
 1080   0.006539892613678  -0.002585579026440
 1081   0.008916332301178  -0.002653895873582
 1082   0.010116530738678  -0.002630033488111
 1083   0.010425571051178  -0.002482123170361
 1084   0.010207034801178  -0.002271915646511
 1085   0.009622725426178  -0.002054734320106
 1086   0.008659913238678  -0.001921154414403
 1087   0.006852300113678  -0.001758137675554
 1088   0.004578411676178  -0.001645004796869
 1089   0.002033690426178  -0.001626719083495
 1090  -0.000626173636322  -0.001692256911219
 1091  -0.003783729886322  -0.001732422304734
 1092  -0.007053191136322  -0.001759349628983
 1093  -0.010391647698822  -0.001750495943041
 1094  -0.013794934261322  -0.001644809983463
 1095  -0.016220704886322  -0.001540047087681
 1096  -0.017829823636322  -0.001441657495522
 1097  -0.018585339261322  -0.001340171316160
 1098  -0.018236348011322  -0.001257381890163
 1099  -0.017033176136322  -0.001205808202808
 1100  -0.015610764261322  -0.001183265309634
 1101  -0.013502514573822  -0.001270214355233
 1102  -0.010984444261322  -0.001391694515256
 1103  -0.007772764573822  -0.001573637883695
 1104  -0.005289999261322  -0.001756461178751
 1105  -0.002600737073822  -0.001959303983261
 1106  -0.000001067386322  -0.002211107709210
 1107   0.002032580113678  -0.002483441738307
 1108   0.003362422301178  -0.002717407511888
 1109   0.004232930113678  -0.002869573020030
 1110   0.004655512613678  -0.002974714636718
 1111   0.004619787613678  -0.003012600250808
 1112   0.004102137926178  -0.003016017147112
 1113   0.002530979801178  -0.002863944310235
 1114   0.000400179176178  -0.002647660307104
 1115  -0.001964342073822  -0.002335140249441
 1116  -0.005309134573822  -0.001956585790757
 1117  -0.009142844261322  -0.001534194694938
 1118  -0.012797394573822  -0.001126180982774
 1119  -0.016453315198822  -0.000715859515224
 1120  -0.019608055198822  -0.000374698572941
 1121  -0.021900482386322  -0.000086033130175
 1122  -0.024095805511322   0.000128974340534
 1123  -0.025954906136322   0.000313442414786
 1124  -0.027401195823822   0.000480047039795
 1125  -0.028481104261322   0.000649643728377
 1126  -0.028936044886322   0.000806742902096
 1127  -0.028319132073822   0.000927129429785
 1128  -0.026837416448822   0.000998818334592
 1129  -0.024884158636322   0.001035546102596
 1130  -0.022858342698822   0.001055275142046
 1131  -0.020828408011322   0.001029553608036
 1132  -0.018395094886322   0.000933700097683
 1133  -0.015756654573822   0.000788462406818
 1134  -0.013076912698822   0.000623261789519
 1135  -0.010027198948822   0.000398169135761
 1136  -0.006937420511322   0.000122683349518
 1137  -0.004874648636322  -0.000146362125305
 1138  -0.003662905823822  -0.000417219156690
 1139  -0.002843011761322  -0.000715056305486
 1140  -0.002265597073822  -0.001006219420578
 1141  -0.002230685511322  -0.001235823533571
 1142  -0.002766437073822  -0.001441944242889
 1143  -0.003433986448822  -0.001556630080724
 1144  -0.004897218636322  -0.001618136515848
 1145  -0.007392400198822  -0.001603170890688
 1146  -0.010302414261322  -0.001532949335692
 1147  -0.013957797698822  -0.001441631366585
 1148  -0.017983068636322  -0.001260897702339
 1149  -0.022155693636322  -0.001051417064836
 1150  -0.026416691136322  -0.000824526228558
 1151  -0.030602988011322  -0.000613769569591
 1152  -0.035086473948822  -0.000360323253605
 1153  -0.039401335511322  -0.000115121066392
 1154  -0.042876189261322   0.000093294684940
 1155  -0.045762230823822   0.000252477142589
 1156  -0.047283908011322   0.000323883879544
 1157  -0.048019489573822   0.000372516160723
 1158  -0.048262456136322   0.000389283641827
 1159  -0.047523469261322   0.000390817767585
 1160  -0.045932555198822   0.000358555048217
 1161  -0.043471143636322   0.000276105325368
 1162  -0.040521097698822   0.000141546932983
 1163  -0.036973587386322   0.000009954613922
 1164  -0.032527390511322  -0.000145580497920
 1165  -0.027878568323822  -0.000334577528613
 1166  -0.023325120823822  -0.000482791621809
 1167  -0.018706216136322  -0.000615665762433
 1168  -0.014565513948822  -0.000686930235613
 1169  -0.011105021761322  -0.000715642908826
 1170  -0.008356603011322  -0.000645055916268
 1171  -0.006513411761322  -0.000518577168765
 1172  -0.004755152386322  -0.000319616136101
 1173  -0.003857769261322  -0.000032294731093
 1174  -0.003324811448822   0.000270141649289
 1175  -0.002885723323822   0.000494742631814
 1176  -0.003101789573822   0.000766319893735
 1177  -0.003004003636322   0.000970855347190
 1178  -0.003676312698822   0.001136831080627
 1179  -0.004679158636322   0.001279821406577
 1180  -0.005665971761322   0.001325114863825
 1181  -0.006663647698822   0.001386977710153
 1182  -0.007486507386322   0.001395845915509
 1183  -0.008377416761322   0.001370625387382
 1184  -0.009695651136322   0.001379786455358
 1185  -0.011317899573822   0.001365937086805
 1186  -0.013132889886322   0.001365796467895
 1187  -0.015016478323822   0.001340513839974
 1188  -0.016894908948822   0.001268690996808
 1189  -0.018456852386322   0.001161796562586
 1190  -0.019413404573822   0.001014643633468
 1191  -0.020058172386322   0.000849751697073
 1192  -0.020002001136322   0.000707424960597
 1193  -0.019805968011322   0.000567631878589
 1194  -0.019265594886322   0.000443247747766
 1195  -0.018740437698822   0.000347908897517
 1196  -0.017415423636322   0.000255106161491
 1197  -0.016066092073822   0.000247185237191
 1198  -0.014730146136322   0.000282862700855
 1199  -0.013337040198822   0.000309171510609
 1200  -0.011862867698822   0.000356941846686
 1201  -0.011013173636322   0.000448525449589
 1202  -0.010547920823822   0.000570032712476
 1203  -0.010212620823822   0.000660241720627
 1204  -0.010511468636322   0.000727633405564
 1205  -0.011306715511322   0.000807580646205
 1206  -0.012114594573822   0.000860942184133
 1207  -0.013310493948822   0.000850940239146
 1208  -0.014966685198822   0.000795464788278
 1209  -0.016913733323822   0.000757270493011
 1210  -0.019130902698822   0.000684080181651
 1211  -0.021685820823822   0.000545658048465
 1212  -0.024449930511322   0.000399961488877
 1213  -0.026899038323822   0.000262609945222
 1214  -0.029071723636322   0.000120320346823
 1215  -0.031316268948822  -0.000008723672704
 1216  -0.033531017073822  -0.000156847862533
 1217  -0.035666580198822  -0.000292762813380
 1218  -0.037466324886322  -0.000378701173245
 1219  -0.039244393948822  -0.000486953606627
 1220  -0.040514142386322  -0.000576792108260
 1221  -0.041285928011322  -0.000683076318606
 1222  -0.041922480198822  -0.000788795556580
 1223  -0.042184441136322  -0.000902180948777
 1224  -0.042419857073822  -0.001034716283803
 1225  -0.042209019886322  -0.001177934387133
 1226  -0.042127088011322  -0.001321373158660
 1227  -0.042074999261322  -0.001486818706605
 1228  -0.041621358636322  -0.001675856464450
 1229  -0.040960980198822  -0.001867006818394
 1230  -0.040177968323822  -0.002021253083093
 1231  -0.039153240823822  -0.002189218941394
 1232  -0.037765855198822  -0.002310190888646
 1233  -0.036685336761322  -0.002370848703119
 1234  -0.035340346136322  -0.002451385673861
 1235  -0.033756543636322  -0.002489245629909
 1236  -0.032300812698822  -0.002457654737450
 1237  -0.030904267386322  -0.002364614879478
 1238  -0.029359286136322  -0.002259277423290
 1239  -0.028676317073822  -0.002047205717269
 1240  -0.027704600823822  -0.001778039132025
 1241  -0.026808171448822  -0.001449974810297
 1242  -0.026339030198822  -0.001068698416440
 1243  -0.026029078323822  -0.000628023487835
 1244  -0.025533108636322  -0.000213464558644
 1245  -0.025341705823822   0.000177002047737
 1246  -0.024956125823822   0.000481340677343
 1247  -0.024202111136322   0.000743346443766
 1248  -0.023238499261322   0.000946453630344
 1249  -0.021836233636322   0.001031956870686
 1250  -0.019981866136322   0.000993359022933
 1251  -0.017954217073822   0.000862047463726
 1252  -0.015568063011322   0.000672693372387
 1253  -0.013025574573822   0.000419032896705
 1254  -0.010459145823822   0.000220804303216
 1255  -0.008096733636322   0.000052730340578
 1256  -0.006359430511322  -0.000011617642542
 1257  -0.004949222073822  -0.000083453354180
 1258  -0.003996105511322  -0.000084879049144
 1259  -0.003176881761322  -0.000106837190642
 1260  -0.002688775198822  -0.000097972611327
 1261  -0.002955780511322  -0.000083496665295
 1262  -0.004070485511322  -0.000080124493084
 1263  -0.005253240511322  -0.000055171162696
 1264  -0.006399150198822  -0.000071724479484
 1265  -0.007623987386322  -0.000048338430160
 1266  -0.009332249886322  -0.000044002014126
 1267  -0.010805437698822  -0.000089855250360
 1268  -0.011966558948822  -0.000136638348234
 1269  -0.013535616761322  -0.000226583885106
 1270  -0.015452071448822  -0.000337188784201
 1271  -0.017632708323822  -0.000434602851210
 1272  -0.020121087073822  -0.000485131655595
 1273  -0.022651279886322  -0.000500848120481
 1274  -0.025163777698822  -0.000492526720653
 1275  -0.027302442386322  -0.000459704522809
 1276  -0.029136132073822  -0.000416909703007
 1277  -0.030165199886322  -0.000431828072000
 1278  -0.030896473636322  -0.000448718515530
 1279  -0.031329022386322  -0.000506026520471
 1280  -0.031087136136322  -0.000612131204854
 1281  -0.030368060198822  -0.000716431205374
 1282  -0.029285583636322  -0.000824590276044
 1283  -0.028077062073822  -0.000895410443593
 1284  -0.026809752386322  -0.000904208734567
 1285  -0.025165333323822  -0.000922870907446
 1286  -0.023727860198822  -0.000873474612164
 1287  -0.022127685198822  -0.000776420201040
 1288  -0.020197630511322  -0.000659281794571
 1289  -0.018584996136322  -0.000497781235782
 1290  -0.016568403011322  -0.000343741139765
 1291  -0.014640921448822  -0.000180135492452
 1292  -0.012652058011322  -0.000054333033924
 1293  -0.010676901136322   0.000031757544588
 1294  -0.008497521136322   0.000074192101997
 1295  -0.006421226136322   0.000096282962597
 1296  -0.004108562073822   0.000061830531889
 1297  -0.001977665198822   0.000070480259711
 1298   0.000066938238678   0.000075787204120
 1299   0.001992316363678   0.000100110706684
 1300   0.003234476363678   0.000151202955586
 1301   0.003958629488678   0.000259627130749
 1302   0.004440672613678   0.000419682998032
 1303   0.003933367613678   0.000627756023471
 1304   0.003888476363678   0.000785057834174
 1305   0.003721260426178   0.000894761235660
 1306   0.003372418238678   0.000963943415534
 1307   0.002888802613678   0.001034088485283
 1308   0.002532146051178   0.001059407072480
 1309   0.002050680426178   0.001047221494826
 1310   0.001634769176178   0.001014097048528
 1311   0.001596315738678   0.000891434086475
 1312   0.001906202613678   0.000689388038933
 1313   0.001994893863678   0.000373185352770
 1314   0.002245084488678  -0.000065822432413
 1315   0.002777693551178  -0.000550332079178
 1316   0.003557968863678  -0.001112310060280
 1317   0.004036757301178  -0.001705810812869
 1318   0.004062140426178  -0.002199979108897
 1319   0.003538603551178  -0.002557754707906
 1320   0.002510724801178  -0.002868502451419
 1321   0.000792512926178  -0.003123785080265
 1322  -0.001522109261322  -0.003227655801278
 1323  -0.003970797386322  -0.003223165599249
 1324  -0.007208303948822  -0.003071742571605
 1325  -0.011053870511322  -0.002883050720948
 1326  -0.015059072073822  -0.002709300208346
 1327  -0.019057831136322  -0.002502162331338
 1328  -0.023087947386322  -0.002273321624755
 1329  -0.026552237073822  -0.002086646085468
 1330  -0.029634642073822  -0.001932481416646
 1331  -0.032487338636322  -0.001816442912652
 1332  -0.034887285198822  -0.001771208735304
 1333  -0.036556797386322  -0.001798570217373
 1334  -0.037561508323822  -0.001841322541015
 1335  -0.037706434261322  -0.001896155094502
 1336  -0.037122346136322  -0.001952420351805
 1337  -0.036383492698822  -0.001975393648044
 1338  -0.035324839573822  -0.001977139579436
 1339  -0.033693205198822  -0.002006730006144
 1340  -0.031584292386322  -0.002032754440367
 1341  -0.029319949886322  -0.002066670885336
 1342  -0.026770766448822  -0.002106628508965
 1343  -0.024325257386322  -0.002130810792914
 1344  -0.021920829886322  -0.002102836347495
 1345  -0.019510550511322  -0.002115975068162
 1346  -0.017230071761322  -0.002091763188422
 1347  -0.014825380198822  -0.002106425581445
 1348  -0.012354065823822  -0.002082607175844
 1349  -0.009818069261322  -0.002019065163823
 1350  -0.007140677698822  -0.001913337724321
 1351  -0.004820089261322  -0.001743902905377
 1352  -0.002315008323822  -0.001609751694065
 1353  -0.000520168636322  -0.001459459448643
 1354   0.001784308863678  -0.001288859829207
 1355   0.004364907301178  -0.001146886629407
 1356   0.007398567926178  -0.001056988060146
 1357   0.010152033551178  -0.000947267381947
 1358   0.012844860426178  -0.000831409085346
 1359   0.015899249176178  -0.000773849738572
 1360   0.018709221363678  -0.000700690776238
 1361   0.020718803551178  -0.000637827550684
 1362   0.022134987613678  -0.000601161792300
 1363   0.023276191676178  -0.000538524254291
 1364   0.023614368551178  -0.000436839406438
 1365   0.022987025113678  -0.000304407327357
 1366   0.022070204488678  -0.000108148866653
 1367   0.020547609801178   0.000188095338289
 1368   0.018393386051178   0.000495088938585
 1369   0.015436405426178   0.000817946631378
 1370   0.011921076988678   0.001150749322989
 1371   0.008299228551178   0.001420515820497
 1372   0.004984724176178   0.001533438684735
 1373   0.001140450113678   0.001602082425047
 1374  -0.002528185511322   0.001641385501405
 1375  -0.005792190198822   0.001592297148119
 1376  -0.008183436136322   0.001452872691683
 1377  -0.010090570823822   0.001225388134180
 1378  -0.011544020823822   0.000923247787589
 1379  -0.012254327386322   0.000645425177796
 1380  -0.012287150511322   0.000393649073990
 1381  -0.011505704573822   0.000162275606430
 1382  -0.010636337073822  -0.000009635931130
 1383  -0.009809495823822  -0.000139789601213
 1384  -0.009421598636322  -0.000233698331468
 1385  -0.009121894573822  -0.000296109697836
 1386  -0.008962808948822  -0.000359718356400
 1387  -0.008574040823822  -0.000485027000517
 1388  -0.008199373636322  -0.000618216344717
 1389  -0.007663922073822  -0.000812629053651
 1390  -0.007581427698822  -0.001072033905842
 1391  -0.007649324573822  -0.001381563851707
 1392  -0.007993808948822  -0.001614515177496
 1393  -0.008732534261322  -0.001843180408424
 1394  -0.010038954886322  -0.001996395870000
 1395  -0.012004835511322  -0.002054752973195
 1396  -0.014310375511322  -0.002054023984318
 1397  -0.016460390823822  -0.001990278781690
 1398  -0.019148435823822  -0.001888379298687
 1399  -0.022384922698822  -0.001718484040108
 1400  -0.025425954886322  -0.001580472525882
 1401  -0.028434049573822  -0.001459375562589
 1402  -0.030948571761322  -0.001413297228066
 1403  -0.032782341136322  -0.001423391577993
 1404  -0.034155539886322  -0.001451586433187
 1405  -0.034260984886322  -0.001565085579865
 1406  -0.033817723636322  -0.001738767023730
 1407  -0.032938699886322  -0.001896125577095
 1408  -0.031348278636322  -0.002087404254737
 1409  -0.029287428323822  -0.002231554865619
 1410  -0.026557249261322  -0.002370813647929
 1411  -0.023286878636322  -0.002452011369079
 1412  -0.019738406448822  -0.002452911064861
 1413  -0.015501371761322  -0.002347806902446
 1414  -0.011701724886322  -0.002142608343321
 1415  -0.008078894886322  -0.001891212401610
 1416  -0.004442201136322  -0.001651130439817
 1417  -0.001521352698822  -0.001391592809506
 1418   0.001512842926178  -0.001149393665664
 1419   0.003662918863678  -0.000925356101132
 1420   0.005754392301178  -0.000741542750509
 1421   0.008001353238678  -0.000597569097876
 1422   0.010229212301178  -0.000496811302188
 1423   0.012321374801178  -0.000439988273390
 1424   0.014513860426178  -0.000442764354514
 1425   0.016262549488678  -0.000487039525265
 1426   0.017638245113678  -0.000477570085947
 1427   0.018184242301178  -0.000354982416991
 1428   0.017946167613678  -0.000202153960679
 1429   0.016909397301178   0.000031160459554
 1430   0.014947405426178   0.000393280063308
 1431   0.013113163238678   0.000826507725187
 1432   0.011118327926178   0.001259911397037
 1433   0.008642541676178   0.001619047896855
 1434   0.006455654176178   0.001922998339791
 1435   0.004393603863678   0.002185139237274
 1436   0.002296253551178   0.002459103746300
 1437   0.000153038238678   0.002713604239258
 1438  -0.001270970198822   0.002907339346427
 1439  -0.001531761448822   0.003097393503141
 1440  -0.001069499886322   0.003224704715347
 1441   0.000577492926178   0.003240975599489
 1442   0.002329130113678   0.003156600952748
 1443   0.004500872301178   0.002962820827992
 1444   0.007246523863678   0.002697158187730
 1445   0.010212413863678   0.002382678628280
 1446   0.012874799801178   0.001966092607406
 1447   0.015878941051178   0.001501486753605
 1448   0.019310898863678   0.001046294742887
 1449   0.022062432613678   0.000676640898403
 1450   0.023734988551178   0.000287980535177
 1451   0.024415992301178  -0.000038282989721
 1452   0.024342752926178  -0.000318173089503
 1453   0.024141849801178  -0.000575103631093
 1454   0.023111691676178  -0.000771463366568
 1455   0.021223208551178  -0.000892257674459
 1456   0.018697074801178  -0.000901896933834
 1457   0.015482099801178  -0.000850462139334
 1458   0.011593930113678  -0.000708809077311
 1459   0.007282057926178  -0.000436236289679
 1460   0.002715689488678  -0.000023072793900
 1461  -0.001847691761322   0.000469732757720
 1462  -0.005888472698822   0.001003906887498
 1463  -0.009980861761322   0.001593894664687
 1464  -0.013328238323822   0.002149570882518
 1465  -0.016192506761322   0.002612572251268
 1466  -0.018073077073822   0.002954981549491
 1467  -0.018554086448822   0.003162006764283
 1468  -0.017774579261322   0.003257781064871
 1469  -0.015842396761322   0.003191047209820
 1470  -0.013150613011322   0.002975629757204
 1471  -0.009783423948822   0.002586943258480
 1472  -0.005975928636322   0.002053236832612
 1473  -0.001917381448822   0.001439879086359
 1474   0.001915671676178   0.000817676695054
 1475   0.005554312613678   0.000188779801076
 1476   0.009019397301178  -0.000437839772444
 1477   0.012123915426178  -0.001008402073730
 1478   0.014511927613678  -0.001538390381606
 1479   0.015945937613678  -0.001952807997893
 1480   0.016795023863678  -0.002300655074958
 1481   0.017298643238678  -0.002564961969314
 1482   0.016941784176178  -0.002703293895375
 1483   0.016113919488678  -0.002683348135543
 1484   0.015143885738678  -0.002603989037149
 1485   0.013824866051178  -0.002425286947121
 1486   0.012476033551178  -0.002191538314929
 1487   0.011235094176178  -0.001901842620930
 1488   0.009547482301178  -0.001578632661749
 1489   0.007604028551178  -0.001237805755815
 1490   0.006067971988678  -0.000966527640521
 1491   0.004984914801178  -0.000797107087695
 1492   0.004087266051178  -0.000613842636335
 1493   0.003120057301178  -0.000520595040415
 1494   0.002058412926178  -0.000504556150924
 1495   0.000886755738678  -0.000615883422713
 1496   0.000013401676178  -0.000838588387422
 1497  -0.000578633323822  -0.001117637470010
 1498  -0.000673286136322  -0.001426612748949
 1499  -0.000356318011322  -0.001750148381016
 1500   0.000139058551178  -0.002065368369191
 1501   0.000323168551178  -0.002395970901779
 1502   0.000360010738678  -0.002720106126066
 1503   0.000720563863678  -0.002985393654826
 1504   0.001114724488678  -0.003145467346826
 1505   0.001662610426178  -0.003272694668468
 1506   0.001714038238678  -0.003276553583342
 1507   0.001840570738678  -0.003211757796004
 1508   0.001981236988678  -0.003125264015342
 1509   0.001637857613678  -0.003015825593615
 1510   0.001051049488678  -0.002851285482749
 1511   0.000246828863678  -0.002656813844671
 1512  -0.000706874261322  -0.002449531519349
 1513  -0.001898477386322  -0.002274314504531
 1514  -0.003263690511322  -0.002087626370033
 1515  -0.005282531136322  -0.001878701558866
 1516  -0.007654621448822  -0.001730943288449
 1517  -0.010539766761322  -0.001526491662804
 1518  -0.013961890198822  -0.001284278679488
 1519  -0.017741468011322  -0.000991800601142
 1520  -0.021495431761322  -0.000650240876988
 1521  -0.025464707386322  -0.000259151596233
 1522  -0.029074756761322   0.000111789588031
 1523  -0.032105311761322   0.000429333552462
 1524  -0.034100293323822   0.000620179946289
 1525  -0.034863891448822   0.000696729227107
 1526  -0.034144087386322   0.000592191740126
 1527  -0.032773495823822   0.000362273854792
 1528  -0.030241708636322   0.000012609839956
 1529  -0.026713119261322  -0.000455638763249
 1530  -0.023239143948822  -0.000941411131469
 1531  -0.019763105198822  -0.001455353717210
 1532  -0.015356325511322  -0.002031914921649
 1533  -0.010968967073822  -0.002563020925067
 1534  -0.007109974886322  -0.003004018732237
 1535  -0.003389339261322  -0.003383876230467
 1536  -0.000209454886322  -0.003678875054646
 1537   0.001754414176178  -0.003766284830314
 1538   0.003274005113678  -0.003840693031281
 1539   0.004309252613678  -0.003794701961408
 1540   0.004686099488678  -0.003593377815793
 1541   0.004209908551178  -0.003182087103682
 1542   0.003472579801178  -0.002725557954737
 1543   0.001811105738678  -0.002181351869251
 1544  -0.000178120823822  -0.001667763788452
 1545  -0.002175822386322  -0.001183857848580
 1546  -0.004073329261322  -0.000716289383258
 1547  -0.005340021136322  -0.000461550086364
 1548  -0.006422198011322  -0.000290236695757
 1549  -0.007043500198822  -0.000222067835246
 1550  -0.007876515198822  -0.000155004718225
 1551  -0.008371052698822  -0.000188540977348
 1552  -0.008694508948822  -0.000256012081465
 1553  -0.009433689573822  -0.000334764201306
 1554  -0.010311823011322  -0.000450239763709
 1555  -0.011435815198822  -0.000632843588201
 1556  -0.012672955823822  -0.000844353458666
 1557  -0.013300435823822  -0.001110135706915
 1558  -0.014160275511322  -0.001354786124853
 1559  -0.015058225198822  -0.001584857870316
 1560  -0.015930757386322  -0.001846772494157
 1561  -0.016973612386322  -0.002044938668248
 1562  -0.018032398323822  -0.002177429020952
 1563  -0.019139833011322  -0.002249210524960
 1564  -0.020696053011322  -0.002282325403681
 1565  -0.022091850198822  -0.002257306792877
 1566  -0.023573945198822  -0.002168045809167
 1567  -0.025050618011322  -0.002001152061583
 1568  -0.026936555823822  -0.001735736985620
 1569  -0.028512343636322  -0.001436364893403
 1570  -0.030349900823822  -0.001061529129520
 1571  -0.031598695823822  -0.000674137000339
 1572  -0.032219167386322  -0.000287556729309
 1573  -0.032540478011322   0.000099023980962
 1574  -0.032104426136322   0.000466469021522
 1575  -0.031090342386322   0.000761738797834
 1576  -0.029584294886322   0.000990963788093
 1577  -0.027298104261322   0.001111375766505
 1578  -0.024099816136322   0.001123223919408
 1579  -0.019963829261322   0.001018738649325
 1580  -0.015736205511322   0.000848087096657
 1581  -0.010776041761322   0.000629114374354
 1582  -0.005562311761322   0.000365777386444
 1583  -0.000653633323822   0.000114330327222
 1584   0.003350319488678  -0.000112898880455
 1585   0.006824293238678  -0.000284070800126
 1586   0.009392785113678  -0.000421195277121
 1587   0.011094685113678  -0.000489831510351
 1588   0.011102501363678  -0.000461797035016
 1589   0.010454581988678  -0.000412410204061
 1590   0.010050302301178  -0.000336658517013
 1591   0.008675441051178  -0.000284376892172
 1592   0.007076017301178  -0.000234791497442
 1593   0.005293886363678  -0.000212617063172
 1594   0.003337377613678  -0.000272792797684
 1595   0.000918073551178  -0.000409749585673
 1596  -0.001347136136322  -0.000566524503693
 1597  -0.003802123011322  -0.000751162414266
 1598  -0.006599028011322  -0.000901847307770
 1599  -0.009079380511322  -0.001031129204084
 1600  -0.011170382073822  -0.001171614157302
 1601  -0.013067610198822  -0.001275922295162
 1602  -0.014731938011322  -0.001343378821719
 1603  -0.016608100198822  -0.001313616970616
 1604  -0.018236102386322  -0.001244242280956
 1605  -0.019246095198822  -0.001192572413640
 1606  -0.019954320198822  -0.001080282859625
 1607  -0.020431743011322  -0.000887003208671
 1608  -0.020462981761322  -0.000698174928054
 1609  -0.020271453948822  -0.000539417435627
 1610  -0.019722403323822  -0.000426845215158
 1611  -0.019226981761322  -0.000379315265170
 1612  -0.018444349573822  -0.000393665325282
 1613  -0.017131236761322  -0.000434930065478
 1614  -0.015686932073822  -0.000557711830112
 1615  -0.014205768011322  -0.000721158251173
 1616  -0.012768454573822  -0.000921271203716
 1617  -0.011405088636322  -0.001087251461196
 1618  -0.010002308011322  -0.001232369995938
 1619  -0.009494408323822  -0.001378945211530
 1620  -0.009985447386322  -0.001470561862358
 1621  -0.010684921761322  -0.001569391869592
 1622  -0.011412203323822  -0.001646692378571
 1623  -0.012689858011322  -0.001712731619945
 1624  -0.014611750198822  -0.001759567678981
 1625  -0.015943983011322  -0.001832471881047
 1626  -0.017924267386322  -0.001830882136701
 1627  -0.020257062698822  -0.001812801558558
 1628  -0.022934845198822  -0.001754054812324
 1629  -0.025718164261322  -0.001654579487405
 1630  -0.028922748011322  -0.001527750549543
 1631  -0.031774050511322  -0.001353287036188
 1632  -0.034228169886322  -0.001171931746009
 1633  -0.036358093636322  -0.000959075783577
 1634  -0.037352358011322  -0.000793380350272
 1635  -0.037828217386322  -0.000706054552846
 1636  -0.037273190198822  -0.000707123426568
 1637  -0.035828631448822  -0.000783289884689
 1638  -0.033316408323822  -0.000953758321052
 1639  -0.029810420198822  -0.001251088870208
 1640  -0.025968651761322  -0.001625808758595
 1641  -0.021833628636322  -0.002061475894166
 1642  -0.017688017386322  -0.002599487659155
 1643  -0.013488305511322  -0.003129253539005
 1644  -0.009026745511322  -0.003722151387166
 1645  -0.004800509886322  -0.004288941850352
 1646  -0.000843108636322  -0.004820029499733
 1647   0.002316873551178  -0.005292322175857
 1648   0.005167260738678  -0.005677261786377
 1649   0.007583476676178  -0.005968928241223
 1650   0.009258674176178  -0.006067072817850
 1651   0.009157999801178  -0.005923324249438
 1652   0.008197146676178  -0.005545978000145
 1653   0.006305424488678  -0.005025567497755
 1654   0.003304016676178  -0.004382258442261
 1655  -0.000010654261322  -0.003705047761650
 1656  -0.003255346448822  -0.003030751967052
 1657  -0.006733755823822  -0.002358212424580
 1658  -0.009478683323822  -0.001829710604199
 1659  -0.011630989573822  -0.001481120478857
 1660  -0.012857368636322  -0.001303200932418
 1661  -0.013096013636322  -0.001200480827416
 1662  -0.012864667386322  -0.001131012458639
 1663  -0.012080713948822  -0.001063594937233
 1664  -0.011294072073822  -0.000995227984972
 1665  -0.010565653323822  -0.000896769518636
 1666  -0.009562508323822  -0.000789013374658
 1667  -0.008602460511322  -0.000640471466580
 1668  -0.006917404886322  -0.000504195375984
 1669  -0.005515478011322  -0.000354631863777
 1670  -0.004649786136322  -0.000162055261829
 1671  -0.004096754886322  -0.000074024719148
 1672  -0.003753223011322  -0.000080330705022
 1673  -0.003862225198822  -0.000142544387554
 1674  -0.004264667073822  -0.000298418224440
 1675  -0.004843118011322  -0.000533071776219
 1676  -0.005780339886322  -0.000767651883891
 1677  -0.007739953323822  -0.001015850049148
 1678  -0.009828693948822  -0.001186996055722
 1679  -0.012052473011322  -0.001323445835502
 1680  -0.014784855823822  -0.001387271796939
 1681  -0.017530575198822  -0.001435622824469
 1682  -0.020417352386322  -0.001423810928645
 1683  -0.022530787698822  -0.001372036555686
 1684  -0.024892070511322  -0.001246038950326
 1685  -0.026997804261322  -0.001041589409392
 1686  -0.028232935198822  -0.000785401364644
 1687  -0.028664602073822  -0.000530916281260
 1688  -0.028174233636322  -0.000286580175391
 1689  -0.026628536136322  -0.000092074654771
 1690  -0.024381531448822   0.000099677621025
 1691  -0.021322234261322   0.000254543057813
 1692  -0.017182217386322   0.000333339478377
 1693  -0.012454143636322   0.000346074199599
 1694  -0.007683198948822   0.000306090335687
 1695  -0.002751791761322   0.000185097958880
 1696   0.001987848551178  -0.000018620734936
 1697   0.007060548863678  -0.000339215846218
 1698   0.011758207926178  -0.000685659208745
 1699   0.015794996676178  -0.001045189447493
 1700   0.019582485426178  -0.001300873947983
 1701   0.022984316051178  -0.001470120658975
 1702   0.026037728863678  -0.001644852694932
 1703   0.027731314801178  -0.001807230253454
 1704   0.028422170426178  -0.001863964187959
 1705   0.027776723551178  -0.001834547915051
 1706   0.025982628863678  -0.001757921703745
 1707   0.022786958238678  -0.001453112527761
 1708   0.018506943863678  -0.001095529783845
 1709   0.013580634176178  -0.000706514719544
 1710   0.008003189176178  -0.000244857731707
 1711   0.002051093863678   0.000235744924161
 1712  -0.003841490823822   0.000726074397675
 1713  -0.008823869261322   0.001152323669628
 1714  -0.013563123948822   0.001542197289102
 1715  -0.017150819886322   0.001833570346981
 1716  -0.019855287386322   0.002041728065518
 1717  -0.021817414261322   0.002145706968175
 1718  -0.022541248323822   0.002121985202547
 1719  -0.022128537386322   0.001984844266811
 1720  -0.020827982073822   0.001717392826614
 1721  -0.018505867073822   0.001351326129894
 1722  -0.015196875823822   0.000911762847025
 1723  -0.010730875511322   0.000376298662026
 1724  -0.005713555511322  -0.000262579607586
 1725  -0.000303562386322  -0.000934352778381
 1726   0.004427244801178  -0.001541845704462
 1727   0.008810872301178  -0.002102478077996
 1728   0.012677807926178  -0.002595630478561
 1729   0.016302975738678  -0.003083161231391
 1730   0.019204322301178  -0.003469342042516
 1731   0.021776291676178  -0.003746853270248
 1732   0.023297061363678  -0.003787787165599
 1733   0.024200032613678  -0.003637247116574
 1734   0.024967006363678  -0.003427460822373
 1735   0.025029303238678  -0.003087830888486
 1736   0.024303588551178  -0.002698627384169
 1737   0.023091589488678  -0.002305613145441
 1738   0.021637705738678  -0.001887873305900
 1739   0.020350296988678  -0.001525818336513
 1740   0.019469347301178  -0.001209589656330
 1741   0.018604981051178  -0.000914423303604
 1742   0.017923935738678  -0.000715328231264
 1743   0.017424737613678  -0.000591669122735
 1744   0.016991248551178  -0.000545013541166
 1745   0.016995788238678  -0.000587845025184
 1746   0.016604861988678  -0.000683546437628
 1747   0.015900181676178  -0.000746945627930
 1748   0.015193503863678  -0.000828671635073
 1749   0.014381198863678  -0.000932888221284
 1750   0.013311181988678  -0.000989345323216
 1751   0.012211680426178  -0.001042392331708
 1752   0.011040184801178  -0.001079369996937
 1753   0.009741871363678  -0.001058958013789
 1754   0.008074385113678  -0.000995189078311
 1755   0.006294244176178  -0.000867855965646
 1756   0.004857852926178  -0.000700907215496
 1757   0.003639182613678  -0.000525227624544
 1758   0.002171458863678  -0.000327606341601
 1759   0.000759425738678  -0.000161041485603
 1760  -0.000904004573822   0.000003324613890
 1761  -0.002634683948822   0.000149231252018
 1762  -0.003717835823822   0.000258514678353
 1763  -0.004268514573822   0.000296470906317
 1764  -0.004906635511322   0.000323613407403
 1765  -0.005263713948822   0.000364593360820
 1766  -0.004938244886322   0.000432176643912
 1767  -0.004284137698822   0.000466375504892
 1768  -0.003117548323822   0.000470285313037
 1769  -0.001259276761322   0.000500362771104
 1770   0.001364643551178   0.000543148756000
 1771   0.004678962613678   0.000554669763559
 1772   0.008231801676178   0.000580984539828
 1773   0.012582254176178   0.000560482453463
 1774   0.017266244176178   0.000487738477573
 1775   0.022345432301178   0.000439885548623
 1776   0.028046021988678   0.000361588950196
 1777   0.033996645113678   0.000212719048879
 1778   0.039480762613678   0.000065867886025
 1779   0.045151509488678  -0.000111469042931
 1780   0.050008789176178  -0.000300711822776
 1781   0.054309151363678  -0.000482636770513
 1782   0.057394630113678  -0.000628947773543
 1783   0.059503247301178  -0.000792636792844
 1784   0.060147840426178  -0.000998678891817
 1785   0.059935506051178  -0.001145255224840
 1786   0.058276138238678  -0.001221653290740
 1787   0.054938959488678  -0.001166968617197
 1788   0.050423909801178  -0.001035753925643
 1789   0.044284965738678  -0.000842466053654
 1790   0.037601804176178  -0.000558356501649
 1791   0.030749152301178  -0.000136690673077
 1792   0.023968130113678   0.000264576244709
 1793   0.017455409176178   0.000626875904622
 1794   0.011491637613678   0.000933353240046
 1795   0.005505390426178   0.001159367298864
 1796   0.000975698551178   0.001282075895142
 1797  -0.002969201448822   0.001273574719958
 1798  -0.005807274573822   0.001231023132229
 1799  -0.007843284886322   0.001125256229490
 1800  -0.009225270198822   0.001021725341119
 1801  -0.010082957698822   0.000897164848288
 1802  -0.010235877698822   0.000763811868581
 1803  -0.009833280198822   0.000657373938390
 1804  -0.009226808323822   0.000519431833650
 1805  -0.008673693323822   0.000392487750903
 1806  -0.008037341761322   0.000274565501205
 1807  -0.007362451448822   0.000164649608560
 1808  -0.007141905511322  -0.000002523086185
 1809  -0.007148733323822  -0.000206019180941
 1810  -0.007540612698822  -0.000440395792131
 1811  -0.008249814261322  -0.000643628711320
 1812  -0.009027897386322  -0.000807388565505
 1813  -0.010076032386322  -0.000892617088771
 1814  -0.011653859886322  -0.000892924723855
 1815  -0.014145470823822  -0.000765821661751
 1816  -0.016853956448822  -0.000585923843917
 1817  -0.019205025823822  -0.000365955543845
 1818  -0.021228937073822  -0.000178028853730
 1819  -0.023392130511322   0.000020609426697
 1820  -0.025568249886322   0.000229232156503
 1821  -0.027401738636322   0.000433980736448
 1822  -0.028810745198822   0.000576798956967
 1823  -0.030169598011322   0.000637825264049
 1824  -0.031003883948822   0.000628609024922
 1825  -0.031257386448822   0.000543316790001
 1826  -0.030402924573822   0.000352024060550
 1827  -0.028805296448822   0.000054865132314
 1828  -0.026287264573822  -0.000338251282423
 1829  -0.022904552698822  -0.000756570626019
 1830  -0.018750292386322  -0.001229580733416
 1831  -0.013775503011322  -0.001769691557581
 1832  -0.008191028323822  -0.002321673503584
 1833  -0.002515870511322  -0.002788625255722
 1834   0.003002136988678  -0.003177928002757
 1835   0.007818935738678  -0.003406242657637
 1836   0.012086210426178  -0.003506126744791
 1837   0.016163748238678  -0.003533443965290
 1838   0.020105729176178  -0.003478080559342
 1839   0.023445068863678  -0.003296348708169
 1840   0.025478661051178  -0.002982424416012
 1841   0.026973676676178  -0.002598773340868
 1842   0.027386535738678  -0.002132580333660
 1843   0.027237544176178  -0.001616285501106
 1844   0.026348878238678  -0.001114280961411
 1845   0.025577762926178  -0.000750352616162
 1846   0.024139463863678  -0.000408362686772
 1847   0.022529127613678  -0.000094428079447
 1848   0.020415030738678   0.000056189369861
 1849   0.018184009176178   0.000097204722230
 1850   0.015820681676178  -0.000111645544314
 1851   0.013665162613678  -0.000441094892096
 1852   0.011492013551178  -0.000902069718987
 1853   0.009282380738678  -0.001443436708076
 1854   0.007431306051178  -0.001976118506793
 1855   0.005706461363678  -0.002466274624461
 1856   0.004052053551178  -0.002885292950686
 1857   0.002989681988678  -0.003253115704600
 1858   0.001688833551178  -0.003476501884013
 1859   0.001152724488678  -0.003609168860320
 1860   0.001312818238678  -0.003676440227075
 1861   0.001499621051178  -0.003633655329183
 1862   0.002066496676178  -0.003523310607759
 1863   0.003204841363678  -0.003359855063408
 1864   0.004892712613678  -0.003192983267408
 1865   0.007218256988678  -0.003030430815209
 1866   0.009754948238678  -0.002885851877117
 1867   0.011781883551178  -0.002684785051996
 1868   0.013130529176178  -0.002368923059382
 1869   0.014013329488678  -0.001931761635007
 1870   0.014416345738678  -0.001470234119409
 1871   0.013956054176178  -0.001053008381214
 1872   0.013390449176178  -0.000692582460227
 1873   0.011288792613678  -0.000452174330791
 1874   0.008873864488678  -0.000287404962582
 1875   0.006458269176178  -0.000230477697163
 1876   0.004079795738678  -0.000249264615591
 1877   0.000971666676178  -0.000279329590147
 1878  -0.002151004886322  -0.000328941192357
 1879  -0.005623640511322  -0.000416404814713
 1880  -0.008882433323822  -0.000510873896653
 1881  -0.012581076136322  -0.000569948982589
 1882  -0.016018863011322  -0.000651486143751
 1883  -0.019392409261322  -0.000674685175085
 1884  -0.022589150198822  -0.000727782206946
 1885  -0.024871177073822  -0.000808140514972
 1886  -0.027109505511322  -0.000889118188015
 1887  -0.029455241761322  -0.000908456506763
 1888  -0.031558414886322  -0.000880511637158
 1889  -0.033006362073822  -0.000818587467119
 1890  -0.033854034261322  -0.000742022309870
 1891  -0.034553628636322  -0.000621522813806
 1892  -0.034162388323822  -0.000527257044752
 1893  -0.032736703011322  -0.000465177885276
 1894  -0.030302454573822  -0.000424217275197
 1895  -0.026782167698822  -0.000465756936054
 1896  -0.022319570823822  -0.000642913726579
 1897  -0.017376162386322  -0.000868772778642
 1898  -0.012429342073822  -0.001085664537615
 1899  -0.007110522386322  -0.001394201789727
 1900  -0.002383829573822  -0.001722025319440
 1901   0.002193823863678  -0.002037161785911
 1902   0.006523596363678  -0.002349063221626
 1903   0.010633679488678  -0.002665123074513
 1904   0.013956897613678  -0.002844172930045
 1905   0.015643581051178  -0.002816111289608
 1906   0.016536985738678  -0.002677831542329
 1907   0.016925615113678  -0.002484944261261
 1908   0.016261211676178  -0.002179984834599
 1909   0.014532996051178  -0.001818235814218
 1910   0.012476643238678  -0.001487573986110
 1911   0.009808129801178  -0.001233045592422
 1912   0.007415903238678  -0.001055937753303
 1913   0.005330202613678  -0.000860709032767
 1914   0.003827331363678  -0.000698784793181
 1915   0.003032840113678  -0.000651344396958
 1916   0.002753120738678  -0.000686770179145
 1917   0.002315125738678  -0.000789030380494
 1918   0.002020060113678  -0.000985231366960
 1919   0.001445453863678  -0.001223747537208
 1920   0.000434987301178  -0.001460553687529
 1921  -0.001185753323822  -0.001755104234405
 1922  -0.003376034886322  -0.002029242466890
 1923  -0.006093236761322  -0.002297232988890
 1924  -0.009090436448822  -0.002572328330174
 1925  -0.011770058636322  -0.002839158222464
 1926  -0.014722656448822  -0.003008610999444
 1927  -0.017602490198822  -0.003124218758849
 1928  -0.020898883011322  -0.003135693633958
 1929  -0.024025095823822  -0.003020846634636
 1930  -0.027215791761322  -0.002849137182163
 1931  -0.030064102698822  -0.002555546822118
 1932  -0.032209138011322  -0.002187637098140
 1933  -0.033732353636322  -0.001775422737696
 1934  -0.034429109886322  -0.001331934779404
 1935  -0.034297485198822  -0.000939295529593
 1936  -0.033411558011322  -0.000600108138958
 1937  -0.031789019261322  -0.000349946313839
 1938  -0.029543573011322  -0.000205562226648
 1939  -0.026110942073822  -0.000159323826189
 1940  -0.021484775198822  -0.000248837816724
 1941  -0.016090243011322  -0.000387799619029
 1942  -0.009476047698822  -0.000685844127498
 1943  -0.002678248636322  -0.001076138102768
 1944   0.004124264801178  -0.001528657129952
 1945   0.010883004176178  -0.002021477701139
 1946   0.017325070738678  -0.002508714477350
 1947   0.022990823238678  -0.003009737694364
 1948   0.027077596988678  -0.003418450998522
 1949   0.030340218551178  -0.003716963922522
 1950   0.033221720738678  -0.003944773893578
 1951   0.034746819801178  -0.004094622891686
 1952   0.035609084801178  -0.004151431121212
 1953   0.035605341363678  -0.004184808239676
 1954   0.034624146051178  -0.004111033212636
 1955   0.032828547613678  -0.003904619868061
 1956   0.030497692926178  -0.003632839546120
 1957   0.028199694801178  -0.003281184553616
 1958   0.024726232926178  -0.002868893815677
 1959   0.020326131676178  -0.002365992436484
 1960   0.015516669176178  -0.001836075205669
 1961   0.011023704176178  -0.001269549167542
 1962   0.006593504488678  -0.000727671373746
 1963   0.002782655113678  -0.000218598982402
 1964  -0.000349701136322   0.000194003750528
 1965  -0.002776176448822   0.000519508792216
 1966  -0.004691693948822   0.000787973602267
 1967  -0.005584073323822   0.000979208962149
 1968  -0.005785817386322   0.001072700513173
 1969  -0.005353795198822   0.001061572968693
 1970  -0.004304642698822   0.000931463376338
 1971  -0.002940128636322   0.000702659129886
 1972  -0.000975826761322   0.000485832636643
 1973   0.001541801363678   0.000238773056125
 1974   0.004097091988678  -0.000028630823631
 1975   0.006447505426178  -0.000229950399038
 1976   0.008443767301178  -0.000335414137928
 1977   0.010844301676178  -0.000503259747326
 1978   0.012522391676178  -0.000606665768699
 1979   0.014578763551178  -0.000724780838346
 1980   0.016839675113678  -0.000923721299041
 1981   0.018318380426178  -0.001138778274940
 1982   0.019601201363678  -0.001301495961809
 1983   0.020223647301178  -0.001444685925006
 1984   0.020253656988678  -0.001553086285251
 1985   0.019128389488678  -0.001596175207788
 1986   0.017249191363678  -0.001603107211035
 1987   0.014471878238678  -0.001495735584452
 1988   0.011483714176178  -0.001325752472380
 1989   0.007637082613678  -0.001097879751770
 1990   0.003852499801178  -0.000836729705255
 1991  -0.000024122073822  -0.000510821388612
 1992  -0.002957141136322  -0.000146841933579
 1993  -0.005621863636322   0.000232073159925
 1994  -0.008048635511322   0.000552515555497
 1995  -0.010306900198822   0.000828703611483
 1996  -0.012598958948822   0.001045743700789
 1997  -0.014615200823822   0.001149708003820
 1998  -0.016424191448822   0.001159630055429
 1999  -0.017790102386322   0.001050643502129
 2000  -0.018052869886322   0.000780197814017
