
Reading input/vasprun-1.xml input/vasprun-2.xml
==============================================
 first configuration data from input/vasprun-1.xml
 ----------------------------------------------
 32 atoms (total)
 Box edge (row) vectors
  6.83990379   0.00000000   0.00000000 
  0.00000000   6.83990379   0.00000000 
  0.00000000   0.00000000   6.83990379 

 atom       xyz (direct) coordinates (A)                   xyz forces (eV/A)
   1    0.00000000   0.00000000   0.00000000      0.00000098   0.00000047  -0.00000207
   2    0.50000000   0.00000000   0.00000000     -0.00000114  -0.00000068  -0.00000010
   3    0.00000000   0.50000000   0.00000000      0.00000092  -0.00000001   0.00000009
   4    0.50000000   0.50000000   0.00000000     -0.00000075   0.00000133   0.00000002
   5    0.00000000   0.00000000   0.50000000      0.00000156  -0.00000124   0.00000148
   6    0.50000000   0.00000000   0.50000000     -0.00000228  -0.00000113   0.00000060
   7    0.00000000   0.50000000   0.50000000      0.00000058   0.00000088  -0.00000025
   8    0.50000000   0.50000000   0.50000000     -0.00000022   0.00000147   0.00000020
   9    0.25000000   0.25000000   0.00000000      0.00000626   0.00000445   0.00000093
  10    0.75000000   0.25000000   0.00000000     -0.00000698   0.00000368  -0.00000093
  11    0.25000000   0.75000000   0.00000000      0.00000876  -0.00000401  -0.00000012
  12    0.75000000   0.75000000   0.00000000     -0.00000828  -0.00000414  -0.00000230
  13    0.25000000   0.25000000   0.50000000      0.00000749   0.00000298  -0.00000160
  14    0.75000000   0.25000000   0.50000000     -0.00000890   0.00000465   0.00000053
  15    0.25000000   0.75000000   0.50000000      0.00000879  -0.00000420   0.00000048
  16    0.75000000   0.75000000   0.50000000     -0.00000810  -0.00000479   0.00000260
  17    0.00000000   0.25000000   0.25000000      0.00000300   0.00000494   0.00000561
  18    0.50000000   0.25000000   0.25000000     -0.00000351   0.00000432   0.00000600
  19    0.00000000   0.75000000   0.25000000      0.00000149  -0.00000550   0.00000703
  20    0.50000000   0.75000000   0.25000000     -0.00000171  -0.00000398   0.00000669
  21    0.00000000   0.25000000   0.75000000      0.00000072   0.00000397  -0.00000567
  22    0.50000000   0.25000000   0.75000000     -0.00000041   0.00000300  -0.00000674
  23    0.00000000   0.75000000   0.75000000     -0.00000135  -0.00000323  -0.00000732
  24    0.50000000   0.75000000   0.75000000      0.00000067  -0.00000412  -0.00000650
  25    0.25000000   0.00000000   0.25000000      0.00000892   0.00000095   0.00000758
  26    0.75000000   0.00000000   0.25000000     -0.00000866  -0.00000109   0.00000571
  27    0.25000000   0.50000000   0.25000000      0.00000780  -0.00000037   0.00000582
  28    0.75000000   0.50000000   0.25000000     -0.00000778   0.00000087   0.00000677
  29    0.25000000   0.00000000   0.75000000      0.00000777  -0.00000093  -0.00000665
  30    0.75000000   0.00000000   0.75000000     -0.00000764  -0.00000253  -0.00000547
  31    0.25000000   0.50000000   0.75000000      0.00000795   0.00000070  -0.00000629
  32    0.75000000   0.50000000   0.75000000     -0.00000705   0.00000248  -0.00000653

  Reading input/vasprun-1.xml  ( 1 out of 2 )
  Reading input/vasprun-2.xml  ( 2 out of 2 )

Simulation data
===============
 Ground-state DFT calculations (E0) using ISMEAR=1
 Set temperature       (K): 1000.00000
 Volume         (A^3/atom):   10.00000
 MD timestep          (fs):    2.00000
 Lattice energy  (eV/atom):   -2.21324
 Harmonic energy (eV/atom):    0.12522
 Lattice pressure    (GPa):  114.44281
 Harmonic pressure   (GPa):    4.94525

 Found 11036  total MD steps
 Using 10000  user-set MD steps

 Computing instantaneous properties ...

Block averaging statistics
==========================
 9000 production steps (after 1000 equilibration steps)
 100 blocks (blocksize = 90  steps)

 Computing statistics ...

 e_ah_conv (meV/atom):    2.10911 +/- 1.1e+00    cor: 0.35
 e_ah_hma  (meV/atom):    0.42650 +/- 4.3e-02    cor: 0.11
 p_ah_conv      (GPa):    0.01371 +/- 3.1e-02    cor: 0.36
 p_ah_hma       (GPa):   -0.03419 +/- 4.1e-03    cor: 0.26
